{"/home/user/Roadmap-master/Public/ChatInterface.js": {"path":"/home/user/Roadmap-master/Public/ChatInterface.js","statementMap":{"0":{"start":{"line":23,"column":4},"end":{"line":23,"column":31}},"1":{"start":{"line":24,"column":4},"end":{"line":24,"column":41}},"2":{"start":{"line":25,"column":4},"end":{"line":25,"column":22}},"3":{"start":{"line":33,"column":4},"end":{"line":36,"column":5}},"4":{"start":{"line":34,"column":6},"end":{"line":34,"column":48}},"5":{"start":{"line":35,"column":6},"end":{"line":35,"column":13}},"6":{"start":{"line":38,"column":26},"end":{"line":38,"column":55}},"7":{"start":{"line":39,"column":4},"end":{"line":39,"column":47}},"8":{"start":{"line":40,"column":4},"end":{"line":47,"column":6}},"9":{"start":{"line":48,"column":4},"end":{"line":48,"column":46}},"10":{"start":{"line":51,"column":4},"end":{"line":51,"column":33}},"11":{"start":{"line":59,"column":21},"end":{"line":59,"column":57}},"12":{"start":{"line":60,"column":4},"end":{"line":65,"column":5}},"13":{"start":{"line":61,"column":6},"end":{"line":64,"column":9}},"14":{"start":{"line":62,"column":8},"end":{"line":62,"column":27}},"15":{"start":{"line":63,"column":8},"end":{"line":63,"column":27}},"16":{"start":{"line":74,"column":18},"end":{"line":74,"column":75}},"17":{"start":{"line":75,"column":20},"end":{"line":75,"column":84}},"18":{"start":{"line":77,"column":4},"end":{"line":77,"column":35}},"19":{"start":{"line":77,"column":28},"end":{"line":77,"column":35}},"20":{"start":{"line":79,"column":21},"end":{"line":79,"column":39}},"21":{"start":{"line":80,"column":4},"end":{"line":80,"column":26}},"22":{"start":{"line":80,"column":19},"end":{"line":80,"column":26}},"23":{"start":{"line":83,"column":4},"end":{"line":83,"column":26}},"24":{"start":{"line":84,"column":4},"end":{"line":84,"column":28}},"25":{"start":{"line":87,"column":4},"end":{"line":87,"column":47}},"26":{"start":{"line":90,"column":22},"end":{"line":90,"column":45}},"27":{"start":{"line":91,"column":4},"end":{"line":91,"column":83}},"28":{"start":{"line":93,"column":4},"end":{"line":164,"column":5}},"29":{"start":{"line":95,"column":23},"end":{"line":102,"column":8}},"30":{"start":{"line":104,"column":6},"end":{"line":120,"column":7}},"31":{"start":{"line":106,"column":27},"end":{"line":106,"column":61}},"32":{"start":{"line":107,"column":8},"end":{"line":118,"column":9}},"33":{"start":{"line":108,"column":30},"end":{"line":108,"column":66}},"34":{"start":{"line":109,"column":10},"end":{"line":115,"column":11}},"35":{"start":{"line":110,"column":24},"end":{"line":110,"column":45}},"36":{"start":{"line":111,"column":12},"end":{"line":111,"column":53}},"37":{"start":{"line":113,"column":25},"end":{"line":113,"column":46}},"38":{"start":{"line":114,"column":12},"end":{"line":114,"column":66}},"39":{"start":{"line":117,"column":10},"end":{"line":117,"column":71}},"40":{"start":{"line":119,"column":8},"end":{"line":119,"column":38}},"41":{"start":{"line":122,"column":19},"end":{"line":122,"column":40}},"42":{"start":{"line":125,"column":24},"end":{"line":125,"column":58}},"43":{"start":{"line":126,"column":6},"end":{"line":130,"column":7}},"44":{"start":{"line":127,"column":8},"end":{"line":127,"column":62}},"45":{"start":{"line":129,"column":8},"end":{"line":129,"column":53}},"46":{"start":{"line":133,"column":6},"end":{"line":135,"column":7}},"47":{"start":{"line":134,"column":8},"end":{"line":134,"column":25}},"48":{"start":{"line":138,"column":6},"end":{"line":138,"column":53}},"49":{"start":{"line":140,"column":24},"end":{"line":140,"column":58}},"50":{"start":{"line":141,"column":24},"end":{"line":141,"column":54}},"51":{"start":{"line":142,"column":6},"end":{"line":142,"column":40}},"52":{"start":{"line":143,"column":6},"end":{"line":143,"column":56}},"53":{"start":{"line":144,"column":6},"end":{"line":154,"column":7}},"54":{"start":{"line":145,"column":8},"end":{"line":145,"column":33}},"55":{"start":{"line":146,"column":8},"end":{"line":146,"column":41}},"56":{"start":{"line":149,"column":25},"end":{"line":149,"column":54}},"57":{"start":{"line":150,"column":8},"end":{"line":150,"column":61}},"58":{"start":{"line":151,"column":8},"end":{"line":151,"column":40}},"59":{"start":{"line":152,"column":24},"end":{"line":152,"column":63}},"60":{"start":{"line":153,"column":8},"end":{"line":153,"column":51}},"61":{"start":{"line":153,"column":21},"end":{"line":153,"column":51}},"62":{"start":{"line":157,"column":6},"end":{"line":160,"column":7}},"63":{"start":{"line":158,"column":8},"end":{"line":158,"column":31}},"64":{"start":{"line":159,"column":8},"end":{"line":159,"column":22}},"65":{"start":{"line":161,"column":6},"end":{"line":163,"column":7}},"66":{"start":{"line":162,"column":8},"end":{"line":162,"column":33}},"67":{"start":{"line":176,"column":20},"end":{"line":176,"column":59}},"68":{"start":{"line":177,"column":4},"end":{"line":177,"column":25}},"69":{"start":{"line":177,"column":18},"end":{"line":177,"column":25}},"70":{"start":{"line":179,"column":16},"end":{"line":179,"column":45}},"71":{"start":{"line":180,"column":4},"end":{"line":180,"column":56}},"72":{"start":{"line":181,"column":4},"end":{"line":183,"column":5}},"73":{"start":{"line":182,"column":6},"end":{"line":182,"column":18}},"74":{"start":{"line":186,"column":4},"end":{"line":196,"column":5}},"75":{"start":{"line":188,"column":6},"end":{"line":188,"column":50}},"76":{"start":{"line":189,"column":11},"end":{"line":196,"column":5}},"77":{"start":{"line":191,"column":6},"end":{"line":191,"column":32}},"78":{"start":{"line":194,"column":6},"end":{"line":194,"column":83}},"79":{"start":{"line":195,"column":6},"end":{"line":195,"column":32}},"80":{"start":{"line":198,"column":4},"end":{"line":198,"column":29}},"81":{"start":{"line":200,"column":4},"end":{"line":200,"column":45}}},"fnMap":{"0":{"name":"(anonymous_0)","decl":{"start":{"line":22,"column":2},"end":{"line":22,"column":3}},"loc":{"start":{"line":22,"column":41},"end":{"line":26,"column":3}},"line":22},"1":{"name":"(anonymous_1)","decl":{"start":{"line":32,"column":2},"end":{"line":32,"column":3}},"loc":{"start":{"line":32,"column":11},"end":{"line":52,"column":3}},"line":32},"2":{"name":"(anonymous_2)","decl":{"start":{"line":58,"column":2},"end":{"line":58,"column":3}},"loc":{"start":{"line":58,"column":26},"end":{"line":66,"column":3}},"line":58},"3":{"name":"(anonymous_3)","decl":{"start":{"line":61,"column":42},"end":{"line":61,"column":43}},"loc":{"start":{"line":61,"column":49},"end":{"line":64,"column":7}},"line":61},"4":{"name":"(anonymous_4)","decl":{"start":{"line":73,"column":2},"end":{"line":73,"column":3}},"loc":{"start":{"line":73,"column":22},"end":{"line":165,"column":3}},"line":73},"5":{"name":"(anonymous_5)","decl":{"start":{"line":175,"column":2},"end":{"line":175,"column":3}},"loc":{"start":{"line":175,"column":48},"end":{"line":201,"column":3}},"line":175}},"branchMap":{"0":{"loc":{"start":{"line":33,"column":4},"end":{"line":36,"column":5}},"type":"if","locations":[{"start":{"line":33,"column":4},"end":{"line":36,"column":5}},{"start":{},"end":{}}],"line":33},"1":{"loc":{"start":{"line":60,"column":4},"end":{"line":65,"column":5}},"type":"if","locations":[{"start":{"line":60,"column":4},"end":{"line":65,"column":5}},{"start":{},"end":{}}],"line":60},"2":{"loc":{"start":{"line":77,"column":4},"end":{"line":77,"column":35}},"type":"if","locations":[{"start":{"line":77,"column":4},"end":{"line":77,"column":35}},{"start":{},"end":{}}],"line":77},"3":{"loc":{"start":{"line":77,"column":8},"end":{"line":77,"column":26}},"type":"binary-expr","locations":[{"start":{"line":77,"column":8},"end":{"line":77,"column":14}},{"start":{"line":77,"column":18},"end":{"line":77,"column":26}}],"line":77},"4":{"loc":{"start":{"line":80,"column":4},"end":{"line":80,"column":26}},"type":"if","locations":[{"start":{"line":80,"column":4},"end":{"line":80,"column":26}},{"start":{},"end":{}}],"line":80},"5":{"loc":{"start":{"line":104,"column":6},"end":{"line":120,"column":7}},"type":"if","locations":[{"start":{"line":104,"column":6},"end":{"line":120,"column":7}},{"start":{},"end":{}}],"line":104},"6":{"loc":{"start":{"line":109,"column":10},"end":{"line":115,"column":11}},"type":"if","locations":[{"start":{"line":109,"column":10},"end":{"line":115,"column":11}},{"start":{"line":112,"column":17},"end":{"line":115,"column":11}}],"line":109},"7":{"loc":{"start":{"line":109,"column":14},"end":{"line":109,"column":69}},"type":"binary-expr","locations":[{"start":{"line":109,"column":14},"end":{"line":109,"column":25}},{"start":{"line":109,"column":29},"end":{"line":109,"column":69}}],"line":109},"8":{"loc":{"start":{"line":111,"column":27},"end":{"line":111,"column":52}},"type":"binary-expr","locations":[{"start":{"line":111,"column":27},"end":{"line":111,"column":36}},{"start":{"line":111,"column":40},"end":{"line":111,"column":52}}],"line":111},"9":{"loc":{"start":{"line":114,"column":27},"end":{"line":114,"column":65}},"type":"binary-expr","locations":[{"start":{"line":114,"column":27},"end":{"line":114,"column":49}},{"start":{"line":114,"column":53},"end":{"line":114,"column":65}}],"line":114},"10":{"loc":{"start":{"line":126,"column":6},"end":{"line":130,"column":7}},"type":"if","locations":[{"start":{"line":126,"column":6},"end":{"line":130,"column":7}},{"start":{"line":128,"column":13},"end":{"line":130,"column":7}}],"line":126},"11":{"loc":{"start":{"line":133,"column":6},"end":{"line":135,"column":7}},"type":"if","locations":[{"start":{"line":133,"column":6},"end":{"line":135,"column":7}},{"start":{},"end":{}}],"line":133},"12":{"loc":{"start":{"line":144,"column":6},"end":{"line":154,"column":7}},"type":"if","locations":[{"start":{"line":144,"column":6},"end":{"line":154,"column":7}},{"start":{"line":147,"column":13},"end":{"line":154,"column":7}}],"line":144},"13":{"loc":{"start":{"line":153,"column":8},"end":{"line":153,"column":51}},"type":"if","locations":[{"start":{"line":153,"column":8},"end":{"line":153,"column":51}},{"start":{},"end":{}}],"line":153},"14":{"loc":{"start":{"line":157,"column":6},"end":{"line":160,"column":7}},"type":"if","locations":[{"start":{"line":157,"column":6},"end":{"line":160,"column":7}},{"start":{},"end":{}}],"line":157},"15":{"loc":{"start":{"line":161,"column":6},"end":{"line":163,"column":7}},"type":"if","locations":[{"start":{"line":161,"column":6},"end":{"line":163,"column":7}},{"start":{},"end":{}}],"line":161},"16":{"loc":{"start":{"line":175,"column":37},"end":{"line":175,"column":46}},"type":"default-arg","locations":[{"start":{"line":175,"column":42},"end":{"line":175,"column":46}}],"line":175},"17":{"loc":{"start":{"line":177,"column":4},"end":{"line":177,"column":25}},"type":"if","locations":[{"start":{"line":177,"column":4},"end":{"line":177,"column":25}},{"start":{},"end":{}}],"line":177},"18":{"loc":{"start":{"line":181,"column":4},"end":{"line":183,"column":5}},"type":"if","locations":[{"start":{"line":181,"column":4},"end":{"line":183,"column":5}},{"start":{},"end":{}}],"line":181},"19":{"loc":{"start":{"line":186,"column":4},"end":{"line":196,"column":5}},"type":"if","locations":[{"start":{"line":186,"column":4},"end":{"line":196,"column":5}},{"start":{"line":189,"column":11},"end":{"line":196,"column":5}}],"line":186},"20":{"loc":{"start":{"line":186,"column":8},"end":{"line":186,"column":44}},"type":"binary-expr","locations":[{"start":{"line":186,"column":8},"end":{"line":186,"column":22}},{"start":{"line":186,"column":26},"end":{"line":186,"column":44}}],"line":186},"21":{"loc":{"start":{"line":189,"column":11},"end":{"line":196,"column":5}},"type":"if","locations":[{"start":{"line":189,"column":11},"end":{"line":196,"column":5}},{"start":{"line":192,"column":11},"end":{"line":196,"column":5}}],"line":189}},"s":{"0":0,"1":0,"2":0,"3":0,"4":0,"5":0,"6":0,"7":0,"8":0,"9":0,"10":0,"11":0,"12":0,"13":0,"14":0,"15":0,"16":0,"17":0,"18":0,"19":0,"20":0,"21":0,"22":0,"23":0,"24":0,"25":0,"26":0,"27":0,"28":0,"29":0,"30":0,"31":0,"32":0,"33":0,"34":0,"35":0,"36":0,"37":0,"38":0,"39":0,"40":0,"41":0,"42":0,"43":0,"44":0,"45":0,"46":0,"47":0,"48":0,"49":0,"50":0,"51":0,"52":0,"53":0,"54":0,"55":0,"56":0,"57":0,"58":0,"59":0,"60":0,"61":0,"62":0,"63":0,"64":0,"65":0,"66":0,"67":0,"68":0,"69":0,"70":0,"71":0,"72":0,"73":0,"74":0,"75":0,"76":0,"77":0,"78":0,"79":0,"80":0,"81":0},"f":{"0":0,"1":0,"2":0,"3":0,"4":0,"5":0},"b":{"0":[0,0],"1":[0,0],"2":[0,0],"3":[0,0],"4":[0,0],"5":[0,0],"6":[0,0],"7":[0,0],"8":[0,0],"9":[0,0],"10":[0,0],"11":[0,0],"12":[0,0],"13":[0,0],"14":[0,0],"15":[0,0],"16":[0],"17":[0,0],"18":[0,0],"19":[0,0],"20":[0,0],"21":[0,0]},"inputSourceMap":null}
,"/home/user/Roadmap-master/Public/ContextMenu.js": {"path":"/home/user/Roadmap-master/Public/ContextMenu.js","statementMap":{"0":{"start":{"line":19,"column":4},"end":{"line":19,"column":35}},"1":{"start":{"line":20,"column":4},"end":{"line":20,"column":31}},"2":{"start":{"line":21,"column":4},"end":{"line":21,"column":39}},"3":{"start":{"line":22,"column":4},"end":{"line":22,"column":21}},"4":{"start":{"line":23,"column":4},"end":{"line":23,"column":26}},"5":{"start":{"line":24,"column":4},"end":{"line":24,"column":32}},"6":{"start":{"line":26,"column":4},"end":{"line":26,"column":65}},"7":{"start":{"line":27,"column":4},"end":{"line":27,"column":69}},"8":{"start":{"line":36,"column":4},"end":{"line":36,"column":78}},"9":{"start":{"line":37,"column":4},"end":{"line":37,"column":42}},"10":{"start":{"line":45,"column":4},"end":{"line":45,"column":81}},"11":{"start":{"line":46,"column":4},"end":{"line":46,"column":16}},"12":{"start":{"line":47,"column":4},"end":{"line":47,"column":43}},"13":{"start":{"line":56,"column":16},"end":{"line":56,"column":50}},"14":{"start":{"line":57,"column":4},"end":{"line":57,"column":21}},"15":{"start":{"line":57,"column":14},"end":{"line":57,"column":21}},"16":{"start":{"line":59,"column":4},"end":{"line":59,"column":27}},"17":{"start":{"line":60,"column":4},"end":{"line":60,"column":28}},"18":{"start":{"line":63,"column":20},"end":{"line":63,"column":50}},"19":{"start":{"line":64,"column":22},"end":{"line":64,"column":71}},"20":{"start":{"line":66,"column":4},"end":{"line":66,"column":37}},"21":{"start":{"line":77,"column":4},"end":{"line":77,"column":25}},"22":{"start":{"line":78,"column":4},"end":{"line":78,"column":37}},"23":{"start":{"line":81,"column":4},"end":{"line":83,"column":5}},"24":{"start":{"line":82,"column":6},"end":{"line":82,"column":37}},"25":{"start":{"line":86,"column":4},"end":{"line":86,"column":46}},"26":{"start":{"line":87,"column":4},"end":{"line":87,"column":45}},"27":{"start":{"line":88,"column":4},"end":{"line":88,"column":38}},"28":{"start":{"line":91,"column":4},"end":{"line":93,"column":10}},"29":{"start":{"line":92,"column":6},"end":{"line":92,"column":68}},"30":{"start":{"line":101,"column":4},"end":{"line":103,"column":5}},"31":{"start":{"line":102,"column":6},"end":{"line":102,"column":39}},"32":{"start":{"line":104,"column":4},"end":{"line":104,"column":69}},"33":{"start":{"line":105,"column":4},"end":{"line":105,"column":26}},"34":{"start":{"line":106,"column":4},"end":{"line":106,"column":32}},"35":{"start":{"line":116,"column":4},"end":{"line":118,"column":5}},"36":{"start":{"line":117,"column":6},"end":{"line":117,"column":13}},"37":{"start":{"line":119,"column":4},"end":{"line":119,"column":16}},"38":{"start":{"line":128,"column":17},"end":{"line":128,"column":46}},"39":{"start":{"line":129,"column":4},"end":{"line":129,"column":36}},"40":{"start":{"line":130,"column":4},"end":{"line":156,"column":6}},"41":{"start":{"line":158,"column":4},"end":{"line":164,"column":7}},"42":{"start":{"line":159,"column":21},"end":{"line":159,"column":54}},"43":{"start":{"line":160,"column":6},"end":{"line":163,"column":7}},"44":{"start":{"line":161,"column":25},"end":{"line":161,"column":45}},"45":{"start":{"line":162,"column":8},"end":{"line":162,"column":36}},"46":{"start":{"line":166,"column":4},"end":{"line":166,"column":36}},"47":{"start":{"line":167,"column":4},"end":{"line":167,"column":16}},"48":{"start":{"line":176,"column":4},"end":{"line":179,"column":5}},"49":{"start":{"line":177,"column":6},"end":{"line":177,"column":54}},"50":{"start":{"line":178,"column":6},"end":{"line":178,"column":13}},"51":{"start":{"line":181,"column":21},"end":{"line":181,"column":62}},"52":{"start":{"line":184,"column":4},"end":{"line":184,"column":56}},"53":{"start":{"line":187,"column":4},"end":{"line":187,"column":67}},"54":{"start":{"line":189,"column":4},"end":{"line":189,"column":71}},"55":{"start":{"line":192,"column":4},"end":{"line":210,"column":5}},"56":{"start":{"line":193,"column":23},"end":{"line":200,"column":7}},"57":{"start":{"line":202,"column":6},"end":{"line":209,"column":7}},"58":{"start":{"line":203,"column":8},"end":{"line":203,"column":43}},"59":{"start":{"line":205,"column":8},"end":{"line":205,"column":64}},"60":{"start":{"line":207,"column":8},"end":{"line":207,"column":60}},"61":{"start":{"line":208,"column":8},"end":{"line":208,"column":71}},"62":{"start":{"line":212,"column":4},"end":{"line":212,"column":16}}},"fnMap":{"0":{"name":"(anonymous_0)","decl":{"start":{"line":18,"column":2},"end":{"line":18,"column":3}},"loc":{"start":{"line":18,"column":53},"end":{"line":28,"column":3}},"line":18},"1":{"name":"(anonymous_1)","decl":{"start":{"line":34,"column":2},"end":{"line":34,"column":3}},"loc":{"start":{"line":34,"column":11},"end":{"line":38,"column":3}},"line":34},"2":{"name":"(anonymous_2)","decl":{"start":{"line":44,"column":2},"end":{"line":44,"column":3}},"loc":{"start":{"line":44,"column":12},"end":{"line":48,"column":3}},"line":44},"3":{"name":"(anonymous_3)","decl":{"start":{"line":55,"column":2},"end":{"line":55,"column":3}},"loc":{"start":{"line":55,"column":28},"end":{"line":67,"column":3}},"line":55},"4":{"name":"(anonymous_4)","decl":{"start":{"line":76,"column":2},"end":{"line":76,"column":3}},"loc":{"start":{"line":76,"column":30},"end":{"line":94,"column":3}},"line":76},"5":{"name":"(anonymous_5)","decl":{"start":{"line":91,"column":15},"end":{"line":91,"column":16}},"loc":{"start":{"line":91,"column":21},"end":{"line":93,"column":5}},"line":91},"6":{"name":"(anonymous_6)","decl":{"start":{"line":100,"column":2},"end":{"line":100,"column":3}},"loc":{"start":{"line":100,"column":9},"end":{"line":107,"column":3}},"line":100},"7":{"name":"(anonymous_7)","decl":{"start":{"line":114,"column":2},"end":{"line":114,"column":3}},"loc":{"start":{"line":114,"column":30},"end":{"line":120,"column":3}},"line":114},"8":{"name":"(anonymous_8)","decl":{"start":{"line":127,"column":2},"end":{"line":127,"column":3}},"loc":{"start":{"line":127,"column":16},"end":{"line":168,"column":3}},"line":127},"9":{"name":"(anonymous_9)","decl":{"start":{"line":158,"column":35},"end":{"line":158,"column":36}},"loc":{"start":{"line":158,"column":42},"end":{"line":164,"column":5}},"line":158},"10":{"name":"(anonymous_10)","decl":{"start":{"line":175,"column":2},"end":{"line":175,"column":3}},"loc":{"start":{"line":175,"column":31},"end":{"line":213,"column":3}},"line":175}},"branchMap":{"0":{"loc":{"start":{"line":57,"column":4},"end":{"line":57,"column":21}},"type":"if","locations":[{"start":{"line":57,"column":4},"end":{"line":57,"column":21}},{"start":{},"end":{}}],"line":57},"1":{"loc":{"start":{"line":81,"column":4},"end":{"line":83,"column":5}},"type":"if","locations":[{"start":{"line":81,"column":4},"end":{"line":83,"column":5}},{"start":{},"end":{}}],"line":81},"2":{"loc":{"start":{"line":101,"column":4},"end":{"line":103,"column":5}},"type":"if","locations":[{"start":{"line":101,"column":4},"end":{"line":103,"column":5}},{"start":{},"end":{}}],"line":101},"3":{"loc":{"start":{"line":116,"column":4},"end":{"line":118,"column":5}},"type":"if","locations":[{"start":{"line":116,"column":4},"end":{"line":118,"column":5}},{"start":{},"end":{}}],"line":116},"4":{"loc":{"start":{"line":116,"column":8},"end":{"line":116,"column":53}},"type":"binary-expr","locations":[{"start":{"line":116,"column":8},"end":{"line":116,"column":17}},{"start":{"line":116,"column":21},"end":{"line":116,"column":53}}],"line":116},"5":{"loc":{"start":{"line":160,"column":6},"end":{"line":163,"column":7}},"type":"if","locations":[{"start":{"line":160,"column":6},"end":{"line":163,"column":7}},{"start":{},"end":{}}],"line":160},"6":{"loc":{"start":{"line":176,"column":4},"end":{"line":179,"column":5}},"type":"if","locations":[{"start":{"line":176,"column":4},"end":{"line":179,"column":5}},{"start":{},"end":{}}],"line":176},"7":{"loc":{"start":{"line":176,"column":8},"end":{"line":176,"column":56}},"type":"binary-expr","locations":[{"start":{"line":176,"column":8},"end":{"line":176,"column":23}},{"start":{"line":176,"column":27},"end":{"line":176,"column":56}}],"line":176},"8":{"loc":{"start":{"line":192,"column":4},"end":{"line":210,"column":5}},"type":"if","locations":[{"start":{"line":192,"column":4},"end":{"line":210,"column":5}},{"start":{},"end":{}}],"line":192}},"s":{"0":0,"1":0,"2":0,"3":0,"4":0,"5":0,"6":0,"7":0,"8":0,"9":0,"10":0,"11":0,"12":0,"13":0,"14":0,"15":0,"16":0,"17":0,"18":0,"19":0,"20":0,"21":0,"22":0,"23":0,"24":0,"25":0,"26":0,"27":0,"28":0,"29":0,"30":0,"31":0,"32":0,"33":0,"34":0,"35":0,"36":0,"37":0,"38":0,"39":0,"40":0,"41":0,"42":0,"43":0,"44":0,"45":0,"46":0,"47":0,"48":0,"49":0,"50":0,"51":0,"52":0,"53":0,"54":0,"55":0,"56":0,"57":0,"58":0,"59":0,"60":0,"61":0,"62":0},"f":{"0":0,"1":0,"2":0,"3":0,"4":0,"5":0,"6":0,"7":0,"8":0,"9":0,"10":0},"b":{"0":[0,0],"1":[0,0],"2":[0,0],"3":[0,0],"4":[0,0],"5":[0,0],"6":[0,0],"7":[0,0],"8":[0,0]},"inputSourceMap":null}
,"/home/user/Roadmap-master/Public/DraggableGantt.js": {"path":"/home/user/Roadmap-master/Public/DraggableGantt.js","statementMap":{"0":{"start":{"line":21,"column":4},"end":{"line":21,"column":35}},"1":{"start":{"line":22,"column":4},"end":{"line":22,"column":31}},"2":{"start":{"line":23,"column":4},"end":{"line":23,"column":37}},"3":{"start":{"line":24,"column":4},"end":{"line":24,"column":26}},"4":{"start":{"line":25,"column":4},"end":{"line":25,"column":30}},"5":{"start":{"line":28,"column":4},"end":{"line":28,"column":61}},"6":{"start":{"line":29,"column":4},"end":{"line":29,"column":61}},"7":{"start":{"line":30,"column":4},"end":{"line":30,"column":57}},"8":{"start":{"line":39,"column":4},"end":{"line":39,"column":74}},"9":{"start":{"line":40,"column":4},"end":{"line":40,"column":66}},"10":{"start":{"line":41,"column":4},"end":{"line":41,"column":62}},"11":{"start":{"line":43,"column":4},"end":{"line":43,"column":57}},"12":{"start":{"line":52,"column":19},"end":{"line":52,"column":31}},"13":{"start":{"line":53,"column":16},"end":{"line":53,"column":44}},"14":{"start":{"line":54,"column":4},"end":{"line":54,"column":21}},"15":{"start":{"line":54,"column":14},"end":{"line":54,"column":21}},"16":{"start":{"line":57,"column":17},"end":{"line":57,"column":44}},"17":{"start":{"line":58,"column":14},"end":{"line":58,"column":39}},"18":{"start":{"line":59,"column":25},"end":{"line":59,"column":27}},"19":{"start":{"line":61,"column":4},"end":{"line":64,"column":5}},"20":{"start":{"line":63,"column":6},"end":{"line":63,"column":13}},"21":{"start":{"line":67,"column":4},"end":{"line":67,"column":27}},"22":{"start":{"line":68,"column":4},"end":{"line":68,"column":37}},"23":{"start":{"line":70,"column":20},"end":{"line":70,"column":50}},"24":{"start":{"line":71,"column":28},"end":{"line":71,"column":48}},"25":{"start":{"line":73,"column":4},"end":{"line":73,"column":69}},"26":{"start":{"line":76,"column":31},"end":{"line":76,"column":86}},"27":{"start":{"line":76,"column":67},"end":{"line":76,"column":85}},"28":{"start":{"line":77,"column":21},"end":{"line":77,"column":38}},"29":{"start":{"line":79,"column":18},"end":{"line":79,"column":53}},"30":{"start":{"line":80,"column":22},"end":{"line":80,"column":71}},"31":{"start":{"line":82,"column":4},"end":{"line":85,"column":5}},"32":{"start":{"line":83,"column":6},"end":{"line":83,"column":59}},"33":{"start":{"line":84,"column":6},"end":{"line":84,"column":13}},"34":{"start":{"line":87,"column":4},"end":{"line":99,"column":6}},"35":{"start":{"line":101,"column":4},"end":{"line":108,"column":7}},"36":{"start":{"line":111,"column":4},"end":{"line":111,"column":34}},"37":{"start":{"line":112,"column":4},"end":{"line":112,"column":30}},"38":{"start":{"line":113,"column":4},"end":{"line":113,"column":40}},"39":{"start":{"line":114,"column":4},"end":{"line":114,"column":44}},"40":{"start":{"line":117,"column":4},"end":{"line":117,"column":32}},"41":{"start":{"line":126,"column":4},"end":{"line":126,"column":32}},"42":{"start":{"line":126,"column":25},"end":{"line":126,"column":32}},"43":{"start":{"line":128,"column":19},"end":{"line":128,"column":56}},"44":{"start":{"line":129,"column":20},"end":{"line":129,"column":42}},"45":{"start":{"line":130,"column":17},"end":{"line":130,"column":48}},"46":{"start":{"line":131,"column":24},"end":{"line":131,"column":70}},"47":{"start":{"line":132,"column":24},"end":{"line":132,"column":56}},"48":{"start":{"line":134,"column":22},"end":{"line":134,"column":67}},"49":{"start":{"line":135,"column":20},"end":{"line":135,"column":57}},"50":{"start":{"line":138,"column":20},"end":{"line":138,"column":53}},"51":{"start":{"line":139,"column":4},"end":{"line":139,"column":92}},"52":{"start":{"line":140,"column":4},"end":{"line":140,"column":54}},"53":{"start":{"line":143,"column":4},"end":{"line":143,"column":74}},"54":{"start":{"line":152,"column":4},"end":{"line":152,"column":32}},"55":{"start":{"line":152,"column":25},"end":{"line":152,"column":32}},"56":{"start":{"line":154,"column":4},"end":{"line":154,"column":38}},"57":{"start":{"line":157,"column":28},"end":{"line":157,"column":63}},"58":{"start":{"line":158,"column":37},"end":{"line":158,"column":92}},"59":{"start":{"line":158,"column":73},"end":{"line":158,"column":91}},"60":{"start":{"line":160,"column":4},"end":{"line":166,"column":7}},"61":{"start":{"line":170,"column":6},"end":{"line":171,"column":49}},"62":{"start":{"line":173,"column":4},"end":{"line":204,"column":5}},"63":{"start":{"line":175,"column":6},"end":{"line":175,"column":79}},"64":{"start":{"line":176,"column":6},"end":{"line":176,"column":75}},"65":{"start":{"line":179,"column":6},"end":{"line":203,"column":7}},"66":{"start":{"line":180,"column":25},"end":{"line":191,"column":9}},"67":{"start":{"line":193,"column":8},"end":{"line":202,"column":9}},"68":{"start":{"line":194,"column":10},"end":{"line":194,"column":44}},"69":{"start":{"line":195,"column":10},"end":{"line":195,"column":73}},"70":{"start":{"line":197,"column":10},"end":{"line":197,"column":65}},"71":{"start":{"line":199,"column":10},"end":{"line":199,"column":82}},"72":{"start":{"line":200,"column":10},"end":{"line":200,"column":103}},"73":{"start":{"line":201,"column":10},"end":{"line":201,"column":99}},"74":{"start":{"line":207,"column":4},"end":{"line":207,"column":52}},"75":{"start":{"line":208,"column":4},"end":{"line":208,"column":43}},"76":{"start":{"line":209,"column":4},"end":{"line":209,"column":36}},"77":{"start":{"line":210,"column":4},"end":{"line":210,"column":47}},"78":{"start":{"line":213,"column":4},"end":{"line":213,"column":32}},"79":{"start":{"line":215,"column":4},"end":{"line":215,"column":26}},"80":{"start":{"line":225,"column":4},"end":{"line":225,"column":55}},"81":{"start":{"line":226,"column":4},"end":{"line":226,"column":52}},"82":{"start":{"line":227,"column":4},"end":{"line":239,"column":6}},"83":{"start":{"line":240,"column":4},"end":{"line":240,"column":65}},"84":{"start":{"line":241,"column":4},"end":{"line":241,"column":50}},"85":{"start":{"line":249,"column":4},"end":{"line":252,"column":5}},"86":{"start":{"line":250,"column":6},"end":{"line":250,"column":68}},"87":{"start":{"line":251,"column":6},"end":{"line":251,"column":32}},"88":{"start":{"line":260,"column":4},"end":{"line":260,"column":77}},"89":{"start":{"line":261,"column":4},"end":{"line":261,"column":69}},"90":{"start":{"line":262,"column":4},"end":{"line":262,"column":65}},"91":{"start":{"line":264,"column":4},"end":{"line":264,"column":43}}},"fnMap":{"0":{"name":"(anonymous_0)","decl":{"start":{"line":20,"column":2},"end":{"line":20,"column":3}},"loc":{"start":{"line":20,"column":52},"end":{"line":31,"column":3}},"line":20},"1":{"name":"(anonymous_1)","decl":{"start":{"line":37,"column":2},"end":{"line":37,"column":3}},"loc":{"start":{"line":37,"column":19},"end":{"line":44,"column":3}},"line":37},"2":{"name":"(anonymous_2)","decl":{"start":{"line":51,"column":2},"end":{"line":51,"column":3}},"loc":{"start":{"line":51,"column":26},"end":{"line":118,"column":3}},"line":51},"3":{"name":"(anonymous_3)","decl":{"start":{"line":76,"column":62},"end":{"line":76,"column":63}},"loc":{"start":{"line":76,"column":67},"end":{"line":76,"column":85}},"line":76},"4":{"name":"(anonymous_4)","decl":{"start":{"line":125,"column":2},"end":{"line":125,"column":3}},"loc":{"start":{"line":125,"column":26},"end":{"line":144,"column":3}},"line":125},"5":{"name":"(anonymous_5)","decl":{"start":{"line":151,"column":2},"end":{"line":151,"column":3}},"loc":{"start":{"line":151,"column":30},"end":{"line":216,"column":3}},"line":151},"6":{"name":"(anonymous_6)","decl":{"start":{"line":158,"column":68},"end":{"line":158,"column":69}},"loc":{"start":{"line":158,"column":73},"end":{"line":158,"column":91}},"line":158},"7":{"name":"(anonymous_7)","decl":{"start":{"line":224,"column":2},"end":{"line":224,"column":3}},"loc":{"start":{"line":224,"column":25},"end":{"line":242,"column":3}},"line":224},"8":{"name":"(anonymous_8)","decl":{"start":{"line":248,"column":2},"end":{"line":248,"column":3}},"loc":{"start":{"line":248,"column":25},"end":{"line":253,"column":3}},"line":248},"9":{"name":"(anonymous_9)","decl":{"start":{"line":259,"column":2},"end":{"line":259,"column":3}},"loc":{"start":{"line":259,"column":20},"end":{"line":265,"column":3}},"line":259}},"branchMap":{"0":{"loc":{"start":{"line":54,"column":4},"end":{"line":54,"column":21}},"type":"if","locations":[{"start":{"line":54,"column":4},"end":{"line":54,"column":21}},{"start":{},"end":{}}],"line":54},"1":{"loc":{"start":{"line":61,"column":4},"end":{"line":64,"column":5}},"type":"if","locations":[{"start":{"line":61,"column":4},"end":{"line":64,"column":5}},{"start":{},"end":{}}],"line":61},"2":{"loc":{"start":{"line":61,"column":8},"end":{"line":61,"column":59}},"type":"binary-expr","locations":[{"start":{"line":61,"column":8},"end":{"line":61,"column":25}},{"start":{"line":61,"column":29},"end":{"line":61,"column":59}}],"line":61},"3":{"loc":{"start":{"line":82,"column":4},"end":{"line":85,"column":5}},"type":"if","locations":[{"start":{"line":82,"column":4},"end":{"line":85,"column":5}},{"start":{},"end":{}}],"line":82},"4":{"loc":{"start":{"line":82,"column":8},"end":{"line":82,"column":44}},"type":"binary-expr","locations":[{"start":{"line":82,"column":8},"end":{"line":82,"column":24}},{"start":{"line":82,"column":28},"end":{"line":82,"column":44}}],"line":82},"5":{"loc":{"start":{"line":126,"column":4},"end":{"line":126,"column":32}},"type":"if","locations":[{"start":{"line":126,"column":4},"end":{"line":126,"column":32}},{"start":{},"end":{}}],"line":126},"6":{"loc":{"start":{"line":152,"column":4},"end":{"line":152,"column":32}},"type":"if","locations":[{"start":{"line":152,"column":4},"end":{"line":152,"column":32}},{"start":{},"end":{}}],"line":152},"7":{"loc":{"start":{"line":170,"column":6},"end":{"line":171,"column":49}},"type":"binary-expr","locations":[{"start":{"line":170,"column":6},"end":{"line":170,"column":53}},{"start":{"line":171,"column":6},"end":{"line":171,"column":49}}],"line":170},"8":{"loc":{"start":{"line":173,"column":4},"end":{"line":204,"column":5}},"type":"if","locations":[{"start":{"line":173,"column":4},"end":{"line":204,"column":5}},{"start":{},"end":{}}],"line":173},"9":{"loc":{"start":{"line":179,"column":6},"end":{"line":203,"column":7}},"type":"if","locations":[{"start":{"line":179,"column":6},"end":{"line":203,"column":7}},{"start":{},"end":{}}],"line":179},"10":{"loc":{"start":{"line":231,"column":20},"end":{"line":231,"column":54}},"type":"binary-expr","locations":[{"start":{"line":231,"column":20},"end":{"line":231,"column":41}},{"start":{"line":231,"column":45},"end":{"line":231,"column":54}}],"line":231},"11":{"loc":{"start":{"line":249,"column":4},"end":{"line":252,"column":5}},"type":"if","locations":[{"start":{"line":249,"column":4},"end":{"line":252,"column":5}},{"start":{},"end":{}}],"line":249},"12":{"loc":{"start":{"line":249,"column":8},"end":{"line":249,"column":59}},"type":"binary-expr","locations":[{"start":{"line":249,"column":8},"end":{"line":249,"column":26}},{"start":{"line":249,"column":30},"end":{"line":249,"column":59}}],"line":249}},"s":{"0":0,"1":0,"2":0,"3":0,"4":0,"5":0,"6":0,"7":0,"8":0,"9":0,"10":0,"11":0,"12":0,"13":0,"14":0,"15":0,"16":0,"17":0,"18":0,"19":0,"20":0,"21":0,"22":0,"23":0,"24":0,"25":0,"26":0,"27":0,"28":0,"29":0,"30":0,"31":0,"32":0,"33":0,"34":0,"35":0,"36":0,"37":0,"38":0,"39":0,"40":0,"41":0,"42":0,"43":0,"44":0,"45":0,"46":0,"47":0,"48":0,"49":0,"50":0,"51":0,"52":0,"53":0,"54":0,"55":0,"56":0,"57":0,"58":0,"59":0,"60":0,"61":0,"62":0,"63":0,"64":0,"65":0,"66":0,"67":0,"68":0,"69":0,"70":0,"71":0,"72":0,"73":0,"74":0,"75":0,"76":0,"77":0,"78":0,"79":0,"80":0,"81":0,"82":0,"83":0,"84":0,"85":0,"86":0,"87":0,"88":0,"89":0,"90":0,"91":0},"f":{"0":0,"1":0,"2":0,"3":0,"4":0,"5":0,"6":0,"7":0,"8":0,"9":0},"b":{"0":[0,0],"1":[0,0],"2":[0,0],"3":[0,0],"4":[0,0],"5":[0,0],"6":[0,0],"7":[0,0],"8":[0,0],"9":[0,0],"10":[0,0],"11":[0,0],"12":[0,0]},"inputSourceMap":null}
,"/home/user/Roadmap-master/Public/ExecutiveSummary.js": {"path":"/home/user/Roadmap-master/Public/ExecutiveSummary.js","statementMap":{"0":{"start":{"line":20,"column":4},"end":{"line":20,"column":35}},"1":{"start":{"line":21,"column":4},"end":{"line":21,"column":31}},"2":{"start":{"line":22,"column":4},"end":{"line":22,"column":27}},"3":{"start":{"line":23,"column":4},"end":{"line":23,"column":26}},"4":{"start":{"line":32,"column":4},"end":{"line":32,"column":51}},"5":{"start":{"line":33,"column":4},"end":{"line":33,"column":61}},"6":{"start":{"line":34,"column":4},"end":{"line":34,"column":43}},"7":{"start":{"line":37,"column":4},"end":{"line":40,"column":5}},"8":{"start":{"line":38,"column":6},"end":{"line":38,"column":118}},"9":{"start":{"line":39,"column":6},"end":{"line":39,"column":28}},"10":{"start":{"line":43,"column":19},"end":{"line":43,"column":38}},"11":{"start":{"line":44,"column":4},"end":{"line":44,"column":39}},"12":{"start":{"line":47,"column":20},"end":{"line":47,"column":40}},"13":{"start":{"line":48,"column":4},"end":{"line":48,"column":40}},"14":{"start":{"line":50,"column":4},"end":{"line":50,"column":26}},"15":{"start":{"line":59,"column":19},"end":{"line":59,"column":48}},"16":{"start":{"line":60,"column":4},"end":{"line":60,"column":40}},"17":{"start":{"line":62,"column":18},"end":{"line":62,"column":46}},"18":{"start":{"line":63,"column":4},"end":{"line":63,"column":38}},"19":{"start":{"line":65,"column":17},"end":{"line":65,"column":47}},"20":{"start":{"line":66,"column":4},"end":{"line":66,"column":28}},"21":{"start":{"line":67,"column":4},"end":{"line":67,"column":28}},"22":{"start":{"line":68,"column":4},"end":{"line":68,"column":28}},"23":{"start":{"line":69,"column":4},"end":{"line":69,"column":80}},"24":{"start":{"line":71,"column":22},"end":{"line":71,"column":54}},"25":{"start":{"line":72,"column":4},"end":{"line":72,"column":42}},"26":{"start":{"line":73,"column":4},"end":{"line":73,"column":59}},"27":{"start":{"line":74,"column":4},"end":{"line":74,"column":88}},"28":{"start":{"line":77,"column":4},"end":{"line":77,"column":65}},"29":{"start":{"line":77,"column":43},"end":{"line":77,"column":63}},"30":{"start":{"line":79,"column":4},"end":{"line":79,"column":30}},"31":{"start":{"line":80,"column":4},"end":{"line":80,"column":34}},"32":{"start":{"line":82,"column":4},"end":{"line":82,"column":18}},"33":{"start":{"line":91,"column":20},"end":{"line":91,"column":49}},"34":{"start":{"line":92,"column":4},"end":{"line":92,"column":42}},"35":{"start":{"line":93,"column":4},"end":{"line":93,"column":63}},"36":{"start":{"line":96,"column":4},"end":{"line":99,"column":5}},"37":{"start":{"line":97,"column":28},"end":{"line":97,"column":54}},"38":{"start":{"line":98,"column":6},"end":{"line":98,"column":41}},"39":{"start":{"line":102,"column":29},"end":{"line":102,"column":58}},"40":{"start":{"line":103,"column":4},"end":{"line":103,"column":53}},"41":{"start":{"line":106,"column":4},"end":{"line":109,"column":5}},"42":{"start":{"line":107,"column":26},"end":{"line":107,"column":50}},"43":{"start":{"line":108,"column":6},"end":{"line":108,"column":48}},"44":{"start":{"line":112,"column":4},"end":{"line":115,"column":5}},"45":{"start":{"line":113,"column":31},"end":{"line":113,"column":60}},"46":{"start":{"line":114,"column":6},"end":{"line":114,"column":53}},"47":{"start":{"line":118,"column":4},"end":{"line":121,"column":5}},"48":{"start":{"line":119,"column":24},"end":{"line":119,"column":46}},"49":{"start":{"line":120,"column":6},"end":{"line":120,"column":46}},"50":{"start":{"line":123,"column":4},"end":{"line":123,"column":42}},"51":{"start":{"line":126,"column":4},"end":{"line":129,"column":5}},"52":{"start":{"line":127,"column":27},"end":{"line":127,"column":52}},"53":{"start":{"line":128,"column":6},"end":{"line":128,"column":40}},"54":{"start":{"line":132,"column":4},"end":{"line":135,"column":5}},"55":{"start":{"line":133,"column":30},"end":{"line":133,"column":70}},"56":{"start":{"line":134,"column":6},"end":{"line":134,"column":43}},"57":{"start":{"line":138,"column":4},"end":{"line":141,"column":5}},"58":{"start":{"line":139,"column":29},"end":{"line":139,"column":64}},"59":{"start":{"line":140,"column":6},"end":{"line":140,"column":42}},"60":{"start":{"line":143,"column":4},"end":{"line":143,"column":19}},"61":{"start":{"line":152,"column":17},"end":{"line":152,"column":46}},"62":{"start":{"line":153,"column":4},"end":{"line":153,"column":47}},"63":{"start":{"line":155,"column":18},"end":{"line":155,"column":47}},"64":{"start":{"line":156,"column":4},"end":{"line":156,"column":35}},"65":{"start":{"line":157,"column":4},"end":{"line":157,"column":45}},"66":{"start":{"line":159,"column":18},"end":{"line":159,"column":45}},"67":{"start":{"line":160,"column":4},"end":{"line":160,"column":39}},"68":{"start":{"line":161,"column":4},"end":{"line":161,"column":74}},"69":{"start":{"line":163,"column":29},"end":{"line":163,"column":56}},"70":{"start":{"line":164,"column":4},"end":{"line":164,"column":53}},"71":{"start":{"line":165,"column":4},"end":{"line":165,"column":88}},"72":{"start":{"line":167,"column":4},"end":{"line":167,"column":28}},"73":{"start":{"line":168,"column":4},"end":{"line":168,"column":28}},"74":{"start":{"line":169,"column":4},"end":{"line":169,"column":39}},"75":{"start":{"line":172,"column":4},"end":{"line":198,"column":5}},"76":{"start":{"line":173,"column":25},"end":{"line":173,"column":54}},"77":{"start":{"line":174,"column":6},"end":{"line":174,"column":45}},"78":{"start":{"line":176,"column":6},"end":{"line":181,"column":7}},"79":{"start":{"line":177,"column":33},"end":{"line":177,"column":63}},"80":{"start":{"line":178,"column":8},"end":{"line":178,"column":46}},"81":{"start":{"line":179,"column":8},"end":{"line":179,"column":99}},"82":{"start":{"line":180,"column":8},"end":{"line":180,"column":49}},"83":{"start":{"line":183,"column":6},"end":{"line":188,"column":7}},"84":{"start":{"line":184,"column":27},"end":{"line":184,"column":57}},"85":{"start":{"line":185,"column":8},"end":{"line":185,"column":40}},"86":{"start":{"line":186,"column":8},"end":{"line":186,"column":88}},"87":{"start":{"line":187,"column":8},"end":{"line":187,"column":43}},"88":{"start":{"line":190,"column":6},"end":{"line":195,"column":7}},"89":{"start":{"line":191,"column":28},"end":{"line":191,"column":58}},"90":{"start":{"line":192,"column":8},"end":{"line":192,"column":41}},"91":{"start":{"line":193,"column":8},"end":{"line":193,"column":89}},"92":{"start":{"line":194,"column":8},"end":{"line":194,"column":44}},"93":{"start":{"line":197,"column":6},"end":{"line":197,"column":35}},"94":{"start":{"line":200,"column":4},"end":{"line":200,"column":16}},"95":{"start":{"line":209,"column":17},"end":{"line":209,"column":46}},"96":{"start":{"line":210,"column":4},"end":{"line":210,"column":42}},"97":{"start":{"line":212,"column":19},"end":{"line":212,"column":47}},"98":{"start":{"line":213,"column":17},"end":{"line":213,"column":47}},"99":{"start":{"line":214,"column":4},"end":{"line":214,"column":28}},"100":{"start":{"line":215,"column":4},"end":{"line":215,"column":28}},"101":{"start":{"line":216,"column":4},"end":{"line":216,"column":29}},"102":{"start":{"line":217,"column":4},"end":{"line":217,"column":64}},"103":{"start":{"line":219,"column":24},"end":{"line":219,"column":52}},"104":{"start":{"line":220,"column":4},"end":{"line":220,"column":42}},"105":{"start":{"line":222,"column":4},"end":{"line":251,"column":7}},"106":{"start":{"line":223,"column":25},"end":{"line":223,"column":53}},"107":{"start":{"line":224,"column":6},"end":{"line":224,"column":75}},"108":{"start":{"line":226,"column":20},"end":{"line":226,"column":52}},"109":{"start":{"line":227,"column":6},"end":{"line":227,"column":39}},"110":{"start":{"line":229,"column":26},"end":{"line":229,"column":53}},"111":{"start":{"line":230,"column":6},"end":{"line":230,"column":51}},"112":{"start":{"line":232,"column":6},"end":{"line":232,"column":36}},"113":{"start":{"line":233,"column":6},"end":{"line":233,"column":42}},"114":{"start":{"line":236,"column":6},"end":{"line":248,"column":7}},"115":{"start":{"line":237,"column":27},"end":{"line":237,"column":56}},"116":{"start":{"line":238,"column":8},"end":{"line":238,"column":45}},"117":{"start":{"line":240,"column":8},"end":{"line":245,"column":11}},"118":{"start":{"line":241,"column":29},"end":{"line":241,"column":59}},"119":{"start":{"line":242,"column":10},"end":{"line":242,"column":47}},"120":{"start":{"line":243,"column":10},"end":{"line":243,"column":42}},"121":{"start":{"line":244,"column":10},"end":{"line":244,"column":45}},"122":{"start":{"line":247,"column":8},"end":{"line":247,"column":43}},"123":{"start":{"line":250,"column":6},"end":{"line":250,"column":42}},"124":{"start":{"line":253,"column":4},"end":{"line":253,"column":29}},"125":{"start":{"line":254,"column":4},"end":{"line":254,"column":34}},"126":{"start":{"line":256,"column":4},"end":{"line":256,"column":16}},"127":{"start":{"line":265,"column":17},"end":{"line":265,"column":46}},"128":{"start":{"line":266,"column":4},"end":{"line":266,"column":47}},"129":{"start":{"line":268,"column":19},"end":{"line":268,"column":47}},"130":{"start":{"line":269,"column":17},"end":{"line":269,"column":47}},"131":{"start":{"line":270,"column":4},"end":{"line":270,"column":28}},"132":{"start":{"line":271,"column":4},"end":{"line":271,"column":28}},"133":{"start":{"line":272,"column":4},"end":{"line":272,"column":29}},"134":{"start":{"line":273,"column":4},"end":{"line":273,"column":74}},"135":{"start":{"line":275,"column":31},"end":{"line":275,"column":60}},"136":{"start":{"line":276,"column":4},"end":{"line":276,"column":57}},"137":{"start":{"line":278,"column":4},"end":{"line":308,"column":7}},"138":{"start":{"line":279,"column":22},"end":{"line":279,"column":51}},"139":{"start":{"line":280,"column":6},"end":{"line":280,"column":44}},"140":{"start":{"line":282,"column":35},"end":{"line":282,"column":64}},"141":{"start":{"line":283,"column":6},"end":{"line":283,"column":102}},"142":{"start":{"line":285,"column":19},"end":{"line":285,"column":47}},"143":{"start":{"line":286,"column":6},"end":{"line":286,"column":34}},"144":{"start":{"line":288,"column":6},"end":{"line":288,"column":48}},"145":{"start":{"line":289,"column":6},"end":{"line":289,"column":32}},"146":{"start":{"line":292,"column":6},"end":{"line":297,"column":7}},"147":{"start":{"line":293,"column":27},"end":{"line":293,"column":54}},"148":{"start":{"line":294,"column":8},"end":{"line":294,"column":49}},"149":{"start":{"line":295,"column":8},"end":{"line":295,"column":77}},"150":{"start":{"line":296,"column":8},"end":{"line":296,"column":40}},"151":{"start":{"line":300,"column":6},"end":{"line":305,"column":7}},"152":{"start":{"line":301,"column":27},"end":{"line":301,"column":54}},"153":{"start":{"line":302,"column":8},"end":{"line":302,"column":53}},"154":{"start":{"line":303,"column":8},"end":{"line":303,"column":73}},"155":{"start":{"line":304,"column":8},"end":{"line":304,"column":40}},"156":{"start":{"line":307,"column":6},"end":{"line":307,"column":46}},"157":{"start":{"line":310,"column":4},"end":{"line":310,"column":29}},"158":{"start":{"line":311,"column":4},"end":{"line":311,"column":41}},"159":{"start":{"line":313,"column":4},"end":{"line":313,"column":16}},"160":{"start":{"line":322,"column":17},"end":{"line":322,"column":46}},"161":{"start":{"line":323,"column":4},"end":{"line":323,"column":40}},"162":{"start":{"line":325,"column":19},"end":{"line":325,"column":47}},"163":{"start":{"line":326,"column":17},"end":{"line":326,"column":47}},"164":{"start":{"line":327,"column":4},"end":{"line":327,"column":28}},"165":{"start":{"line":328,"column":4},"end":{"line":328,"column":28}},"166":{"start":{"line":329,"column":4},"end":{"line":329,"column":29}},"167":{"start":{"line":330,"column":4},"end":{"line":330,"column":68}},"168":{"start":{"line":332,"column":23},"end":{"line":332,"column":52}},"169":{"start":{"line":333,"column":4},"end":{"line":333,"column":41}},"170":{"start":{"line":336,"column":24},"end":{"line":336,"column":26}},"171":{"start":{"line":337,"column":4},"end":{"line":343,"column":7}},"172":{"start":{"line":338,"column":18},"end":{"line":338,"column":54}},"173":{"start":{"line":339,"column":6},"end":{"line":341,"column":7}},"174":{"start":{"line":340,"column":8},"end":{"line":340,"column":30}},"175":{"start":{"line":342,"column":6},"end":{"line":342,"column":34}},"176":{"start":{"line":348,"column":4},"end":{"line":348,"column":56}},"177":{"start":{"line":349,"column":4},"end":{"line":349,"column":59}},"178":{"start":{"line":350,"column":4},"end":{"line":350,"column":62}},"179":{"start":{"line":351,"column":4},"end":{"line":351,"column":60}},"180":{"start":{"line":354,"column":4},"end":{"line":354,"column":60}},"181":{"start":{"line":355,"column":4},"end":{"line":355,"column":91}},"182":{"start":{"line":356,"column":4},"end":{"line":356,"column":97}},"183":{"start":{"line":357,"column":4},"end":{"line":357,"column":93}},"184":{"start":{"line":360,"column":4},"end":{"line":360,"column":62}},"185":{"start":{"line":361,"column":4},"end":{"line":361,"column":95}},"186":{"start":{"line":362,"column":4},"end":{"line":362,"column":101}},"187":{"start":{"line":363,"column":4},"end":{"line":363,"column":97}},"188":{"start":{"line":366,"column":4},"end":{"line":366,"column":59}},"189":{"start":{"line":367,"column":4},"end":{"line":367,"column":89}},"190":{"start":{"line":368,"column":4},"end":{"line":368,"column":95}},"191":{"start":{"line":369,"column":4},"end":{"line":369,"column":91}},"192":{"start":{"line":371,"column":4},"end":{"line":371,"column":29}},"193":{"start":{"line":372,"column":4},"end":{"line":372,"column":33}},"194":{"start":{"line":374,"column":4},"end":{"line":374,"column":16}},"195":{"start":{"line":384,"column":18},"end":{"line":384,"column":47}},"196":{"start":{"line":385,"column":4},"end":{"line":385,"column":37}},"197":{"start":{"line":386,"column":4},"end":{"line":386,"column":29}},"198":{"start":{"line":387,"column":4},"end":{"line":387,"column":17}},"199":{"start":{"line":399,"column":17},"end":{"line":399,"column":46}},"200":{"start":{"line":400,"column":4},"end":{"line":400,"column":60}},"201":{"start":{"line":402,"column":4},"end":{"line":435,"column":5}},"202":{"start":{"line":403,"column":6},"end":{"line":434,"column":9}},"203":{"start":{"line":404,"column":25},"end":{"line":404,"column":54}},"204":{"start":{"line":405,"column":8},"end":{"line":405,"column":41}},"205":{"start":{"line":407,"column":28},"end":{"line":407,"column":55}},"206":{"start":{"line":408,"column":8},"end":{"line":408,"column":51}},"207":{"start":{"line":409,"column":8},"end":{"line":409,"column":51}},"208":{"start":{"line":411,"column":8},"end":{"line":411,"column":42}},"209":{"start":{"line":414,"column":8},"end":{"line":431,"column":9}},"210":{"start":{"line":415,"column":26},"end":{"line":415,"column":59}},"211":{"start":{"line":416,"column":10},"end":{"line":416,"column":47}},"212":{"start":{"line":418,"column":26},"end":{"line":418,"column":59}},"213":{"start":{"line":419,"column":10},"end":{"line":419,"column":51}},"214":{"start":{"line":421,"column":33},"end":{"line":421,"column":61}},"215":{"start":{"line":422,"column":10},"end":{"line":426,"column":13}},"216":{"start":{"line":423,"column":23},"end":{"line":423,"column":51}},"217":{"start":{"line":424,"column":12},"end":{"line":424,"column":39}},"218":{"start":{"line":425,"column":12},"end":{"line":425,"column":43}},"219":{"start":{"line":428,"column":10},"end":{"line":428,"column":39}},"220":{"start":{"line":429,"column":10},"end":{"line":429,"column":46}},"221":{"start":{"line":430,"column":10},"end":{"line":430,"column":40}},"222":{"start":{"line":433,"column":8},"end":{"line":433,"column":35}},"223":{"start":{"line":437,"column":4},"end":{"line":437,"column":16}},"224":{"start":{"line":446,"column":17},"end":{"line":446,"column":46}},"225":{"start":{"line":447,"column":4},"end":{"line":447,"column":54}},"226":{"start":{"line":449,"column":19},"end":{"line":449,"column":47}},"227":{"start":{"line":450,"column":17},"end":{"line":450,"column":47}},"228":{"start":{"line":451,"column":4},"end":{"line":451,"column":28}},"229":{"start":{"line":452,"column":4},"end":{"line":452,"column":28}},"230":{"start":{"line":453,"column":4},"end":{"line":453,"column":29}},"231":{"start":{"line":454,"column":4},"end":{"line":454,"column":79}},"232":{"start":{"line":456,"column":29},"end":{"line":456,"column":58}},"233":{"start":{"line":457,"column":4},"end":{"line":457,"column":53}},"234":{"start":{"line":459,"column":4},"end":{"line":495,"column":7}},"235":{"start":{"line":460,"column":26},"end":{"line":460,"column":55}},"236":{"start":{"line":461,"column":6},"end":{"line":461,"column":45}},"237":{"start":{"line":463,"column":26},"end":{"line":463,"column":55}},"238":{"start":{"line":464,"column":6},"end":{"line":464,"column":45}},"239":{"start":{"line":465,"column":6},"end":{"line":465,"column":49}},"240":{"start":{"line":467,"column":26},"end":{"line":467,"column":62}},"241":{"start":{"line":468,"column":6},"end":{"line":468,"column":45}},"242":{"start":{"line":469,"column":6},"end":{"line":469,"column":48}},"243":{"start":{"line":471,"column":6},"end":{"line":471,"column":43}},"244":{"start":{"line":472,"column":6},"end":{"line":472,"column":43}},"245":{"start":{"line":475,"column":6},"end":{"line":484,"column":7}},"246":{"start":{"line":476,"column":29},"end":{"line":476,"column":56}},"247":{"start":{"line":477,"column":8},"end":{"line":477,"column":49}},"248":{"start":{"line":479,"column":23},"end":{"line":479,"column":55}},"249":{"start":{"line":480,"column":8},"end":{"line":480,"column":57}},"250":{"start":{"line":481,"column":8},"end":{"line":481,"column":41}},"251":{"start":{"line":482,"column":8},"end":{"line":482,"column":86}},"252":{"start":{"line":483,"column":8},"end":{"line":483,"column":46}},"253":{"start":{"line":487,"column":6},"end":{"line":492,"column":7}},"254":{"start":{"line":488,"column":31},"end":{"line":488,"column":60}},"255":{"start":{"line":489,"column":8},"end":{"line":489,"column":53}},"256":{"start":{"line":490,"column":8},"end":{"line":490,"column":60}},"257":{"start":{"line":491,"column":8},"end":{"line":491,"column":48}},"258":{"start":{"line":494,"column":6},"end":{"line":494,"column":48}},"259":{"start":{"line":497,"column":4},"end":{"line":497,"column":29}},"260":{"start":{"line":498,"column":4},"end":{"line":498,"column":39}},"261":{"start":{"line":500,"column":4},"end":{"line":500,"column":16}},"262":{"start":{"line":509,"column":17},"end":{"line":509,"column":46}},"263":{"start":{"line":510,"column":4},"end":{"line":510,"column":57}},"264":{"start":{"line":512,"column":19},"end":{"line":512,"column":47}},"265":{"start":{"line":513,"column":17},"end":{"line":513,"column":47}},"266":{"start":{"line":514,"column":4},"end":{"line":514,"column":28}},"267":{"start":{"line":515,"column":4},"end":{"line":515,"column":28}},"268":{"start":{"line":516,"column":4},"end":{"line":516,"column":29}},"269":{"start":{"line":517,"column":4},"end":{"line":517,"column":86}},"270":{"start":{"line":519,"column":20},"end":{"line":519,"column":49}},"271":{"start":{"line":520,"column":4},"end":{"line":520,"column":46}},"272":{"start":{"line":522,"column":15},"end":{"line":522,"column":55}},"273":{"start":{"line":525,"column":4},"end":{"line":538,"column":5}},"274":{"start":{"line":526,"column":28},"end":{"line":526,"column":57}},"275":{"start":{"line":527,"column":6},"end":{"line":527,"column":54}},"276":{"start":{"line":529,"column":26},"end":{"line":529,"column":58}},"277":{"start":{"line":530,"column":6},"end":{"line":530,"column":54}},"278":{"start":{"line":532,"column":25},"end":{"line":532,"column":52}},"279":{"start":{"line":533,"column":6},"end":{"line":533,"column":47}},"280":{"start":{"line":535,"column":6},"end":{"line":535,"column":45}},"281":{"start":{"line":536,"column":6},"end":{"line":536,"column":44}},"282":{"start":{"line":537,"column":6},"end":{"line":537,"column":41}},"283":{"start":{"line":541,"column":4},"end":{"line":559,"column":5}},"284":{"start":{"line":542,"column":27},"end":{"line":542,"column":56}},"285":{"start":{"line":543,"column":6},"end":{"line":543,"column":53}},"286":{"start":{"line":545,"column":25},"end":{"line":545,"column":57}},"287":{"start":{"line":546,"column":6},"end":{"line":546,"column":54}},"288":{"start":{"line":548,"column":24},"end":{"line":548,"column":52}},"289":{"start":{"line":549,"column":6},"end":{"line":549,"column":46}},"290":{"start":{"line":550,"column":6},"end":{"line":554,"column":9}},"291":{"start":{"line":551,"column":19},"end":{"line":551,"column":47}},"292":{"start":{"line":552,"column":8},"end":{"line":552,"column":30}},"293":{"start":{"line":553,"column":8},"end":{"line":553,"column":34}},"294":{"start":{"line":556,"column":6},"end":{"line":556,"column":43}},"295":{"start":{"line":557,"column":6},"end":{"line":557,"column":42}},"296":{"start":{"line":558,"column":6},"end":{"line":558,"column":40}},"297":{"start":{"line":562,"column":4},"end":{"line":575,"column":5}},"298":{"start":{"line":563,"column":31},"end":{"line":563,"column":60}},"299":{"start":{"line":564,"column":6},"end":{"line":564,"column":77}},"300":{"start":{"line":566,"column":29},"end":{"line":566,"column":61}},"301":{"start":{"line":567,"column":6},"end":{"line":567,"column":62}},"302":{"start":{"line":569,"column":28},"end":{"line":569,"column":55}},"303":{"start":{"line":570,"column":6},"end":{"line":570,"column":58}},"304":{"start":{"line":572,"column":6},"end":{"line":572,"column":51}},"305":{"start":{"line":573,"column":6},"end":{"line":573,"column":50}},"306":{"start":{"line":574,"column":6},"end":{"line":574,"column":44}},"307":{"start":{"line":578,"column":4},"end":{"line":591,"column":5}},"308":{"start":{"line":579,"column":28},"end":{"line":579,"column":57}},"309":{"start":{"line":580,"column":6},"end":{"line":580,"column":68}},"310":{"start":{"line":582,"column":26},"end":{"line":582,"column":58}},"311":{"start":{"line":583,"column":6},"end":{"line":583,"column":51}},"312":{"start":{"line":585,"column":25},"end":{"line":585,"column":52}},"313":{"start":{"line":586,"column":6},"end":{"line":586,"column":47}},"314":{"start":{"line":588,"column":6},"end":{"line":588,"column":45}},"315":{"start":{"line":589,"column":6},"end":{"line":589,"column":44}},"316":{"start":{"line":590,"column":6},"end":{"line":590,"column":41}},"317":{"start":{"line":593,"column":4},"end":{"line":593,"column":29}},"318":{"start":{"line":594,"column":4},"end":{"line":594,"column":30}},"319":{"start":{"line":596,"column":4},"end":{"line":596,"column":16}},"320":{"start":{"line":605,"column":17},"end":{"line":605,"column":46}},"321":{"start":{"line":606,"column":4},"end":{"line":606,"column":56}},"322":{"start":{"line":608,"column":19},"end":{"line":608,"column":47}},"323":{"start":{"line":609,"column":17},"end":{"line":609,"column":47}},"324":{"start":{"line":610,"column":4},"end":{"line":610,"column":28}},"325":{"start":{"line":611,"column":4},"end":{"line":611,"column":28}},"326":{"start":{"line":612,"column":4},"end":{"line":612,"column":29}},"327":{"start":{"line":613,"column":4},"end":{"line":613,"column":72}},"328":{"start":{"line":615,"column":20},"end":{"line":615,"column":49}},"329":{"start":{"line":616,"column":4},"end":{"line":616,"column":45}},"330":{"start":{"line":618,"column":15},"end":{"line":618,"column":50}},"331":{"start":{"line":621,"column":4},"end":{"line":630,"column":5}},"332":{"start":{"line":622,"column":28},"end":{"line":628,"column":7}},"333":{"start":{"line":629,"column":6},"end":{"line":629,"column":41}},"334":{"start":{"line":633,"column":4},"end":{"line":642,"column":5}},"335":{"start":{"line":634,"column":28},"end":{"line":640,"column":7}},"336":{"start":{"line":641,"column":6},"end":{"line":641,"column":41}},"337":{"start":{"line":645,"column":4},"end":{"line":665,"column":5}},"338":{"start":{"line":646,"column":23},"end":{"line":646,"column":52}},"339":{"start":{"line":647,"column":6},"end":{"line":647,"column":44}},"340":{"start":{"line":649,"column":24},"end":{"line":649,"column":53}},"341":{"start":{"line":650,"column":6},"end":{"line":650,"column":46}},"342":{"start":{"line":651,"column":6},"end":{"line":651,"column":45}},"343":{"start":{"line":653,"column":29},"end":{"line":653,"column":58}},"344":{"start":{"line":654,"column":6},"end":{"line":654,"column":51}},"345":{"start":{"line":655,"column":6},"end":{"line":655,"column":59}},"346":{"start":{"line":657,"column":26},"end":{"line":657,"column":55}},"347":{"start":{"line":658,"column":6},"end":{"line":658,"column":50}},"348":{"start":{"line":659,"column":6},"end":{"line":659,"column":55}},"349":{"start":{"line":661,"column":6},"end":{"line":661,"column":38}},"350":{"start":{"line":662,"column":6},"end":{"line":662,"column":43}},"351":{"start":{"line":663,"column":6},"end":{"line":663,"column":40}},"352":{"start":{"line":664,"column":6},"end":{"line":664,"column":36}},"353":{"start":{"line":667,"column":4},"end":{"line":667,"column":29}},"354":{"start":{"line":668,"column":4},"end":{"line":668,"column":30}},"355":{"start":{"line":670,"column":4},"end":{"line":670,"column":16}},"356":{"start":{"line":678,"column":17},"end":{"line":678,"column":46}},"357":{"start":{"line":679,"column":4},"end":{"line":679,"column":38}},"358":{"start":{"line":681,"column":20},"end":{"line":681,"column":49}},"359":{"start":{"line":682,"column":4},"end":{"line":682,"column":42}},"360":{"start":{"line":683,"column":4},"end":{"line":683,"column":32}},"361":{"start":{"line":685,"column":23},"end":{"line":685,"column":52}},"362":{"start":{"line":686,"column":4},"end":{"line":686,"column":50}},"363":{"start":{"line":688,"column":22},"end":{"line":688,"column":52}},"364":{"start":{"line":689,"column":4},"end":{"line":689,"column":39}},"365":{"start":{"line":690,"column":4},"end":{"line":690,"column":53}},"366":{"start":{"line":692,"column":24},"end":{"line":692,"column":54}},"367":{"start":{"line":693,"column":4},"end":{"line":693,"column":45}},"368":{"start":{"line":694,"column":4},"end":{"line":694,"column":59}},"369":{"start":{"line":696,"column":23},"end":{"line":696,"column":53}},"370":{"start":{"line":697,"column":4},"end":{"line":697,"column":185}},"371":{"start":{"line":698,"column":4},"end":{"line":698,"column":44}},"372":{"start":{"line":700,"column":4},"end":{"line":700,"column":38}},"373":{"start":{"line":701,"column":4},"end":{"line":701,"column":60}},"374":{"start":{"line":702,"column":4},"end":{"line":702,"column":40}},"375":{"start":{"line":703,"column":4},"end":{"line":706,"column":5}},"376":{"start":{"line":704,"column":6},"end":{"line":704,"column":59}},"377":{"start":{"line":705,"column":6},"end":{"line":705,"column":41}},"378":{"start":{"line":708,"column":22},"end":{"line":708,"column":51}},"379":{"start":{"line":709,"column":4},"end":{"line":709,"column":46}},"380":{"start":{"line":710,"column":4},"end":{"line":710,"column":36}},"381":{"start":{"line":712,"column":4},"end":{"line":712,"column":30}},"382":{"start":{"line":713,"column":4},"end":{"line":713,"column":33}},"383":{"start":{"line":714,"column":4},"end":{"line":714,"column":32}},"384":{"start":{"line":716,"column":4},"end":{"line":716,"column":16}},"385":{"start":{"line":724,"column":4},"end":{"line":724,"column":39}},"386":{"start":{"line":726,"column":20},"end":{"line":726,"column":68}},"387":{"start":{"line":727,"column":20},"end":{"line":727,"column":60}},"388":{"start":{"line":729,"column":4},"end":{"line":731,"column":5}},"389":{"start":{"line":730,"column":6},"end":{"line":730,"column":65}},"390":{"start":{"line":733,"column":4},"end":{"line":735,"column":5}},"391":{"start":{"line":734,"column":6},"end":{"line":734,"column":56}},"392":{"start":{"line":743,"column":4},"end":{"line":743,"column":32}},"393":{"start":{"line":743,"column":25},"end":{"line":743,"column":32}},"394":{"start":{"line":745,"column":29},"end":{"line":745,"column":93}},"395":{"start":{"line":747,"column":24},"end":{"line":747,"column":53}},"396":{"start":{"line":748,"column":4},"end":{"line":748,"column":47}},"397":{"start":{"line":751,"column":4},"end":{"line":751,"column":38}},"398":{"start":{"line":752,"column":4},"end":{"line":752,"column":88}},"399":{"start":{"line":753,"column":4},"end":{"line":753,"column":52}},"400":{"start":{"line":754,"column":4},"end":{"line":754,"column":51}},"401":{"start":{"line":756,"column":4},"end":{"line":756,"column":44}},"402":{"start":{"line":764,"column":4},"end":{"line":764,"column":32}},"403":{"start":{"line":764,"column":25},"end":{"line":764,"column":32}},"404":{"start":{"line":766,"column":29},"end":{"line":766,"column":93}},"405":{"start":{"line":768,"column":24},"end":{"line":768,"column":53}},"406":{"start":{"line":769,"column":4},"end":{"line":769,"column":47}},"407":{"start":{"line":772,"column":4},"end":{"line":772,"column":38}},"408":{"start":{"line":773,"column":4},"end":{"line":773,"column":88}},"409":{"start":{"line":774,"column":4},"end":{"line":774,"column":52}},"410":{"start":{"line":775,"column":4},"end":{"line":775,"column":51}},"411":{"start":{"line":777,"column":4},"end":{"line":777,"column":44}}},"fnMap":{"0":{"name":"(anonymous_0)","decl":{"start":{"line":19,"column":2},"end":{"line":19,"column":3}},"loc":{"start":{"line":19,"column":38},"end":{"line":24,"column":3}},"line":19},"1":{"name":"(anonymous_1)","decl":{"start":{"line":30,"column":2},"end":{"line":30,"column":3}},"loc":{"start":{"line":30,"column":11},"end":{"line":51,"column":3}},"line":30},"2":{"name":"(anonymous_2)","decl":{"start":{"line":58,"column":2},"end":{"line":58,"column":3}},"loc":{"start":{"line":58,"column":17},"end":{"line":83,"column":3}},"line":58},"3":{"name":"(anonymous_3)","decl":{"start":{"line":77,"column":37},"end":{"line":77,"column":38}},"loc":{"start":{"line":77,"column":43},"end":{"line":77,"column":63}},"line":77},"4":{"name":"(anonymous_4)","decl":{"start":{"line":90,"column":2},"end":{"line":90,"column":3}},"loc":{"start":{"line":90,"column":18},"end":{"line":144,"column":3}},"line":90},"5":{"name":"(anonymous_5)","decl":{"start":{"line":151,"column":2},"end":{"line":151,"column":3}},"loc":{"start":{"line":151,"column":24},"end":{"line":201,"column":3}},"line":151},"6":{"name":"(anonymous_6)","decl":{"start":{"line":208,"column":2},"end":{"line":208,"column":3}},"loc":{"start":{"line":208,"column":22},"end":{"line":257,"column":3}},"line":208},"7":{"name":"(anonymous_7)","decl":{"start":{"line":222,"column":37},"end":{"line":222,"column":38}},"loc":{"start":{"line":222,"column":47},"end":{"line":251,"column":5}},"line":222},"8":{"name":"(anonymous_8)","decl":{"start":{"line":240,"column":31},"end":{"line":240,"column":32}},"loc":{"start":{"line":240,"column":41},"end":{"line":245,"column":9}},"line":240},"9":{"name":"(anonymous_9)","decl":{"start":{"line":264,"column":2},"end":{"line":264,"column":3}},"loc":{"start":{"line":264,"column":27},"end":{"line":314,"column":3}},"line":264},"10":{"name":"(anonymous_10)","decl":{"start":{"line":278,"column":42},"end":{"line":278,"column":43}},"loc":{"start":{"line":278,"column":49},"end":{"line":308,"column":5}},"line":278},"11":{"name":"(anonymous_11)","decl":{"start":{"line":321,"column":2},"end":{"line":321,"column":3}},"loc":{"start":{"line":321,"column":20},"end":{"line":375,"column":3}},"line":321},"12":{"name":"(anonymous_12)","decl":{"start":{"line":337,"column":35},"end":{"line":337,"column":36}},"loc":{"start":{"line":337,"column":43},"end":{"line":343,"column":5}},"line":337},"13":{"name":"(anonymous_13)","decl":{"start":{"line":383,"column":2},"end":{"line":383,"column":3}},"loc":{"start":{"line":383,"column":27},"end":{"line":388,"column":3}},"line":383},"14":{"name":"(anonymous_14)","decl":{"start":{"line":398,"column":2},"end":{"line":398,"column":3}},"loc":{"start":{"line":398,"column":48},"end":{"line":438,"column":3}},"line":398},"15":{"name":"(anonymous_15)","decl":{"start":{"line":403,"column":20},"end":{"line":403,"column":21}},"loc":{"start":{"line":403,"column":28},"end":{"line":434,"column":7}},"line":403},"16":{"name":"(anonymous_16)","decl":{"start":{"line":422,"column":39},"end":{"line":422,"column":40}},"loc":{"start":{"line":422,"column":52},"end":{"line":426,"column":11}},"line":422},"17":{"name":"(anonymous_17)","decl":{"start":{"line":445,"column":2},"end":{"line":445,"column":3}},"loc":{"start":{"line":445,"column":23},"end":{"line":501,"column":3}},"line":445},"18":{"name":"(anonymous_18)","decl":{"start":{"line":459,"column":41},"end":{"line":459,"column":42}},"loc":{"start":{"line":459,"column":52},"end":{"line":495,"column":5}},"line":459},"19":{"name":"(anonymous_19)","decl":{"start":{"line":508,"column":2},"end":{"line":508,"column":3}},"loc":{"start":{"line":508,"column":38},"end":{"line":597,"column":3}},"line":508},"20":{"name":"(anonymous_20)","decl":{"start":{"line":550,"column":33},"end":{"line":550,"column":34}},"loc":{"start":{"line":550,"column":41},"end":{"line":554,"column":7}},"line":550},"21":{"name":"(anonymous_21)","decl":{"start":{"line":604,"column":2},"end":{"line":604,"column":3}},"loc":{"start":{"line":604,"column":33},"end":{"line":671,"column":3}},"line":604},"22":{"name":"(anonymous_22)","decl":{"start":{"line":677,"column":2},"end":{"line":677,"column":3}},"loc":{"start":{"line":677,"column":73},"end":{"line":717,"column":3}},"line":677},"23":{"name":"(anonymous_23)","decl":{"start":{"line":723,"column":2},"end":{"line":723,"column":3}},"loc":{"start":{"line":723,"column":18},"end":{"line":736,"column":3}},"line":723},"24":{"name":"(anonymous_24)","decl":{"start":{"line":742,"column":2},"end":{"line":742,"column":3}},"loc":{"start":{"line":742,"column":18},"end":{"line":757,"column":3}},"line":742},"25":{"name":"(anonymous_25)","decl":{"start":{"line":763,"column":2},"end":{"line":763,"column":3}},"loc":{"start":{"line":763,"column":18},"end":{"line":778,"column":3}},"line":763}},"branchMap":{"0":{"loc":{"start":{"line":37,"column":4},"end":{"line":40,"column":5}},"type":"if","locations":[{"start":{"line":37,"column":4},"end":{"line":40,"column":5}},{"start":{},"end":{}}],"line":37},"1":{"loc":{"start":{"line":74,"column":51},"end":{"line":74,"column":78}},"type":"cond-expr","locations":[{"start":{"line":74,"column":69},"end":{"line":74,"column":72}},{"start":{"line":74,"column":75},"end":{"line":74,"column":78}}],"line":74},"2":{"loc":{"start":{"line":93,"column":28},"end":{"line":93,"column":62}},"type":"cond-expr","locations":[{"start":{"line":93,"column":46},"end":{"line":93,"column":53}},{"start":{"line":93,"column":56},"end":{"line":93,"column":62}}],"line":93},"3":{"loc":{"start":{"line":96,"column":4},"end":{"line":99,"column":5}},"type":"if","locations":[{"start":{"line":96,"column":4},"end":{"line":99,"column":5}},{"start":{},"end":{}}],"line":96},"4":{"loc":{"start":{"line":106,"column":4},"end":{"line":109,"column":5}},"type":"if","locations":[{"start":{"line":106,"column":4},"end":{"line":109,"column":5}},{"start":{},"end":{}}],"line":106},"5":{"loc":{"start":{"line":106,"column":8},"end":{"line":106,"column":71}},"type":"binary-expr","locations":[{"start":{"line":106,"column":8},"end":{"line":106,"column":32}},{"start":{"line":106,"column":36},"end":{"line":106,"column":71}}],"line":106},"6":{"loc":{"start":{"line":112,"column":4},"end":{"line":115,"column":5}},"type":"if","locations":[{"start":{"line":112,"column":4},"end":{"line":115,"column":5}},{"start":{},"end":{}}],"line":112},"7":{"loc":{"start":{"line":112,"column":8},"end":{"line":112,"column":81}},"type":"binary-expr","locations":[{"start":{"line":112,"column":8},"end":{"line":112,"column":37}},{"start":{"line":112,"column":41},"end":{"line":112,"column":81}}],"line":112},"8":{"loc":{"start":{"line":118,"column":4},"end":{"line":121,"column":5}},"type":"if","locations":[{"start":{"line":118,"column":4},"end":{"line":121,"column":5}},{"start":{},"end":{}}],"line":118},"9":{"loc":{"start":{"line":118,"column":8},"end":{"line":118,"column":67}},"type":"binary-expr","locations":[{"start":{"line":118,"column":8},"end":{"line":118,"column":30}},{"start":{"line":118,"column":34},"end":{"line":118,"column":67}}],"line":118},"10":{"loc":{"start":{"line":126,"column":4},"end":{"line":129,"column":5}},"type":"if","locations":[{"start":{"line":126,"column":4},"end":{"line":129,"column":5}},{"start":{},"end":{}}],"line":126},"11":{"loc":{"start":{"line":126,"column":8},"end":{"line":126,"column":79}},"type":"binary-expr","locations":[{"start":{"line":126,"column":8},"end":{"line":126,"column":36}},{"start":{"line":126,"column":40},"end":{"line":126,"column":79}}],"line":126},"12":{"loc":{"start":{"line":132,"column":4},"end":{"line":135,"column":5}},"type":"if","locations":[{"start":{"line":132,"column":4},"end":{"line":135,"column":5}},{"start":{},"end":{}}],"line":132},"13":{"loc":{"start":{"line":138,"column":4},"end":{"line":141,"column":5}},"type":"if","locations":[{"start":{"line":138,"column":4},"end":{"line":141,"column":5}},{"start":{},"end":{}}],"line":138},"14":{"loc":{"start":{"line":172,"column":4},"end":{"line":198,"column":5}},"type":"if","locations":[{"start":{"line":172,"column":4},"end":{"line":198,"column":5}},{"start":{},"end":{}}],"line":172},"15":{"loc":{"start":{"line":176,"column":6},"end":{"line":181,"column":7}},"type":"if","locations":[{"start":{"line":176,"column":6},"end":{"line":181,"column":7}},{"start":{},"end":{}}],"line":176},"16":{"loc":{"start":{"line":183,"column":6},"end":{"line":188,"column":7}},"type":"if","locations":[{"start":{"line":183,"column":6},"end":{"line":188,"column":7}},{"start":{},"end":{}}],"line":183},"17":{"loc":{"start":{"line":190,"column":6},"end":{"line":195,"column":7}},"type":"if","locations":[{"start":{"line":190,"column":6},"end":{"line":195,"column":7}},{"start":{},"end":{}}],"line":190},"18":{"loc":{"start":{"line":236,"column":6},"end":{"line":248,"column":7}},"type":"if","locations":[{"start":{"line":236,"column":6},"end":{"line":248,"column":7}},{"start":{},"end":{}}],"line":236},"19":{"loc":{"start":{"line":236,"column":10},"end":{"line":236,"column":53}},"type":"binary-expr","locations":[{"start":{"line":236,"column":10},"end":{"line":236,"column":24}},{"start":{"line":236,"column":28},"end":{"line":236,"column":53}}],"line":236},"20":{"loc":{"start":{"line":292,"column":6},"end":{"line":297,"column":7}},"type":"if","locations":[{"start":{"line":292,"column":6},"end":{"line":297,"column":7}},{"start":{},"end":{}}],"line":292},"21":{"loc":{"start":{"line":292,"column":10},"end":{"line":292,"column":61}},"type":"binary-expr","locations":[{"start":{"line":292,"column":10},"end":{"line":292,"column":28}},{"start":{"line":292,"column":32},"end":{"line":292,"column":61}}],"line":292},"22":{"loc":{"start":{"line":300,"column":6},"end":{"line":305,"column":7}},"type":"if","locations":[{"start":{"line":300,"column":6},"end":{"line":305,"column":7}},{"start":{},"end":{}}],"line":300},"23":{"loc":{"start":{"line":339,"column":6},"end":{"line":341,"column":7}},"type":"if","locations":[{"start":{"line":339,"column":6},"end":{"line":341,"column":7}},{"start":{},"end":{}}],"line":339},"24":{"loc":{"start":{"line":402,"column":4},"end":{"line":435,"column":5}},"type":"if","locations":[{"start":{"line":402,"column":4},"end":{"line":435,"column":5}},{"start":{},"end":{}}],"line":402},"25":{"loc":{"start":{"line":402,"column":8},"end":{"line":402,"column":33}},"type":"binary-expr","locations":[{"start":{"line":402,"column":8},"end":{"line":402,"column":13}},{"start":{"line":402,"column":17},"end":{"line":402,"column":33}}],"line":402},"26":{"loc":{"start":{"line":414,"column":8},"end":{"line":431,"column":9}},"type":"if","locations":[{"start":{"line":414,"column":8},"end":{"line":431,"column":9}},{"start":{},"end":{}}],"line":414},"27":{"loc":{"start":{"line":414,"column":12},"end":{"line":414,"column":67}},"type":"binary-expr","locations":[{"start":{"line":414,"column":12},"end":{"line":414,"column":32}},{"start":{"line":414,"column":36},"end":{"line":414,"column":67}}],"line":414},"28":{"loc":{"start":{"line":475,"column":6},"end":{"line":484,"column":7}},"type":"if","locations":[{"start":{"line":475,"column":6},"end":{"line":484,"column":7}},{"start":{},"end":{}}],"line":475},"29":{"loc":{"start":{"line":487,"column":6},"end":{"line":492,"column":7}},"type":"if","locations":[{"start":{"line":487,"column":6},"end":{"line":492,"column":7}},{"start":{},"end":{}}],"line":487},"30":{"loc":{"start":{"line":525,"column":4},"end":{"line":538,"column":5}},"type":"if","locations":[{"start":{"line":525,"column":4},"end":{"line":538,"column":5}},{"start":{},"end":{}}],"line":525},"31":{"loc":{"start":{"line":541,"column":4},"end":{"line":559,"column":5}},"type":"if","locations":[{"start":{"line":541,"column":4},"end":{"line":559,"column":5}},{"start":{},"end":{}}],"line":541},"32":{"loc":{"start":{"line":541,"column":8},"end":{"line":541,"column":59}},"type":"binary-expr","locations":[{"start":{"line":541,"column":8},"end":{"line":541,"column":26}},{"start":{"line":541,"column":30},"end":{"line":541,"column":59}}],"line":541},"33":{"loc":{"start":{"line":562,"column":4},"end":{"line":575,"column":5}},"type":"if","locations":[{"start":{"line":562,"column":4},"end":{"line":575,"column":5}},{"start":{},"end":{}}],"line":562},"34":{"loc":{"start":{"line":578,"column":4},"end":{"line":591,"column":5}},"type":"if","locations":[{"start":{"line":578,"column":4},"end":{"line":591,"column":5}},{"start":{},"end":{}}],"line":578},"35":{"loc":{"start":{"line":621,"column":4},"end":{"line":630,"column":5}},"type":"if","locations":[{"start":{"line":621,"column":4},"end":{"line":630,"column":5}},{"start":{},"end":{}}],"line":621},"36":{"loc":{"start":{"line":633,"column":4},"end":{"line":642,"column":5}},"type":"if","locations":[{"start":{"line":633,"column":4},"end":{"line":642,"column":5}},{"start":{},"end":{}}],"line":633},"37":{"loc":{"start":{"line":645,"column":4},"end":{"line":665,"column":5}},"type":"if","locations":[{"start":{"line":645,"column":4},"end":{"line":665,"column":5}},{"start":{},"end":{}}],"line":645},"38":{"loc":{"start":{"line":697,"column":27},"end":{"line":697,"column":184}},"type":"cond-expr","locations":[{"start":{"line":697,"column":152},"end":{"line":697,"column":171}},{"start":{"line":697,"column":174},"end":{"line":697,"column":184}}],"line":697},"39":{"loc":{"start":{"line":697,"column":27},"end":{"line":697,"column":149}},"type":"binary-expr","locations":[{"start":{"line":697,"column":27},"end":{"line":697,"column":35}},{"start":{"line":697,"column":39},"end":{"line":697,"column":66}},{"start":{"line":697,"column":70},"end":{"line":697,"column":78}},{"start":{"line":697,"column":82},"end":{"line":697,"column":107}},{"start":{"line":697,"column":111},"end":{"line":697,"column":119}},{"start":{"line":697,"column":123},"end":{"line":697,"column":149}}],"line":697},"40":{"loc":{"start":{"line":698,"column":29},"end":{"line":698,"column":43}},"type":"binary-expr","locations":[{"start":{"line":698,"column":29},"end":{"line":698,"column":37}},{"start":{"line":698,"column":41},"end":{"line":698,"column":43}}],"line":698},"41":{"loc":{"start":{"line":703,"column":4},"end":{"line":706,"column":5}},"type":"if","locations":[{"start":{"line":703,"column":4},"end":{"line":706,"column":5}},{"start":{},"end":{}}],"line":703},"42":{"loc":{"start":{"line":729,"column":4},"end":{"line":731,"column":5}},"type":"if","locations":[{"start":{"line":729,"column":4},"end":{"line":731,"column":5}},{"start":{},"end":{}}],"line":729},"43":{"loc":{"start":{"line":730,"column":30},"end":{"line":730,"column":64}},"type":"cond-expr","locations":[{"start":{"line":730,"column":48},"end":{"line":730,"column":55}},{"start":{"line":730,"column":58},"end":{"line":730,"column":64}}],"line":730},"44":{"loc":{"start":{"line":733,"column":4},"end":{"line":735,"column":5}},"type":"if","locations":[{"start":{"line":733,"column":4},"end":{"line":735,"column":5}},{"start":{},"end":{}}],"line":733},"45":{"loc":{"start":{"line":734,"column":28},"end":{"line":734,"column":55}},"type":"cond-expr","locations":[{"start":{"line":734,"column":46},"end":{"line":734,"column":49}},{"start":{"line":734,"column":52},"end":{"line":734,"column":55}}],"line":734},"46":{"loc":{"start":{"line":743,"column":4},"end":{"line":743,"column":32}},"type":"if","locations":[{"start":{"line":743,"column":4},"end":{"line":743,"column":32}},{"start":{},"end":{}}],"line":743},"47":{"loc":{"start":{"line":764,"column":4},"end":{"line":764,"column":32}},"type":"if","locations":[{"start":{"line":764,"column":4},"end":{"line":764,"column":32}},{"start":{},"end":{}}],"line":764}},"s":{"0":0,"1":0,"2":0,"3":0,"4":0,"5":0,"6":0,"7":0,"8":0,"9":0,"10":0,"11":0,"12":0,"13":0,"14":0,"15":0,"16":0,"17":0,"18":0,"19":0,"20":0,"21":0,"22":0,"23":0,"24":0,"25":0,"26":0,"27":0,"28":0,"29":0,"30":0,"31":0,"32":0,"33":0,"34":0,"35":0,"36":0,"37":0,"38":0,"39":0,"40":0,"41":0,"42":0,"43":0,"44":0,"45":0,"46":0,"47":0,"48":0,"49":0,"50":0,"51":0,"52":0,"53":0,"54":0,"55":0,"56":0,"57":0,"58":0,"59":0,"60":0,"61":0,"62":0,"63":0,"64":0,"65":0,"66":0,"67":0,"68":0,"69":0,"70":0,"71":0,"72":0,"73":0,"74":0,"75":0,"76":0,"77":0,"78":0,"79":0,"80":0,"81":0,"82":0,"83":0,"84":0,"85":0,"86":0,"87":0,"88":0,"89":0,"90":0,"91":0,"92":0,"93":0,"94":0,"95":0,"96":0,"97":0,"98":0,"99":0,"100":0,"101":0,"102":0,"103":0,"104":0,"105":0,"106":0,"107":0,"108":0,"109":0,"110":0,"111":0,"112":0,"113":0,"114":0,"115":0,"116":0,"117":0,"118":0,"119":0,"120":0,"121":0,"122":0,"123":0,"124":0,"125":0,"126":0,"127":0,"128":0,"129":0,"130":0,"131":0,"132":0,"133":0,"134":0,"135":0,"136":0,"137":0,"138":0,"139":0,"140":0,"141":0,"142":0,"143":0,"144":0,"145":0,"146":0,"147":0,"148":0,"149":0,"150":0,"151":0,"152":0,"153":0,"154":0,"155":0,"156":0,"157":0,"158":0,"159":0,"160":0,"161":0,"162":0,"163":0,"164":0,"165":0,"166":0,"167":0,"168":0,"169":0,"170":0,"171":0,"172":0,"173":0,"174":0,"175":0,"176":0,"177":0,"178":0,"179":0,"180":0,"181":0,"182":0,"183":0,"184":0,"185":0,"186":0,"187":0,"188":0,"189":0,"190":0,"191":0,"192":0,"193":0,"194":0,"195":0,"196":0,"197":0,"198":0,"199":0,"200":
[...]
552,"column":6},"end":{"line":552,"column":97}},"158":{"start":{"line":553,"column":6},"end":{"line":553,"column":90}},"159":{"start":{"line":556,"column":4},"end":{"line":556,"column":148}},"160":{"start":{"line":559,"column":21},"end":{"line":563,"column":5}},"161":{"start":{"line":564,"column":4},"end":{"line":572,"column":7}},"162":{"start":{"line":574,"column":4},"end":{"line":574,"column":23}},"163":{"start":{"line":575,"column":9},"end":{"line":588,"column":3}},"164":{"start":{"line":576,"column":4},"end":{"line":576,"column":52}},"165":{"start":{"line":577,"column":4},"end":{"line":580,"column":7}},"166":{"start":{"line":583,"column":4},"end":{"line":583,"column":69}},"167":{"start":{"line":584,"column":4},"end":{"line":587,"column":7}},"168":{"start":{"line":595,"column":0},"end":{"line":642,"column":3}},"169":{"start":{"line":596,"column":18},"end":{"line":596,"column":31}},"170":{"start":{"line":597,"column":2},"end":{"line":597,"column":62}},"171":{"start":{"line":600,"column":2},"end":{"line":603,"column":3}},"172":{"start":{"line":601,"column":4},"end":{"line":601,"column":57}},"173":{"start":{"line":602,"column":4},"end":{"line":602,"column":75}},"174":{"start":{"line":605,"column":16},"end":{"line":605,"column":33}},"175":{"start":{"line":606,"column":2},"end":{"line":612,"column":3}},"176":{"start":{"line":607,"column":4},"end":{"line":607,"column":60}},"177":{"start":{"line":608,"column":4},"end":{"line":608,"column":80}},"178":{"start":{"line":609,"column":4},"end":{"line":611,"column":7}},"179":{"start":{"line":615,"column":2},"end":{"line":618,"column":3}},"180":{"start":{"line":616,"column":4},"end":{"line":616,"column":61}},"181":{"start":{"line":617,"column":4},"end":{"line":617,"column":70}},"182":{"start":{"line":620,"column":2},"end":{"line":623,"column":3}},"183":{"start":{"line":621,"column":4},"end":{"line":621,"column":102}},"184":{"start":{"line":622,"column":4},"end":{"line":622,"column":78}},"185":{"start":{"line":625,"column":2},"end":{"line":628,"column":3}},"186":{"start":{"line":626,"column":4},"end":{"line":626,"column":94}},"187":{"start":{"line":627,"column":4},"end":{"line":627,"column":78}},"188":{"start":{"line":630,"column":2},"end":{"line":630,"column":135}},"189":{"start":{"line":633,"column":23},"end":{"line":637,"column":3}},"190":{"start":{"line":639,"column":2},"end":{"line":639,"column":77}},"191":{"start":{"line":641,"column":2},"end":{"line":641,"column":25}},"192":{"start":{"line":648,"column":0},"end":{"line":707,"column":3}},"193":{"start":{"line":649,"column":2},"end":{"line":706,"column":3}},"194":{"start":{"line":660,"column":8},"end":{"line":660,"column":16}},"195":{"start":{"line":662,"column":4},"end":{"line":672,"column":7}},"196":{"start":{"line":675,"column":4},"end":{"line":680,"column":5}},"197":{"start":{"line":676,"column":6},"end":{"line":676,"column":63}},"198":{"start":{"line":677,"column":6},"end":{"line":679,"column":9}},"199":{"start":{"line":689,"column":4},"end":{"line":689,"column":86}},"200":{"start":{"line":691,"column":4},"end":{"line":699,"column":7}},"201":{"start":{"line":701,"column":4},"end":{"line":701,"column":57}},"202":{"start":{"line":702,"column":4},"end":{"line":705,"column":7}},"203":{"start":{"line":713,"column":0},"end":{"line":754,"column":3}},"204":{"start":{"line":714,"column":2},"end":{"line":753,"column":3}},"205":{"start":{"line":722,"column":8},"end":{"line":722,"column":16}},"206":{"start":{"line":724,"column":4},"end":{"line":729,"column":7}},"207":{"start":{"line":732,"column":4},"end":{"line":737,"column":5}},"208":{"start":{"line":733,"column":6},"end":{"line":733,"column":64}},"209":{"start":{"line":734,"column":6},"end":{"line":736,"column":9}},"210":{"start":{"line":739,"column":4},"end":{"line":739,"column":67}},"211":{"start":{"line":741,"column":4},"end":{"line":746,"column":7}},"212":{"start":{"line":748,"column":4},"end":{"line":748,"column":57}},"213":{"start":{"line":749,"column":4},"end":{"line":752,"column":7}}},"fnMap":{"0":{"name":"processChartGeneration","decl":{"start":{"line":26,"column":15},"end":{"line":26,"column":37}},"loc":{"start":{"line":26,"column":61},"end":{"line":483,"column":1}},"line":26},"1":{"name":"(anonymous_1)","decl":{"start":{"line":51,"column":37},"end":{"line":51,"column":38}},"loc":{"start":{"line":51,"column":47},"end":{"line":51,"column":91}},"line":51},"2":{"name":"(anonymous_2)","decl":{"start":{"line":54,"column":53},"end":{"line":54,"column":54}},"loc":{"start":{"line":54,"column":69},"end":{"line":68,"column":7}},"line":54},"3":{"name":"(anonymous_3)","decl":{"start":{"line":116,"column":6},"end":{"line":116,"column":7}},"loc":{"start":{"line":116,"column":29},"end":{"line":123,"column":7}},"line":116},"4":{"name":"(anonymous_4)","decl":{"start":{"line":189,"column":8},"end":{"line":189,"column":9}},"loc":{"start":{"line":189,"column":31},"end":{"line":195,"column":9}},"line":189},"5":{"name":"(anonymous_5)","decl":{"start":{"line":249,"column":8},"end":{"line":249,"column":9}},"loc":{"start":{"line":249,"column":31},"end":{"line":255,"column":9}},"line":249},"6":{"name":"(anonymous_6)","decl":{"start":{"line":265,"column":22},"end":{"line":265,"column":23}},"loc":{"start":{"line":265,"column":39},"end":{"line":267,"column":7}},"line":265},"7":{"name":"(anonymous_7)","decl":{"start":{"line":402,"column":10},"end":{"line":402,"column":11}},"loc":{"start":{"line":402,"column":33},"end":{"line":404,"column":11}},"line":402},"8":{"name":"(anonymous_8)","decl":{"start":{"line":489,"column":46},"end":{"line":489,"column":47}},"loc":{"start":{"line":489,"column":66},"end":{"line":509,"column":1}},"line":489},"9":{"name":"(anonymous_9)","decl":{"start":{"line":506,"column":11},"end":{"line":506,"column":12}},"loc":{"start":{"line":506,"column":20},"end":{"line":508,"column":5}},"line":506},"10":{"name":"(anonymous_10)","decl":{"start":{"line":517,"column":23},"end":{"line":517,"column":24}},"loc":{"start":{"line":517,"column":37},"end":{"line":589,"column":1}},"line":517},"11":{"name":"(anonymous_11)","decl":{"start":{"line":595,"column":25},"end":{"line":595,"column":26}},"loc":{"start":{"line":595,"column":39},"end":{"line":642,"column":1}},"line":595},"12":{"name":"(anonymous_12)","decl":{"start":{"line":648,"column":50},"end":{"line":648,"column":51}},"loc":{"start":{"line":648,"column":64},"end":{"line":707,"column":1}},"line":648},"13":{"name":"(anonymous_13)","decl":{"start":{"line":713,"column":50},"end":{"line":713,"column":51}},"loc":{"start":{"line":713,"column":64},"end":{"line":754,"column":1}},"line":713}},"branchMap":{"0":{"loc":{"start":{"line":46,"column":30},"end":{"line":46,"column":48}},"type":"binary-expr","locations":[{"start":{"line":46,"column":30},"end":{"line":46,"column":43}},{"start":{"line":46,"column":47},"end":{"line":46,"column":48}}],"line":46},"1":{"loc":{"start":{"line":50,"column":4},"end":{"line":82,"column":5}},"type":"if","locations":[{"start":{"line":50,"column":4},"end":{"line":82,"column":5}},{"start":{},"end":{}}],"line":50},"2":{"loc":{"start":{"line":50,"column":8},"end":{"line":50,"column":33}},"type":"binary-expr","locations":[{"start":{"line":50,"column":8},"end":{"line":50,"column":13}},{"start":{"line":50,"column":17},"end":{"line":50,"column":33}}],"line":50},"3":{"loc":{"start":{"line":57,"column":8},"end":{"line":62,"column":9}},"type":"if","locations":[{"start":{"line":57,"column":8},"end":{"line":62,"column":9}},{"start":{"line":60,"column":15},"end":{"line":62,"column":9}}],"line":57},"4":{"loc":{"start":{"line":127,"column":83},"end":{"line":127,"column":98}},"type":"binary-expr","locations":[{"start":{"line":127,"column":83},"end":{"line":127,"column":92}},{"start":{"line":127,"column":96},"end":{"line":127,"column":98}}],"line":127},"5":{"loc":{"start":{"line":131,"column":4},"end":{"line":133,"column":5}},"type":"if","locations":[{"start":{"line":131,"column":4},"end":{"line":133,"column":5}},{"start":{},"end":{}}],"line":131},"6":{"loc":{"start":{"line":131,"column":8},"end":{"line":131,"column":51}},"type":"binary-expr","locations":[{"start":{"line":131,"column":8},"end":{"line":131,"column":18}},{"start":{"line":131,"column":22},"end":{"line":131,"column":51}}],"line":131},"7":{"loc":{"start":{"line":135,"column":4},"end":{"line":138,"column":5}},"type":"if","locations":[{"start":{"line":135,"column":4},"end":{"line":138,"column":5}},{"start":{},"end":{}}],"line":135},"8":{"loc":{"start":{"line":135,"column":8},"end":{"line":135,"column":71}},"type":"binary-expr","locations":[{"start":{"line":135,"column":8},"end":{"line":135,"column":30}},{"start":{"line":135,"column":34},"end":{"line":135,"column":71}}],"line":135},"9":{"loc":{"start":{"line":140,"column":4},"end":{"line":143,"column":5}},"type":"if","locations":[{"start":{"line":140,"column":4},"end":{"line":143,"column":5}},{"start":{},"end":{}}],"line":140},"10":{"loc":{"start":{"line":140,"column":8},"end":{"line":140,"column":57}},"type":"binary-expr","locations":[{"start":{"line":140,"column":8},"end":{"line":140,"column":23}},{"start":{"line":140,"column":27},"end":{"line":140,"column":57}}],"line":140},"11":{"loc":{"start":{"line":145,"column":4},"end":{"line":147,"column":5}},"type":"if","locations":[{"start":{"line":145,"column":4},"end":{"line":147,"column":5}},{"start":{},"end":{}}],"line":145},"12":{"loc":{"start":{"line":149,"column":4},"end":{"line":151,"column":5}},"type":"if","locations":[{"start":{"line":149,"column":4},"end":{"line":151,"column":5}},{"start":{},"end":{}}],"line":149},"13":{"loc":{"start":{"line":202,"column":6},"end":{"line":205,"column":7}},"type":"if","locations":[{"start":{"line":202,"column":6},"end":{"line":205,"column":7}},{"start":{},"end":{}}],"line":202},"14":{"loc":{"start":{"line":202,"column":10},"end":{"line":202,"column":55}},"type":"binary-expr","locations":[{"start":{"line":202,"column":10},"end":{"line":202,"column":26}},{"start":{"line":202,"column":30},"end":{"line":202,"column":55}}],"line":202},"15":{"loc":{"start":{"line":260,"column":6},"end":{"line":262,"column":7}},"type":"if","locations":[{"start":{"line":260,"column":6},"end":{"line":262,"column":7}},{"start":{},"end":{}}],"line":260},"16":{"loc":{"start":{"line":260,"column":10},"end":{"line":260,"column":69}},"type":"binary-expr","locations":[{"start":{"line":260,"column":10},"end":{"line":260,"column":18}},{"start":{"line":260,"column":22},"end":{"line":260,"column":45}},{"start":{"line":260,"column":49},"end":{"line":260,"column":69}}],"line":260},"17":{"loc":{"start":{"line":296,"column":8},"end":{"line":384,"column":9}},"type":"switch","locations":[{"start":{"line":297,"column":10},"end":{"line":304,"column":18}},{"start":{"line":305,"column":10},"end":{"line":316,"column":18}},{"start":{"line":317,"column":10},"end":{"line":328,"column":18}},{"start":{"line":329,"column":10},"end":{"line":342,"column":18}},{"start":{"line":343,"column":10},"end":{"line":362,"column":18}},{"start":{"line":363,"column":10},"end":{"line":374,"column":18}},{"start":{"line":375,"column":10},"end":{"line":383,"column":227}}],"line":296},"18":{"loc":{"start":{"line":408,"column":8},"end":{"line":413,"column":9}},"type":"if","locations":[{"start":{"line":408,"column":8},"end":{"line":413,"column":9}},{"start":{"line":411,"column":15},"end":{"line":413,"column":9}}],"line":408},"19":{"loc":{"start":{"line":416,"column":6},"end":{"line":422,"column":7}},"type":"if","locations":[{"start":{"line":416,"column":6},"end":{"line":422,"column":7}},{"start":{"line":419,"column":13},"end":{"line":422,"column":7}}],"line":416},"20":{"loc":{"start":{"line":462,"column":31},"end":{"line":462,"column":70}},"type":"binary-expr","locations":[{"start":{"line":462,"column":31},"end":{"line":462,"column":65}},{"start":{"line":462,"column":69},"end":{"line":462,"column":70}}],"line":462},"21":{"loc":{"start":{"line":466,"column":4},"end":{"line":473,"column":5}},"type":"if","locations":[{"start":{"line":466,"column":4},"end":{"line":473,"column":5}},{"start":{},"end":{}}],"line":466},"22":{"loc":{"start":{"line":466,"column":8},"end":{"line":466,"column":55}},"type":"binary-expr","locations":[{"start":{"line":466,"column":8},"end":{"line":466,"column":33}},{"start":{"line":466,"column":37},"end":{"line":466,"column":55}}],"line":466},"23":{"loc":{"start":{"line":493,"column":48},"end":{"line":493,"column":70}},"type":"binary-expr","locations":[{"start":{"line":493,"column":48},"end":{"line":493,"column":65}},{"start":{"line":493,"column":69},"end":{"line":493,"column":70}}],"line":493},"24":{"loc":{"start":{"line":521,"column":2},"end":{"line":524,"column":3}},"type":"if","locations":[{"start":{"line":521,"column":2},"end":{"line":524,"column":3}},{"start":{},"end":{}}],"line":521},"25":{"loc":{"start":{"line":527,"column":2},"end":{"line":532,"column":3}},"type":"if","locations":[{"start":{"line":527,"column":2},"end":{"line":532,"column":3}},{"start":{},"end":{}}],"line":527},"26":{"loc":{"start":{"line":537,"column":2},"end":{"line":588,"column":3}},"type":"if","locations":[{"start":{"line":537,"column":2},"end":{"line":588,"column":3}},{"start":{"line":575,"column":9},"end":{"line":588,"column":3}}],"line":537},"27":{"loc":{"start":{"line":538,"column":80},"end":{"line":538,"column":94}},"type":"binary-expr","locations":[{"start":{"line":538,"column":80},"end":{"line":538,"column":88}},{"start":{"line":538,"column":92},"end":{"line":538,"column":94}}],"line":538},"28":{"loc":{"start":{"line":541,"column":4},"end":{"line":544,"column":5}},"type":"if","locations":[{"start":{"line":541,"column":4},"end":{"line":544,"column":5}},{"start":{},"end":{}}],"line":541},"29":{"loc":{"start":{"line":541,"column":8},"end":{"line":541,"column":49}},"type":"binary-expr","locations":[{"start":{"line":541,"column":8},"end":{"line":541,"column":17}},{"start":{"line":541,"column":21},"end":{"line":541,"column":49}}],"line":541},"30":{"loc":{"start":{"line":546,"column":4},"end":{"line":549,"column":5}},"type":"if","locations":[{"start":{"line":546,"column":4},"end":{"line":549,"column":5}},{"start":{},"end":{}}],"line":546},"31":{"loc":{"start":{"line":546,"column":8},"end":{"line":546,"column":69}},"type":"binary-expr","locations":[{"start":{"line":546,"column":8},"end":{"line":546,"column":29}},{"start":{"line":546,"column":33},"end":{"line":546,"column":69}}],"line":546},"32":{"loc":{"start":{"line":551,"column":4},"end":{"line":554,"column":5}},"type":"if","locations":[{"start":{"line":551,"column":4},"end":{"line":554,"column":5}},{"start":{},"end":{}}],"line":551},"33":{"loc":{"start":{"line":551,"column":8},"end":{"line":551,"column":55}},"type":"binary-expr","locations":[{"start":{"line":551,"column":8},"end":{"line":551,"column":22}},{"start":{"line":551,"column":26},"end":{"line":551,"column":55}}],"line":551},"34":{"loc":{"start":{"line":575,"column":9},"end":{"line":588,"column":3}},"type":"if","locations":[{"start":{"line":575,"column":9},"end":{"line":588,"column":3}},{"start":{"line":581,"column":9},"end":{"line":588,"column":3}}],"line":575},"35":{"loc":{"start":{"line":600,"column":2},"end":{"line":603,"column":3}},"type":"if","locations":[{"start":{"line":600,"column":2},"end":{"line":603,"column":3}},{"start":{},"end":{}}],"line":600},"36":{"loc":{"start":{"line":606,"column":2},"end":{"line":612,"column":3}},"type":"if","locations":[{"start":{"line":606,"column":2},"end":{"line":612,"column":3}},{"start":{},"end":{}}],"line":606},"37":{"loc":{"start":{"line":615,"column":2},"end":{"line":618,"column":3}},"type":"if","locations":[{"start":{"line":615,"column":2},"end":{"line":618,"column":3}},{"start":{},"end":{}}],"line":615},"38":{"loc":{"start":{"line":620,"column":2},"end":{"line":623,"column":3}},"type":"if","locations":[{"start":{"line":620,"column":2},"end":{"line":623,"column":3}},{"start":{},"end":{}}],"line":620},"39":{"loc":{"start":{"line":620,"column":6},"end":{"line":620,"column":71}},"type":"binary-expr","locations":[{"start":{"line":620,"column":6},"end":{"line":620,"column":29}},{"start":{"line":620,"column":33},"end":{"line":620,"column":71}}],"line":620},"40":{"loc":{"start":{"line":625,"column":2},"end":{"line":628,"column":3}},"type":"if","locations":[{"start":{"line":625,"column":2},"end":{"line":628,"column":3}},{"start":{},"end":{}}],"line":625},"41":{"loc":{"start":{"line":625,"column":6},"end":{"line":625,"column":57}},"type":"binary-expr","locations":[{"start":{"line":625,"column":6},"end":{"line":625,"column":22}},{"start":{"line":625,"column":26},"end":{"line":625,"column":57}}],"line":625},"42":{"loc":{"start":{"line":675,"column":4},"end":{"line":680,"column":5}},"type":"if","locations":[{"start":{"line":675,"column":4},"end":{"line":680,"column":5}},{"start":{},"end":{}}],"line":675},"43":{"loc":{"start":{"line":675,"column":8},"end":{"line":675,"column":87}},"type":"binary-expr","locations":[{"start":{"line":675,"column":8},"end":{"line":675,"column":17}},{"start":{"line":675,"column":21},"end":{"line":675,"column":31}},{"start":{"line":675,"column":35},"end":{"line":675,"column":60}},{"start":{"line":675,"column":64},"end":{"line":675,"column":87}}],"line":675},"44":{"loc":{"start":{"line":732,"column":4},"end":{"line":737,"column":5}},"type":"if","locations":[{"start":{"line":732,"column":4},"end":{"line":737,"column":5}},{"start":{},"end":{}}],"line":732},"45":{"loc":{"start":{"line":732,"column":8},"end":{"line":732,"column":71}},"type":"binary-expr","locations":[{"start":{"line":732,"column":8},"end":{"line":732,"column":17}},{"start":{"line":732,"column":21},"end":{"line":732,"column":31}},{"start":{"line":732,"column":35},"end":{"line":732,"column":58}},{"start":{"line":732,"column":62},"end":{"line":732,"column":71}}],"line":732}},"s":{"0":0,"1":0,"2":0,"3":0,"4":0,"5":0,"6":0,"7":0,"8":0,"9":0,"10":0,"11":0,"12":0,"13":0,"14":0,"15":0,"16":0,"17":0,"18":0,"19":0,"20":0,"21":0,"22":0,"23":0,"24":0,"25":0,"26":0,"27":0,"28":0,"29":0,"30":0,"31":0,"32":0,"33":0,"34":0,"35":0,"36":0,"37":0,"38":0,"39":0,"40":0,"41":0,"42":0,"43":0,"44":0,"45":0,"46":0,"47":0,"48":0,"49":0,"50":0,"51":0,"52":0,"53":0,"54":0,"55":0,"56":0,"57":0,"58":0,"59":0,"60":0,"61":0,"62":0,"63":0,"64":0,"65":0,"66":0,"67":0,"68":0,"69":0,"70":0,"71":0,"72":0,"73":0,"74":0,"75":0,"76":0,"77":0,"78":0,"79":0,"80":0,"81":0,"82":0,"83":0,"84":0,"85":0,"86":0,"87":0,"88":0,"89":0,"90":0,"91":0,"92":0,"93":0,"94":0,"95":0,"96":0,"97":0,"98":0,"99":0,"100":0,"101":0,"102":0,"103":0,"104":0,"105":0,"106":0,"107":0,"108":0,"109":0,"110":0,"111":0,"112":0,"113":0,"114":0,"115":0,"116":0,"117":0,"118":0,"119":0,"120":0,"121":0,"122":0,"123":0,"124":0,"125":0,"126":0,"127":0,"128":0,"129":0,"130":0,"131":0,"132":0,"133":0,"134":0,"135":0,"136":0,"137":0,"138":0,"139":0,"140":0,"141":0,"142":0,"143":0,"144":0,"145":0,"146":0,"147":0,"148":0,"149":0,"150":0,"151":0,"152":0,"153":0,"154":0,"155":0,"156":0,"157":0,"158":0,"159":0,"160":0,"161":0,"162":0,"163":0,"164":0,"165":0,"166":0,"167":0,"168":0,"169":0,"170":0,"171":0,"172":0,"173":0,"174":0,"175":0,"176":0,"177":0,"178":0,"179":0,"180":0,"181":0,"182":0,"183":0,"184":0,"185":0,"186":0,"187":0,"188":0,"189":0,"190":0,"191":0,"192":0,"193":0,"194":0,"195":0,"196":0,"197":0,"198":0,"199":0,"200":0,"201":0,"202":0,"203":0,"204":0,"205":0,"206":0,"207":0,"208":0,"209":0,"210":0,"211":0,"212":0,"213":0},"f":{"0":0,"1":0,"2":0,"3":0,"4":0,"5":0,"6":0,"7":0,"8":0,"9":0,"10":0,"11":0,"12":0,"13":0},"b":{"0":[0,0],"1":[0,0],"2":[0,0],"3":[0,0],"4":[0,0],"5":[0,0],"6":[0,0],"7":[0,0],"8":[0,0],"9":[0,0],"10":[0,0],"11":[0,0],"12":[0,0],"13":[0,0],"14":[0,0],"15":[0,0],"16":[0,0,0],"17":[0,0,0,0,0,0,0],"18":[0,0],"19":[0,0],"20":[0,0],"21":[0,0],"22":[0,0],"23":[0,0],"24":[0,0],"25":[0,0],"26":[0,0],"27":[0,0],"28":[0,0],"29":[0,0],"30":[0,0],"31":[0,0],"32":[0,0],"33":[0,0],"34":[0,0],"35":[0,0],"36":[0,0],"37":[0,0],"38":[0,0],"39":[0,0],"40":[0,0],"41":[0,0],"42":[0,0],"43":[0,0,0,0],"44":[0,0],"45":[0,0,0,0]},"inputSourceMap":null}
}
