TN:
SF:Public/ChatInterface.js
FN:22,(anonymous_0)
FN:32,(anonymous_1)
FN:58,(anonymous_2)
FN:61,(anonymous_3)
FN:73,(anonymous_4)
FN:175,(anonymous_5)
FNF:6
FNH:0
FNDA:0,(anonymous_0)
FNDA:0,(anonymous_1)
FNDA:0,(anonymous_2)
FNDA:0,(anonymous_3)
FNDA:0,(anonymous_4)
FNDA:0,(anonymous_5)
DA:23,0
DA:24,0
DA:25,0
DA:33,0
DA:34,0
DA:35,0
DA:38,0
DA:39,0
DA:40,0
DA:48,0
DA:51,0
DA:59,0
DA:60,0
DA:61,0
DA:62,0
DA:63,0
DA:74,0
DA:75,0
DA:77,0
DA:79,0
DA:80,0
DA:83,0
DA:84,0
DA:87,0
DA:90,0
DA:91,0
DA:93,0
DA:95,0
DA:104,0
DA:106,0
DA:107,0
DA:108,0
DA:109,0
DA:110,0
DA:111,0
DA:113,0
DA:114,0
DA:117,0
DA:119,0
DA:122,0
DA:125,0
DA:126,0
DA:127,0
DA:129,0
DA:133,0
DA:134,0
DA:138,0
DA:140,0
DA:141,0
DA:142,0
DA:143,0
DA:144,0
DA:145,0
DA:146,0
DA:149,0
DA:150,0
DA:151,0
DA:152,0
DA:153,0
DA:157,0
DA:158,0
DA:159,0
DA:161,0
DA:162,0
DA:176,0
DA:177,0
DA:179,0
DA:180,0
DA:181,0
DA:182,0
DA:186,0
DA:188,0
DA:189,0
DA:191,0
DA:194,0
DA:195,0
DA:198,0
DA:200,0
LF:78
LH:0
BRDA:33,0,0,0
BRDA:33,0,1,0
BRDA:60,1,0,0
BRDA:60,1,1,0
BRDA:77,2,0,0
BRDA:77,2,1,0
BRDA:77,3,0,0
BRDA:77,3,1,0
BRDA:80,4,0,0
BRDA:80,4,1,0
BRDA:104,5,0,0
BRDA:104,5,1,0
BRDA:109,6,0,0
BRDA:109,6,1,0
BRDA:109,7,0,0
BRDA:109,7,1,0
BRDA:111,8,0,0
BRDA:111,8,1,0
BRDA:114,9,0,0
BRDA:114,9,1,0
BRDA:126,10,0,0
BRDA:126,10,1,0
BRDA:133,11,0,0
BRDA:133,11,1,0
BRDA:144,12,0,0
BRDA:144,12,1,0
BRDA:153,13,0,0
BRDA:153,13,1,0
BRDA:157,14,0,0
BRDA:157,14,1,0
BRDA:161,15,0,0
BRDA:161,15,1,0
BRDA:175,16,0,0
BRDA:177,17,0,0
BRDA:177,17,1,0
BRDA:181,18,0,0
BRDA:181,18,1,0
BRDA:186,19,0,0
BRDA:186,19,1,0
BRDA:186,20,0,0
BRDA:186,20,1,0
BRDA:189,21,0,0
BRDA:189,21,1,0
BRF:43
BRH:0
end_of_record
TN:
SF:Public/ContextMenu.js
FN:18,(anonymous_0)
FN:34,(anonymous_1)
FN:44,(anonymous_2)
FN:55,(anonymous_3)
FN:76,(anonymous_4)
FN:91,(anonymous_5)
FN:100,(anonymous_6)
FN:114,(anonymous_7)
FN:127,(anonymous_8)
FN:158,(anonymous_9)
FN:175,(anonymous_10)
FNF:11
FNH:0
FNDA:0,(anonymous_0)
FNDA:0,(anonymous_1)
FNDA:0,(anonymous_2)
FNDA:0,(anonymous_3)
FNDA:0,(anonymous_4)
FNDA:0,(anonymous_5)
FNDA:0,(anonymous_6)
FNDA:0,(anonymous_7)
FNDA:0,(anonymous_8)
FNDA:0,(anonymous_9)
FNDA:0,(anonymous_10)
DA:19,0
DA:20,0
DA:21,0
DA:22,0
DA:23,0
DA:24,0
DA:26,0
DA:27,0
DA:36,0
DA:37,0
DA:45,0
DA:46,0
DA:47,0
DA:56,0
DA:57,0
DA:59,0
DA:60,0
DA:63,0
DA:64,0
DA:66,0
DA:77,0
DA:78,0
DA:81,0
DA:82,0
DA:86,0
DA:87,0
DA:88,0
DA:91,0
DA:92,0
DA:101,0
DA:102,0
DA:104,0
DA:105,0
DA:106,0
DA:116,0
DA:117,0
DA:119,0
DA:128,0
DA:129,0
DA:130,0
DA:158,0
DA:159,0
DA:160,0
DA:161,0
DA:162,0
DA:166,0
DA:167,0
DA:176,0
DA:177,0
DA:178,0
DA:181,0
DA:184,0
DA:187,0
DA:189,0
DA:192,0
DA:193,0
DA:202,0
DA:203,0
DA:205,0
DA:207,0
DA:208,0
DA:212,0
LF:62
LH:0
BRDA:57,0,0,0
BRDA:57,0,1,0
BRDA:81,1,0,0
BRDA:81,1,1,0
BRDA:101,2,0,0
BRDA:101,2,1,0
BRDA:116,3,0,0
BRDA:116,3,1,0
BRDA:116,4,0,0
BRDA:116,4,1,0
BRDA:160,5,0,0
BRDA:160,5,1,0
BRDA:176,6,0,0
BRDA:176,6,1,0
BRDA:176,7,0,0
BRDA:176,7,1,0
BRDA:192,8,0,0
BRDA:192,8,1,0
BRF:18
BRH:0
end_of_record
TN:
SF:Public/DraggableGantt.js
FN:20,(anonymous_0)
FN:37,(anonymous_1)
FN:51,(anonymous_2)
FN:76,(anonymous_3)
FN:125,(anonymous_4)
FN:151,(anonymous_5)
FN:158,(anonymous_6)
FN:224,(anonymous_7)
FN:248,(anonymous_8)
FN:259,(anonymous_9)
FNF:10
FNH:0
FNDA:0,(anonymous_0)
FNDA:0,(anonymous_1)
FNDA:0,(anonymous_2)
FNDA:0,(anonymous_3)
FNDA:0,(anonymous_4)
FNDA:0,(anonymous_5)
FNDA:0,(anonymous_6)
FNDA:0,(anonymous_7)
FNDA:0,(anonymous_8)
FNDA:0,(anonymous_9)
DA:21,0
DA:22,0
DA:23,0
DA:24,0
DA:25,0
DA:28,0
DA:29,0
DA:30,0
DA:39,0
DA:40,0
DA:41,0
DA:43,0
DA:52,0
DA:53,0
DA:54,0
DA:57,0
DA:58,0
DA:59,0
DA:61,0
DA:63,0
DA:67,0
DA:68,0
DA:70,0
DA:71,0
DA:73,0
DA:76,0
DA:77,0
DA:79,0
DA:80,0
DA:82,0
DA:83,0
DA:84,0
DA:87,0
DA:101,0
DA:111,0
DA:112,0
DA:113,0
DA:114,0
DA:117,0
DA:126,0
DA:128,0
DA:129,0
DA:130,0
DA:131,0
DA:132,0
DA:134,0
DA:135,0
DA:138,0
DA:139,0
DA:140,0
DA:143,0
DA:152,0
DA:154,0
DA:157,0
DA:158,0
DA:160,0
DA:170,0
DA:173,0
DA:175,0
DA:176,0
DA:179,0
DA:180,0
DA:193,0
DA:194,0
DA:195,0
DA:197,0
DA:199,0
DA:200,0
DA:201,0
DA:207,0
DA:208,0
DA:209,0
DA:210,0
DA:213,0
DA:215,0
DA:225,0
DA:226,0
DA:227,0
DA:240,0
DA:241,0
DA:249,0
DA:250,0
DA:251,0
DA:260,0
DA:261,0
DA:262,0
DA:264,0
LF:87
LH:0
BRDA:54,0,0,0
BRDA:54,0,1,0
BRDA:61,1,0,0
BRDA:61,1,1,0
BRDA:61,2,0,0
BRDA:61,2,1,0
BRDA:82,3,0,0
BRDA:82,3,1,0
BRDA:82,4,0,0
BRDA:82,4,1,0
BRDA:126,5,0,0
BRDA:126,5,1,0
BRDA:152,6,0,0
BRDA:152,6,1,0
BRDA:170,7,0,0
BRDA:170,7,1,0
BRDA:173,8,0,0
BRDA:173,8,1,0
BRDA:179,9,0,0
BRDA:179,9,1,0
BRDA:231,10,0,0
BRDA:231,10,1,0
BRDA:249,11,0,0
BRDA:249,11,1,0
BRDA:249,12,0,0
BRDA:249,12,1,0
BRF:26
BRH:0
end_of_record
TN:
SF:Public/ExecutiveSummary.js
FN:19,(anonymous_0)
FN:30,(anonymous_1)
FN:58,(anonymous_2)
FN:77,(anonymous_3)
FN:90,(anonymous_4)
FN:151,(anonymous_5)
FN:208,(anonymous_6)
FN:222,(anonymous_7)
FN:240,(anonymous_8)
FN:264,(anonymous_9)
FN:278,(anonymous_10)
FN:321,(anonymous_11)
FN:337,(anonymous_12)
FN:383,(anonymous_13)
FN:398,(anonymous_14)
FN:403,(anonymous_15)
FN:422,(anonymous_16)
FN:445,(anonymous_17)
FN:459,(anonymous_18)
FN:508,(anonymous_19)
FN:550,(anonymous_20)
FN:604,(anonymous_21)
FN:677,(anonymous_22)
FN:723,(anonymous_23)
FN:742,(anonymous_24)
FN:763,(anonymous_25)
FNF:26
FNH:0
FNDA:0,(anonymous_0)
FNDA:0,(anonymous_1)
FNDA:0,(anonymous_2)
FNDA:0,(anonymous_3)
FNDA:0,(anonymous_4)
FNDA:0,(anonymous_5)
FNDA:0,(anonymous_6)
FNDA:0,(anonymous_7)
FNDA:0,(anonymous_8)
FNDA:0,(anonymous_9)
FNDA:0,(anonymous_10)
FNDA:0,(anonymous_11)
FNDA:0,(anonymous_12)
FNDA:0,(anonymous_13)
FNDA:0,(anonymous_14)
FNDA:0,(anonymous_15)
FNDA:0,(anonymous_16)
FNDA:0,(anonymous_17)
FNDA:0,(anonymous_18)
FNDA:0,(anonymous_19)
FNDA:0,(anonymous_20)
FNDA:0,(anonymous_21)
FNDA:0,(anonymous_22)
FNDA:0,(anonymous_23)
FNDA:0,(anonymous_24)
FNDA:0,(anonymous_25)
DA:20,0
DA:21,0
DA:22,0
DA:23,0
DA:32,0
DA:33,0
DA:34,0
DA:37,0
DA:38,0
DA:39,0
DA:43,0
DA:44,0
DA:47,0
DA:48,0
DA:50,0
DA:59,0
DA:60,0
DA:62,0
DA:63,0
DA:65,0
DA:66,0
DA:67,0
DA:68,0
DA:69,0
DA:71,0
DA:72,0
DA:73,0
DA:74,0
DA:77,0
DA:79,0
DA:80,0
DA:82,0
DA:91,0
DA:92,0
DA:93,0
DA:96,0
DA:97,0
DA:98,0
DA:102,0
DA:103,0
DA:106,0
DA:107,0
DA:108,0
DA:112,0
DA:113,0
DA:114,0
DA:118,0
DA:119,0
DA:120,0
DA:123,0
DA:126,0
DA:127,0
DA:128,0
DA:132,0
DA:133,0
DA:134,0
DA:138,0
DA:139,0
DA:140,0
DA:143,0
DA:152,0
DA:153,0
DA:155,0
DA:156,0
DA:157,0
DA:159,0
DA:160,0
DA:161,0
DA:163,0
DA:164,0
DA:165,0
DA:167,0
DA:168,0
DA:169,0
DA:172,0
DA:173,0
DA:174,0
DA:176,0
DA:177,0
DA:178,0
DA:179,0
DA:180,0
DA:183,0
DA:184,0
DA:185,0
DA:186,0
DA:187,0
DA:190,0
DA:191,0
DA:192,0
DA:193,0
DA:194,0
DA:197,0
DA:200,0
DA:209,0
DA:210,0
DA:212,0
DA:213,0
DA:214,0
DA:215,0
DA:216,0
DA:217,0
DA:219,0
DA:220,0
DA:222,0
DA:223,0
DA:224,0
DA:226,0
DA:227,0
DA:229,0
DA:230,0
DA:232,0
DA:233,0
DA:236,0
DA:237,0
DA:238,0
DA:240,0
DA:241,0
DA:242,0
DA:243,0
DA:244,0
DA:247,0
DA:250,0
DA:253,0
DA:254,0
DA:256,0
DA:265,0
DA:266,0
DA:268,0
DA:269,0
DA:270,0
DA:271,0
DA:272,0
DA:273,0
DA:275,0
DA:276,0
DA:278,0
DA:279,0
DA:280,0
DA:282,0
DA:283,0
DA:285,0
DA:286,0
DA:288,0
DA:289,0
DA:292,0
DA:293,0
DA:294,0
DA:295,0
DA:296,0
DA:300,0
DA:301,0
DA:302,0
DA:303,0
DA:304,0
DA:307,0
DA:310,0
DA:311,0
DA:313,0
DA:322,0
DA:323,0
DA:325,0
DA:326,0
DA:327,0
DA:328,0
DA:329,0
DA:330,0
DA:332,0
DA:333,0
DA:336,0
DA:337,0
DA:338,0
DA:339,0
DA:340,0
DA:342,0
DA:348,0
DA:349,0
DA:350,0
DA:351,0
DA:354,0
DA:355,0
DA:356,0
DA:357,0
DA:360,0
DA:361,0
DA:362,0
DA:363,0
DA:366,0
DA:367,0
DA:368,0
DA:369,0
DA:371,0
DA:372,0
DA:374,0
DA:384,0
DA:385,0
DA:386,0
DA:387,0
DA:399,0
DA:400,0
DA:402,0
DA:403,0
DA:404,0
DA:405,0
DA:407,0
DA:408,0
DA:409,0
DA:411,0
DA:414,0
DA:415,0
DA:416,0
DA:418,0
DA:419,0
DA:421,0
DA:422,0
DA:423,0
DA:424,0
DA:425,0
DA:428,0
DA:429,0
DA:430,0
DA:433,0
DA:437,0
DA:446,0
DA:447,0
DA:449,0
DA:450,0
DA:451,0
DA:452,0
DA:453,0
DA:454,0
DA:456,0
DA:457,0
DA:459,0
DA:460,0
DA:461,0
DA:463,0
DA:464,0
DA:465,0
DA:467,0
DA:468,0
DA:469,0
DA:471,0
DA:472,0
DA:475,0
DA:476,0
DA:477,0
DA:479,0
DA:480,0
DA:481,0
DA:482,0
DA:483,0
DA:487,0
DA:488,0
DA:489,0
DA:490,0
DA:491,0
DA:494,0
DA:497,0
DA:498,0
DA:500,0
DA:509,0
DA:510,0
DA:512,0
DA:513,0
DA:514,0
DA:515,0
DA:516,0
DA:517,0
DA:519,0
DA:520,0
DA:522,0
DA:525,0
DA:526,0
DA:527,0
DA:529,0
DA:530,0
DA:532,0
DA:533,0
DA:535,0
DA:536,0
DA:537,0
DA:541,0
DA:542,0
DA:543,0
DA:545,0
DA:546,0
DA:548,0
DA:549,0
DA:550,0
DA:551,0
DA:552,0
DA:553,0
DA:556,0
DA:557,0
DA:558,0
DA:562,0
DA:563,0
DA:564,0
DA:566,0
DA:567,0
DA:569,0
DA:570,0
DA:572,0
DA:573,0
DA:574,0
DA:578,0
DA:579,0
DA:580,0
DA:582,0
DA:583,0
DA:585,0
DA:586,0
DA:588,0
DA:589,0
DA:590,0
DA:593,0
DA:594,0
DA:596,0
DA:605,0
DA:606,0
DA:608,0
DA:609,0
DA:610,0
DA:611,0
DA:612,0
DA:613,0
DA:615,0
DA:616,0
DA:618,0
DA:621,0
DA:622,0
DA:629,0
DA:633,0
DA:634,0
DA:641,0
DA:645,0
DA:646,0
DA:647,0
DA:649,0
DA:650,0
DA:651,0
DA:653,0
DA:654,0
DA:655,0
DA:657,0
DA:658,0
DA:659,0
DA:661,0
DA:662,0
DA:663,0
DA:664,0
DA:667,0
DA:668,0
DA:670,0
DA:678,0
DA:679,0
DA:681,0
DA:682,0
DA:683,0
DA:685,0
DA:686,0
DA:688,0
DA:689,0
DA:690,0
DA:692,0
DA:693,0
DA:694,0
DA:696,0
DA:697,0
DA:698,0
DA:700,0
DA:701,0
DA:702,0
DA:703,0
DA:704,0
DA:705,0
DA:708,0
DA:709,0
DA:710,0
DA:712,0
DA:713,0
DA:714,0
DA:716,0
DA:724,0
DA:726,0
DA:727,0
DA:729,0
DA:730,0
DA:733,0
DA:734,0
DA:743,0
DA:745,0
DA:747,0
DA:748,0
DA:751,0
DA:752,0
DA:753,0
DA:754,0
DA:756,0
DA:764,0
DA:766,0
DA:768,0
DA:769,0
DA:772,0
DA:773,0
DA:774,0
DA:775,0
DA:777,0
LF:409
LH:0
BRDA:37,0,0,0
BRDA:37,0,1,0
BRDA:74,1,0,0
BRDA:74,1,1,0
BRDA:93,2,0,0
BRDA:93,2,1,0
BRDA:96,3,0,0
BRDA:96,3,1,0
BRDA:106,4,0,0
BRDA:106,4,1,0
BRDA:106,5,0,0
BRDA:106,5,1,0
BRDA:112,6,0,0
BRDA:112,6,1,0
BRDA:112,7,0,0
BRDA:112,7,1,0
BRDA:118,8,0,0
BRDA:118,8,1,0
BRDA:118,9,0,0
BRDA:118,9,1,0
BRDA:126,10,0,0
BRDA:126,10,1,0
BRDA:126,11,0,0
BRDA:126,11,1,0
BRDA:132,12,0,0
BRDA:132,12,1,0
BRDA:138,13,0,0
BRDA:138,13,1,0
BRDA:172,14,0,0
BRDA:172,14,1,0
BRDA:176,15,0,0
BRDA:176,15,1,0
BRDA:183,16,0,0
BRDA:183,16,1,0
BRDA:190,17,0,0
BRDA:190,17,1,0
BRDA:236,18,0,0
BRDA:236,18,1,0
BRDA:236,19,0,0
BRDA:236,19,1,0
BRDA:292,20,0,0
BRDA:292,20,1,0
BRDA:292,21,0,0
BRDA:292,21,1,0
BRDA:300,22,0,0
BRDA:300,22,1,0
BRDA:339,23,0,0
BRDA:339,23,1,0
BRDA:402,24,0,0
BRDA:402,24,1,0
BRDA:402,25,0,0
BRDA:402,25,1,0
BRDA:414,26,0,0
BRDA:414,26,1,0
BRDA:414,27,0,0
BRDA:414,27,1,0
BRDA:475,28,0,0
BRDA:475,28,1,0
BRDA:487,29,0,0
BRDA:487,29,1,0
BRDA:525,30,0,0
BRDA:525,30,1,0
BRDA:541,31,0,0
BRDA:541,31,1,0
BRDA:541,32,0,0
BRDA:541,32,1,0
BRDA:562,33,0,0
BRDA:562,33,1,0
BRDA:578,34,0,0
BRDA:578,34,1,0
BRDA:621,35,0,0
BRDA:621,35,1,0
BRDA:633,36,0,0
BRDA:633,36,1,0
BRDA:645,37,0,0
BRDA:645,37,1,0
BRDA:697,38,0,0
BRDA:697,38,1,0
BRDA:697,39,0,0
BRDA:697,39,1,0
BRDA:697,39,2,0
BRDA:697,39,3,0
BRDA:697,39,4,0
BRDA:697,39,5,0
BRDA:698,40,0,0
BRDA:698,40,1,0
BRDA:703,41,0,0
BRDA:703,41,1,0
BRDA:729,42,0,0
BRDA:729,42,1,0
BRDA:730,43,0,0
BRDA:730,43,1,0
BRDA:733,44,0,0
BRDA:733,44,1,0
BRDA:734,45,0,0
BRDA:734,45,1,0
BRDA:743,46,0,0
BRDA:743,46,1,0
BRDA:764,47,0,0
BRDA:764,47,1,0
BRF:100
BRH:0
end_of_record
TN:
SF:Public/GanttChart.js
FN:32,(anonymous_0)
FN:55,(anonymous_1)
FN:153,(anonymous_2)
FN:172,(anonymous_3)
FN:198,(anonymous_4)
FN:213,(anonymous_5)
FN:223,(anonymous_6)
FN:233,(anonymous_7)
FN:262,(anonymous_8)
FN:284,(anonymous_9)
FN:307,(anonymous_10)
FN:311,(anonymous_11)
FN:333,(anonymous_12)
FN:342,(anonymous_13)
FN:357,(anonymous_14)
FN:375,(anonymous_15)
FN:380,(anonymous_16)
FN:412,(anonymous_17)
FN:463,(anonymous_18)
FN:465,(anonymous_19)
FN:468,(anonymous_20)
FN:473,(anonymous_21)
FN:476,(anonymous_22)
FN:487,(anonymous_23)
FN:513,(anonymous_24)
FN:515,(anonymous_25)
FN:525,(anonymous_26)
FN:526,(anonymous_27)
FN:570,(anonymous_28)
FN:598,(anonymous_29)
FN:615,(anonymous_30)
FN:637,(anonymous_31)
FN:665,(anonymous_32)
FN:686,(anonymous_33)
FN:707,(anonymous_34)
FN:728,(anonymous_35)
FN:736,(anonymous_36)
FN:756,(anonymous_37)
FN:765,(anonymous_38)
FN:773,(anonymous_39)
FN:781,(anonymous_40)
FN:795,(anonymous_41)
FN:807,(anonymous_42)
FN:828,(anonymous_43)
FN:839,(anonymous_44)
FN:851,(anonymous_45)
FN:898,(anonymous_46)
FN:905,(anonymous_47)
FN:931,(anonymous_48)
FN:957,(anonymous_49)
FN:1018,(anonymous_50)
FN:1019,(anonymous_51)
FN:1053,(anonymous_52)
FN:1085,(anonymous_53)
FN:1108,(anonymous_54)
FN:1117,(anonymous_55)
FN:1128,(anonymous_56)
FN:1140,(anonymous_57)
FN:1167,(anonymous_58)
FN:1199,(anonymous_59)
FN:1203,(anonymous_60)
FN:1208,(anonymous_61)
FN:1220,(anonymous_62)
FN:1235,(anonymous_63)
FN:1260,(anonymous_64)
FN:1267,(anonymous_65)
FN:1274,(anonymous_66)
FN:1293,(anonymous_67)
FN:1310,(anonymous_68)
FN:1334,(anonymous_69)
FN:1341,(anonymous_70)
FN:1348,(anonymous_71)
FN:1367,(anonymous_72)
FN:1370,(anonymous_73)
FN:1377,(anonymous_74)
FN:1380,(anonymous_75)
FN:1397,(anonymous_76)
FN:1400,(anonymous_77)
FN:1410,(anonymous_78)
FN:1425,(anonymous_79)
FN:1449,(anonymous_80)
FN:1456,(anonymous_81)
FN:1463,(anonymous_82)
FNF:83
FNH:0
FNDA:0,(anonymous_0)
FNDA:0,(anonymous_1)
FNDA:0,(anonymous_2)
FNDA:0,(anonymous_3)
FNDA:0,(anonymous_4)
FNDA:0,(anonymous_5)
FNDA:0,(anonymous_6)
FNDA:0,(anonymous_7)
FNDA:0,(anonymous_8)
FNDA:0,(anonymous_9)
FNDA:0,(anonymous_10)
FNDA:0,(anonymous_11)
FNDA:0,(anonymous_12)
FNDA:0,(anonymous_13)
FNDA:0,(anonymous_14)
FNDA:0,(anonymous_15)
FNDA:0,(anonymous_16)
FNDA:0,(anonymous_17)
FNDA:0,(anonymous_18)
FNDA:0,(anonymous_19)
FNDA:0,(anonymous_20)
FNDA:0,(anonymous_21)
FNDA:0,(anonymous_22)
FNDA:0,(anonymous_23)
FNDA:0,(anonymous_24)
FNDA:0,(anonymous_25)
FNDA:0,(anonymous_26)
FNDA:0,(anonymous_27)
FNDA:0,(anonymous_28)
FNDA:0,(anonymous_29)
FNDA:0,(anonymous_30)
FNDA:0,(anonymous_31)
FNDA:0,(anonymous_32)
FNDA:0,(anonymous_33)
FNDA:0,(anonymous_34)
FNDA:0,(anonymous_35)
FNDA:0,(anonymous_36)
FNDA:0,(anonymous_37)
FNDA:0,(anonymous_38)
FNDA:0,(anonymous_39)
FNDA:0,(anonymous_40)
FNDA:0,(anonymous_41)
FNDA:0,(anonymous_42)
FNDA:0,(anonymous_43)
FNDA:0,(anonymous_44)
FNDA:0,(anonymous_45)
FNDA:0,(anonymous_46)
FNDA:0,(anonymous_47)
FNDA:0,(anonymous_48)
FNDA:0,(anonymous_49)
FNDA:0,(anonymous_50)
FNDA:0,(anonymous_51)
FNDA:0,(anonymous_52)
FNDA:0,(anonymous_53)
FNDA:0,(anonymous_54)
FNDA:0,(anonymous_55)
FNDA:0,(anonymous_56)
FNDA:0,(anonymous_57)
FNDA:0,(anonymous_58)
FNDA:0,(anonymous_59)
FNDA:0,(anonymous_60)
FNDA:0,(anonymous_61)
FNDA:0,(anonymous_62)
FNDA:0,(anonymous_63)
FNDA:0,(anonymous_64)
FNDA:0,(anonymous_65)
FNDA:0,(anonymous_66)
FNDA:0,(anonymous_67)
FNDA:0,(anonymous_68)
FNDA:0,(anonymous_69)
FNDA:0,(anonymous_70)
FNDA:0,(anonymous_71)
FNDA:0,(anonymous_72)
FNDA:0,(anonymous_73)
FNDA:0,(anonymous_74)
FNDA:0,(anonymous_75)
FNDA:0,(anonymous_76)
FNDA:0,(anonymous_77)
FNDA:0,(anonymous_78)
FNDA:0,(anonymous_79)
FNDA:0,(anonymous_80)
FNDA:0,(anonymous_81)
FNDA:0,(anonymous_82)
DA:33,0
DA:34,0
DA:35,0
DA:36,0
DA:37,0
DA:38,0
DA:39,0
DA:40,0
DA:41,0
DA:42,0
DA:43,0
DA:44,0
DA:45,0
DA:46,0
DA:47,0
DA:48,0
DA:56,0
DA:57,0
DA:58,0
DA:62,0
DA:65,0
DA:66,0
DA:70,0
DA:72,0
DA:73,0
DA:74,0
DA:75,0
DA:76,0
DA:79,0
DA:82,0
DA:88,0
DA:89,0
DA:92,0
DA:95,0
DA:96,0
DA:99,0
DA:100,0
DA:101,0
DA:102,0
DA:103,0
DA:104,0
DA:105,0
DA:108,0
DA:109,0
DA:110,0
DA:111,0
DA:112,0
DA:115,0
DA:116,0
DA:117,0
DA:118,0
DA:119,0
DA:120,0
DA:123,0
DA:124,0
DA:127,0
DA:130,0
DA:131,0
DA:132,0
DA:135,0
DA:136,0
DA:139,0
DA:142,0
DA:143,0
DA:144,0
DA:145,0
DA:154,0
DA:155,0
DA:156,0
DA:157,0
DA:158,0
DA:159,0
DA:160,0
DA:163,0
DA:164,0
DA:174,0
DA:175,0
DA:178,0
DA:179,0
DA:180,0
DA:181,0
DA:182,0
DA:183,0
DA:184,0
DA:185,0
DA:188,0
DA:189,0
DA:190,0
DA:191,0
DA:192,0
DA:193,0
DA:194,0
DA:195,0
DA:198,0
DA:199,0
DA:200,0
DA:201,0
DA:205,0
DA:206,0
DA:214,0
DA:215,0
DA:216,0
DA:224,0
DA:225,0
DA:226,0
DA:235,0
DA:236,0
DA:237,0
DA:241,0
DA:242,0
DA:246,0
DA:247,0
DA:250,0
DA:253,0
DA:254,0
DA:263,0
DA:264,0
DA:266,0
DA:268,0
DA:271,0
DA:274,0
DA:276,0
DA:285,0
DA:287,0
DA:288,0
DA:289,0
DA:291,0
DA:292,0
DA:293,0
DA:294,0
DA:295,0
DA:299,0
DA:309,0
DA:311,0
DA:312,0
DA:315,0
DA:316,0
DA:319,0
DA:320,0
DA:321,0
DA:322,0
DA:325,0
DA:326,0
DA:327,0
DA:329,0
DA:330,0
DA:331,0
DA:332,0
DA:333,0
DA:334,0
DA:335,0
DA:338,0
DA:339,0
DA:340,0
DA:341,0
DA:342,0
DA:343,0
DA:344,0
DA:347,0
DA:348,0
DA:349,0
DA:353,0
DA:354,0
DA:357,0
DA:358,0
DA:359,0
DA:360,0
DA:365,0
DA:368,0
DA:369,0
DA:375,0
DA:376,0
DA:377,0
DA:380,0
DA:381,0
DA:382,0
DA:385,0
DA:386,0
DA:390,0
DA:391,0
DA:395,0
DA:396,0
DA:400,0
DA:413,0
DA:414,0
DA:415,0
DA:416,0
DA:417,0
DA:418,0
DA:421,0
DA:422,0
DA:425,0
DA:426,0
DA:427,0
DA:428,0
DA:429,0
DA:430,0
DA:431,0
DA:432,0
DA:433,0
DA:435,0
DA:438,0
DA:439,0
DA:441,0
DA:442,0
DA:443,0
DA:444,0
DA:447,0
DA:448,0
DA:451,0
DA:454,0
DA:465,0
DA:466,0
DA:468,0
DA:469,0
DA:473,0
DA:474,0
DA:476,0
DA:477,0
DA:488,0
DA:489,0
DA:490,0
DA:491,0
DA:494,0
DA:495,0
DA:499,0
DA:500,0
DA:501,0
DA:502,0
DA:503,0
DA:505,0
DA:506,0
DA:515,0
DA:516,0
DA:519,0
DA:521,0
DA:522,0
DA:525,0
DA:526,0
DA:528,0
DA:552,0
DA:553,0
DA:554,0
DA:557,0
DA:558,0
DA:559,0
DA:561,0
DA:571,0
DA:572,0
DA:576,0
DA:578,0
DA:581,0
DA:582,0
DA:585,0
DA:586,0
DA:589,0
DA:590,0
DA:591,0
DA:592,0
DA:595,0
DA:596,0
DA:598,0
DA:599,0
DA:600,0
DA:601,0
DA:603,0
DA:604,0
DA:605,0
DA:607,0
DA:608,0
DA:610,0
DA:611,0
DA:612,0
DA:615,0
DA:616,0
DA:617,0
DA:618,0
DA:622,0
DA:623,0
DA:624,0
DA:625,0
DA:628,0
DA:629,0
DA:630,0
DA:638,0
DA:641,0
DA:642,0
DA:645,0
DA:646,0
DA:649,0
DA:652,0
DA:655,0
DA:656,0
DA:666,0
DA:668,0
DA:670,0
DA:671,0
DA:674,0
DA:675,0
DA:676,0
DA:677,0
DA:679,0
DA:687,0
DA:689,0
DA:691,0
DA:692,0
DA:695,0
DA:696,0
DA:697,0
DA:698,0
DA:700,0
DA:708,0
DA:710,0
DA:712,0
DA:713,0
DA:716,0
DA:717,0
DA:718,0
DA:719,0
DA:721,0
DA:729,0
DA:731,0
DA:732,0
DA:733,0
DA:736,0
DA:737,0
DA:738,0
DA:740,0
DA:742,0
DA:743,0
DA:744,0
DA:746,0
DA:747,0
DA:757,0
DA:758,0
DA:760,0
DA:761,0
DA:762,0
DA:765,0
DA:766,0
DA:767,0
DA:769,0
DA:774,0
DA:775,0
DA:776,0
DA:777,0
DA:779,0
DA:780,0
DA:782,0
DA:783,0
DA:784,0
DA:785,0
DA:796,0
DA:797,0
DA:800,0
DA:801,0
DA:802,0
DA:803,0
DA:804,0
DA:807,0
DA:808,0
DA:810,0
DA:811,0
DA:812,0
DA:813,0
DA:814,0
DA:816,0
DA:817,0
DA:818,0
DA:819,0
DA:829,0
DA:830,0
DA:831,0
DA:840,0
DA:841,0
DA:842,0
DA:852,0
DA:854,0
DA:855,0
DA:857,0
DA:859,0
DA:860,0
DA:862,0
DA:864,0
DA:865,0
DA:866,0
DA:868,0
DA:869,0
DA:870,0
DA:873,0
DA:874,0
DA:875,0
DA:877,0
DA:880,0
DA:881,0
DA:882,0
DA:883,0
DA:884,0
DA:886,0
DA:889,0
DA:899,0
DA:900,0
DA:901,0
DA:905,0
DA:906,0
DA:909,0
DA:910,0
DA:911,0
DA:917,0
DA:918,0
DA:921,0
DA:922,0
DA:924,0
DA:925,0
DA:931,0
DA:932,0
DA:935,0
DA:936,0
DA:937,0
DA:943,0
DA:944,0
DA:947,0
DA:948,0
DA:950,0
DA:951,0
DA:957,0
DA:958,0
DA:961,0
DA:962,0
DA:963,0
DA:969,0
DA:970,0
DA:973,0
DA:974,0
DA:977,0
DA:979,0
DA:980,0
DA:986,0
DA:993,0
DA:1000,0
DA:1007,0
DA:1011,0
DA:1019,0
DA:1020,0
DA:1021,0
DA:1024,0
DA:1025,0
DA:1026,0
DA:1030,0
DA:1032,0
DA:1035,0
DA:1036,0
DA:1037,0
DA:1039,0
DA:1041,0
DA:1044,0
DA:1054,0
DA:1061,0
DA:1062,0
DA:1064,0
DA:1065,0
DA:1067,0
DA:1068,0
DA:1072,0
DA:1073,0
DA:1074,0
DA:1076,0
DA:1077,0
DA:1087,0
DA:1088,0
DA:1090,0
DA:1091,0
DA:1093,0
DA:1094,0
DA:1098,0
DA:1099,0
DA:1100,0
DA:1102,0
DA:1103,0
DA:1107,0
DA:1108,0
DA:1109,0
DA:1118,0
DA:1119,0
DA:1120,0
DA:1129,0
DA:1130,0
DA:1131,0
DA:1142,0
DA:1154,0
DA:1157,0
DA:1159,0
DA:1168,0
DA:1170,0
DA:1171,0
DA:1172,0
DA:1176,0
DA:1177,0
DA:1178,0
DA:1182,0
DA:1183,0
DA:1187,0
DA:1190,0
DA:1192,0
DA:1200,0
DA:1201,0
DA:1203,0
DA:1204,0
DA:1205,0
DA:1208,0
DA:1209,0
DA:1210,0
DA:1221,0
DA:1224,0
DA:1225,0
DA:1226,0
DA:1229,0
DA:1230,0
DA:1231,0
DA:1232,0
DA:1233,0
DA:1235,0
DA:1236,0
DA:1237,0
DA:1240,0
DA:1243,0
DA:1246,0
DA:1248,0
DA:1250,0
DA:1256,0
DA:1260,0
DA:1261,0
DA:1262,0
DA:1263,0
DA:1267,0
DA:1268,0
DA:1269,0
DA:1271,0
DA:1274,0
DA:1275,0
DA:1276,0
DA:1277,0
DA:1279,0
DA:1280,0
DA:1281,0
DA:1282,0
DA:1283,0
DA:1286,0
DA:1294,0
DA:1296,0
DA:1299,0
DA:1300,0
DA:1301,0
DA:1304,0
DA:1305,0
DA:1306,0
DA:1307,0
DA:1308,0
DA:1310,0
DA:1311,0
DA:1312,0
DA:1315,0
DA:1318,0
DA:1321,0
DA:1323,0
DA:1325,0
DA:1330,0
DA:1334,0
DA:1335,0
DA:1336,0
DA:1337,0
DA:1341,0
DA:1342,0
DA:1343,0
DA:1345,0
DA:1348,0
DA:1349,0
DA:1350,0
DA:1351,0
DA:1353,0
DA:1354,0
DA:1355,0
DA:1356,0
DA:1357,0
DA:1360,0
DA:1369,0
DA:1370,0
DA:1371,0
DA:1372,0
DA:1377,0
DA:1380,0
DA:1381,0
DA:1382,0
DA:1386,0
DA:1398,0
DA:1400,0
DA:1411,0
DA:1414,0
DA:1415,0
DA:1416,0
DA:1419,0
DA:1420,0
DA:1421,0
DA:1422,0
DA:1423,0
DA:1425,0
DA:1426,0
DA:1427,0
DA:1430,0
DA:1433,0
DA:1436,0
DA:1438,0
DA:1440,0
DA:1445,0
DA:1449,0
DA:1450,0
DA:1451,0
DA:1452,0
DA:1456,0
DA:1457,0
DA:1458,0
DA:1460,0
DA:1463,0
DA:1464,0
DA:1465,0
DA:1466,0
DA:1468,0
DA:1469,0
DA:1470,0
DA:1471,0
DA:1472,0
DA:1475,0
LF:632
LH:0
BRDA:56,0,0,0
BRDA:56,0,1,0
BRDA:84,1,0,0
BRDA:84,1,1,0
BRDA:85,2,0,0
BRDA:85,2,1,0
BRDA:102,3,0,0
BRDA:102,3,1,0
BRDA:104,4,0,0
BRDA:104,4,1,0
BRDA:143,5,0,0
BRDA:143,5,1,0
BRDA:163,6,0,0
BRDA:163,6,1,0
BRDA:200,7,0,0
BRDA:200,7,1,0
BRDA:236,8,0,0
BRDA:236,8,1,0
BRDA:241,9,0,0
BRDA:241,9,1,0
BRDA:241,10,0,0
BRDA:241,10,1,0
BRDA:253,11,0,0
BRDA:253,11,1,0
BRDA:316,12,0,0
BRDA:316,12,1,0
BRDA:325,13,0,0
BRDA:325,13,1,0
BRDA:359,14,0,0
BRDA:359,14,1,0
BRDA:368,15,0,0
BRDA:368,15,1,0
BRDA:368,16,0,0
BRDA:368,16,1,0
BRDA:368,16,2,0
BRDA:368,16,3,0
BRDA:376,17,0,0
BRDA:376,17,1,0
BRDA:381,18,0,0
BRDA:381,18,1,0
BRDA:390,19,0,0
BRDA:390,19,1,0
BRDA:414,20,0,0
BRDA:414,20,1,0
BRDA:430,21,0,0
BRDA:430,21,1,0
BRDA:438,22,0,0
BRDA:438,22,1,0
BRDA:438,23,0,0
BRDA:438,23,1,0
BRDA:438,23,2,0
BRDA:443,24,0,0
BRDA:443,24,1,0
BRDA:447,25,0,0
BRDA:447,25,1,0
BRDA:447,26,0,0
BRDA:447,26,1,0
BRDA:491,27,0,0
BRDA:491,27,1,0
BRDA:491,28,0,0
BRDA:491,28,1,0
BRDA:494,29,0,0
BRDA:494,29,1,0
BRDA:516,30,0,0
BRDA:516,30,1,0
BRDA:516,30,2,0
BRDA:519,31,0,0
BRDA:519,31,1,0
BRDA:533,32,0,0
BRDA:533,32,1,0
BRDA:535,33,0,0
BRDA:535,33,1,0
BRDA:541,34,0,0
BRDA:541,34,1,0
BRDA:553,35,0,0
BRDA:553,35,1,0
BRDA:558,36,0,0
BRDA:558,36,1,0
BRDA:558,37,0,0
BRDA:558,37,1,0
BRDA:571,38,0,0
BRDA:571,38,1,0
BRDA:578,39,0,0
BRDA:578,39,1,0
BRDA:617,40,0,0
BRDA:617,40,1,0
BRDA:638,41,0,0
BRDA:638,41,1,0
BRDA:645,42,0,0
BRDA:645,42,1,0
BRDA:655,43,0,0
BRDA:655,43,1,0
BRDA:655,44,0,0
BRDA:655,44,1,0
BRDA:666,45,0,0
BRDA:666,45,1,0
BRDA:687,46,0,0
BRDA:687,46,1,0
BRDA:708,47,0,0
BRDA:708,47,1,0
BRDA:731,48,0,0
BRDA:731,48,1,0
BRDA:738,49,0,0
BRDA:738,49,1,0
BRDA:740,50,0,0
BRDA:740,50,1,0
BRDA:742,51,0,0
BRDA:742,51,1,0
BRDA:760,52,0,0
BRDA:760,52,1,0
BRDA:760,53,0,0
BRDA:760,53,1,0
BRDA:797,54,0,0
BRDA:797,54,1,0
BRDA:800,55,0,0
BRDA:800,55,1,0
BRDA:801,56,0,0
BRDA:801,56,1,0
BRDA:808,57,0,0
BRDA:808,57,1,0
BRDA:810,58,0,0
BRDA:810,58,1,0
BRDA:830,59,0,0
BRDA:830,59,1,0
BRDA:841,60,0,0
BRDA:841,60,1,0
BRDA:852,61,0,0
BRDA:852,61,1,0
BRDA:855,62,0,0
BRDA:855,62,1,0
BRDA:862,63,0,0
BRDA:862,63,1,0
BRDA:862,64,0,0
BRDA:862,64,1,0
BRDA:899,65,0,0
BRDA:899,65,1,0
BRDA:909,66,0,0
BRDA:909,66,1,0
BRDA:917,67,0,0
BRDA:917,67,1,0
BRDA:935,68,0,0
BRDA:935,68,1,0
BRDA:943,69,0,0
BRDA:943,69,1,0
BRDA:961,70,0,0
BRDA:961,70,1,0
BRDA:969,71,0,0
BRDA:969,71,1,0
BRDA:1021,72,0,0
BRDA:1021,72,1,0
BRDA:1024,73,0,0
BRDA:1024,73,1,0
BRDA:1030,74,0,0
BRDA:1030,74,1,0
BRDA:1030,75,0,0
BRDA:1030,75,1,0
BRDA:1039,76,0,0
BRDA:1039,76,1,0
BRDA:1039,77,0,0
BRDA:1039,77,1,0
BRDA:1061,78,0,0
BRDA:1061,78,1,0
BRDA:1064,79,0,0
BRDA:1064,79,1,0
BRDA:1067,80,0,0
BRDA:1067,80,1,0
BRDA:1073,81,0,0
BRDA:1073,81,1,0
BRDA:1076,82,0,0
BRDA:1076,82,1,0
BRDA:1087,83,0,0
BRDA:1087,83,1,0
BRDA:1090,84,0,0
BRDA:1090,84,1,0
BRDA:1093,85,0,0
BRDA:1093,85,1,0
BRDA:1099,86,0,0
BRDA:1099,86,1,0
BRDA:1102,87,0,0
BRDA:1102,87,1,0
BRDA:1118,88,0,0
BRDA:1118,88,1,0
BRDA:1129,89,0,0
BRDA:1129,89,1,0
BRDA:1170,90,0,0
BRDA:1170,90,1,0
BRDA:1176,91,0,0
BRDA:1176,91,1,0
BRDA:1182,92,0,0
BRDA:1182,92,1,0
BRDA:1246,93,0,0
BRDA:1246,93,1,0
BRDA:1246,94,0,0
BRDA:1246,94,1,0
BRDA:1275,95,0,0
BRDA:1275,95,1,0
BRDA:1279,96,0,0
BRDA:1279,96,1,0
BRDA:1294,97,0,0
BRDA:1294,97,1,0
BRDA:1321,98,0,0
BRDA:1321,98,1,0
BRDA:1321,99,0,0
BRDA:1321,99,1,0
BRDA:1349,100,0,0
BRDA:1349,100,1,0
BRDA:1353,101,0,0
BRDA:1353,101,1,0
BRDA:1371,102,0,0
BRDA:1371,102,1,0
BRDA:1371,103,0,0
BRDA:1371,103,1,0
BRDA:1381,104,0,0
BRDA:1381,104,1,0
BRDA:1436,105,0,0
BRDA:1436,105,1,0
BRDA:1436,106,0,0
BRDA:1436,106,1,0
BRDA:1464,107,0,0
BRDA:1464,107,1,0
BRDA:1468,108,0,0
BRDA:1468,108,1,0
BRF:222
BRH:0
end_of_record
TN:
SF:Public/HamburgerMenu.js
FN:19,(anonymous_0)
FN:30,(anonymous_1)
FN:90,(anonymous_2)
FN:92,(anonymous_3)
FN:99,(anonymous_4)
FN:100,(anonymous_5)
FN:105,(anonymous_6)
FN:111,(anonymous_7)
FN:118,(anonymous_8)
FN:129,(anonymous_9)
FN:141,(anonymous_10)
FN:151,(anonymous_11)
FN:161,(anonymous_12)
FN:167,(anonymous_13)
FN:182,(anonymous_14)
FNF:15
FNH:0
FNDA:0,(anonymous_0)
FNDA:0,(anonymous_1)
FNDA:0,(anonymous_2)
FNDA:0,(anonymous_3)
FNDA:0,(anonymous_4)
FNDA:0,(anonymous_5)
FNDA:0,(anonymous_6)
FNDA:0,(anonymous_7)
FNDA:0,(anonymous_8)
FNDA:0,(anonymous_9)
FNDA:0,(anonymous_10)
FNDA:0,(anonymous_11)
FNDA:0,(anonymous_12)
FNDA:0,(anonymous_13)
FNDA:0,(anonymous_14)
DA:20,0
DA:21,0
DA:22,0
DA:23,0
DA:32,0
DA:33,0
DA:36,0
DA:37,0
DA:38,0
DA:39,0
DA:48,0
DA:49,0
DA:50,0
DA:74,0
DA:75,0
DA:78,0
DA:81,0
DA:83,0
DA:92,0
DA:93,0
DA:94,0
DA:98,0
DA:99,0
DA:100,0
DA:102,0
DA:105,0
DA:106,0
DA:111,0
DA:112,0
DA:113,0
DA:118,0
DA:119,0
DA:120,0
DA:130,0
DA:131,0
DA:133,0
DA:142,0
DA:143,0
DA:144,0
DA:152,0
DA:153,0
DA:154,0
DA:162,0
DA:165,0
DA:166,0
DA:167,0
DA:168,0
DA:169,0
DA:170,0
DA:172,0
DA:183,0
LF:51
LH:0
BRDA:112,0,0,0
BRDA:112,0,1,0
BRDA:112,1,0,0
BRDA:112,1,1,0
BRDA:119,2,0,0
BRDA:119,2,1,0
BRDA:119,3,0,0
BRDA:119,3,1,0
BRDA:130,4,0,0
BRDA:130,4,1,0
BRDA:166,5,0,0
BRDA:166,5,1,0
BRDA:169,6,0,0
BRDA:169,6,1,0
BRF:14
BRH:0
end_of_record
TN:
SF:Public/PresentationSlides.js
FN:19,(anonymous_0)
FN:31,(anonymous_1)
FN:59,(anonymous_2)
FN:73,(anonymous_3)
FN:86,(anonymous_4)
FN:120,(anonymous_5)
FN:172,(anonymous_6)
FN:187,(anonymous_7)
FN:200,(anonymous_8)
FN:219,(anonymous_9)
FN:232,(anonymous_10)
FN:254,(anonymous_11)
FN:267,(anonymous_12)
FN:288,(anonymous_13)
FN:304,(anonymous_14)
FN:366,(anonymous_15)
FN:377,(anonymous_16)
FN:382,(anonymous_17)
FN:397,(anonymous_18)
FN:410,(anonymous_19)
FN:429,(anonymous_20)
FN:457,(anonymous_21)
FN:464,(anonymous_22)
FN:477,(anonymous_23)
FN:493,(anonymous_24)
FN:513,(anonymous_25)
FN:533,(anonymous_26)
FN:552,(anonymous_27)
FN:573,(anonymous_28)
FNF:29
FNH:0
FNDA:0,(anonymous_0)
FNDA:0,(anonymous_1)
FNDA:0,(anonymous_2)
FNDA:0,(anonymous_3)
FNDA:0,(anonymous_4)
FNDA:0,(anonymous_5)
FNDA:0,(anonymous_6)
FNDA:0,(anonymous_7)
FNDA:0,(anonymous_8)
FNDA:0,(anonymous_9)
FNDA:0,(anonymous_10)
FNDA:0,(anonymous_11)
FNDA:0,(anonymous_12)
FNDA:0,(anonymous_13)
FNDA:0,(anonymous_14)
FNDA:0,(anonymous_15)
FNDA:0,(anonymous_16)
FNDA:0,(anonymous_17)
FNDA:0,(anonymous_18)
FNDA:0,(anonymous_19)
FNDA:0,(anonymous_20)
FNDA:0,(anonymous_21)
FNDA:0,(anonymous_22)
FNDA:0,(anonymous_23)
FNDA:0,(anonymous_24)
FNDA:0,(anonymous_25)
FNDA:0,(anonymous_26)
FNDA:0,(anonymous_27)
FNDA:0,(anonymous_28)
DA:20,0
DA:21,0
DA:22,0
DA:23,0
DA:24,0
DA:33,0
DA:34,0
DA:35,0
DA:38,0
DA:39,0
DA:40,0
DA:44,0
DA:45,0
DA:48,0
DA:49,0
DA:51,0
DA:60,0
DA:61,0
DA:63,0
DA:64,0
DA:65,0
DA:67,0
DA:68,0
DA:69,0
DA:70,0
DA:73,0
DA:75,0
DA:76,0
DA:78,0
DA:87,0
DA:88,0
DA:89,0
DA:92,0
DA:93,0
DA:96,0
DA:97,0
DA:98,0
DA:101,0
DA:103,0
DA:106,0
DA:107,0
DA:109,0
DA:111,0
DA:121,0
DA:122,0
DA:125,0
DA:126,0
DA:128,0
DA:129,0
DA:132,0
DA:133,0
DA:134,0
DA:137,0
DA:139,0
DA:140,0
DA:142,0
DA:143,0
DA:145,0
DA:146,0
DA:148,0
DA:149,0
DA:151,0
DA:152,0
DA:154,0
DA:155,0
DA:157,0
DA:158,0
DA:160,0
DA:163,0
DA:164,0
DA:165,0
DA:173,0
DA:174,0
DA:175,0
DA:180,0
DA:188,0
DA:189,0
DA:191,0
DA:192,0
DA:193,0
DA:194,0
DA:196,0
DA:197,0
DA:199,0
DA:200,0
DA:201,0
DA:202,0
DA:203,0
DA:206,0
DA:207,0
DA:208,0
DA:211,0
DA:212,0
DA:220,0
DA:221,0
DA:223,0
DA:224,0
DA:225,0
DA:226,0
DA:228,0
DA:229,0
DA:231,0
DA:232,0
DA:233,0
DA:234,0
DA:235,0
DA:242,0
DA:246,0
DA:247,0
DA:255,0
DA:256,0
DA:258,0
DA:259,0
DA:260,0
DA:261,0
DA:263,0
DA:264,0
DA:266,0
DA:267,0
DA:268,0
DA:269,0
DA:270,0
DA:276,0
DA:280,0
DA:281,0
DA:289,0
DA:290,0
DA:292,0
DA:293,0
DA:294,0
DA:295,0
DA:298,0
DA:299,0
DA:302,0
DA:303,0
DA:304,0
DA:305,0
DA:306,0
DA:307,0
DA:309,0
DA:316,0
DA:317,0
DA:318,0
DA:319,0
DA:322,0
DA:323,0
DA:324,0
DA:325,0
DA:328,0
DA:329,0
DA:330,0
DA:331,0
DA:334,0
DA:335,0
DA:336,0
DA:337,0
DA:340,0
DA:341,0
DA:342,0
DA:343,0
DA:346,0
DA:347,0
DA:348,0
DA:350,0
DA:351,0
DA:352,0
DA:354,0
DA:355,0
DA:356,0
DA:358,0
DA:359,0
DA:367,0
DA:368,0
DA:369,0
DA:370,0
DA:378,0
DA:379,0
DA:381,0
DA:382,0
DA:383,0
DA:384,0
DA:385,0
DA:386,0
DA:390,0
DA:398,0
DA:399,0
DA:401,0
DA:402,0
DA:403,0
DA:404,0
DA:406,0
DA:407,0
DA:409,0
DA:410,0
DA:411,0
DA:412,0
DA:413,0
DA:417,0
DA:421,0
DA:422,0
DA:430,0
DA:431,0
DA:433,0
DA:434,0
DA:435,0
DA:437,0
DA:438,0
DA:441,0
DA:442,0
DA:444,0
DA:447,0
DA:448,0
DA:449,0
DA:458,0
DA:459,0
DA:461,0
DA:462,0
DA:463,0
DA:464,0
DA:465,0
DA:466,0
DA:469,0
DA:470,0
DA:471,0
DA:472,0
DA:474,0
DA:475,0
DA:476,0
DA:477,0
DA:478,0
DA:479,0
DA:482,0
DA:483,0
DA:484,0
DA:486,0
DA:494,0
DA:495,0
DA:496,0
DA:497,0
DA:499,0
DA:500,0
DA:503,0
DA:504,0
DA:514,0
DA:515,0
DA:516,0
DA:517,0
DA:519,0
DA:520,0
DA:523,0
DA:524,0
DA:534,0
DA:536,0
DA:537,0
DA:539,0
DA:540,0
DA:543,0
DA:544,0
DA:553,0
DA:555,0
DA:557,0
DA:558,0
DA:561,0
DA:562,0
DA:563,0
DA:564,0
DA:566,0
DA:574,0
DA:576,0
DA:578,0
DA:579,0
DA:582,0
DA:583,0
DA:584,0
DA:585,0
DA:587,0
LF:276
LH:0
BRDA:38,0,0,0
BRDA:38,0,1,0
BRDA:38,1,0,0
BRDA:38,1,1,0
BRDA:38,1,2,0
BRDA:70,2,0,0
BRDA:70,2,1,0
BRDA:89,3,0,0
BRDA:89,3,1,0
BRDA:137,4,0,0
BRDA:137,4,1,0
BRDA:137,4,2,0
BRDA:137,4,3,0
BRDA:137,4,4,0
BRDA:137,4,5,0
BRDA:137,4,6,0
BRDA:137,4,7,0
BRDA:176,5,0,0
BRDA:176,5,1,0
BRDA:178,6,0,0
BRDA:178,6,1,0
BRDA:193,7,0,0
BRDA:193,7,1,0
BRDA:199,8,0,0
BRDA:199,8,1,0
BRDA:225,9,0,0
BRDA:225,9,1,0
BRDA:231,10,0,0
BRDA:231,10,1,0
BRDA:231,11,0,0
BRDA:231,11,1,0
BRDA:260,12,0,0
BRDA:260,12,1,0
BRDA:266,13,0,0
BRDA:266,13,1,0
BRDA:266,14,0,0
BRDA:266,14,1,0
BRDA:274,15,0,0
BRDA:274,15,1,0
BRDA:294,16,0,0
BRDA:294,16,1,0
BRDA:303,17,0,0
BRDA:303,17,1,0
BRDA:303,18,0,0
BRDA:303,18,1,0
BRDA:306,19,0,0
BRDA:306,19,1,0
BRDA:381,20,0,0
BRDA:381,20,1,0
BRDA:381,21,0,0
BRDA:381,21,1,0
BRDA:403,22,0,0
BRDA:403,22,1,0
BRDA:409,23,0,0
BRDA:409,23,1,0
BRDA:409,24,0,0
BRDA:409,24,1,0
BRDA:435,25,0,0
BRDA:435,25,1,0
BRDA:441,26,0,0
BRDA:441,26,1,0
BRDA:444,27,0,0
BRDA:444,27,1,0
BRDA:444,27,2,0
BRDA:494,28,0,0
BRDA:494,28,1,0
BRDA:499,29,0,0
BRDA:499,29,1,0
BRDA:503,30,0,0
BRDA:503,30,1,0
BRDA:514,31,0,0
BRDA:514,31,1,0
BRDA:519,32,0,0
BRDA:519,32,1,0
BRDA:523,33,0,0
BRDA:523,33,1,0
BRDA:539,34,0,0
BRDA:539,34,1,0
BRDA:540,35,0,0
BRDA:540,35,1,0
BRDA:543,36,0,0
BRDA:543,36,1,0
BRDA:544,37,0,0
BRDA:544,37,1,0
BRDA:553,38,0,0
BRDA:553,38,1,0
BRDA:574,39,0,0
BRDA:574,39,1,0
BRF:88
BRH:0
end_of_record
TN:
SF:Public/ResizableGantt.js
FN:20,(anonymous_0)
FN:36,(anonymous_1)
FN:49,(anonymous_2)
FN:62,(anonymous_3)
FN:93,(anonymous_4)
FN:103,(anonymous_5)
FN:135,(anonymous_6)
FN:172,(anonymous_7)
FN:177,(anonymous_8)
FNF:9
FNH:0
FNDA:0,(anonymous_0)
FNDA:0,(anonymous_1)
FNDA:0,(anonymous_2)
FNDA:0,(anonymous_3)
FNDA:0,(anonymous_4)
FNDA:0,(anonymous_5)
FNDA:0,(anonymous_6)
FNDA:0,(anonymous_7)
FNDA:0,(anonymous_8)
DA:21,0
DA:22,0
DA:23,0
DA:24,0
DA:27,0
DA:28,0
DA:29,0
DA:38,0
DA:39,0
DA:40,0
DA:42,0
DA:50,0
DA:51,0
DA:52,0
DA:54,0
DA:63,0
DA:64,0
DA:65,0
DA:68,0
DA:69,0
DA:71,0
DA:73,0
DA:75,0
DA:76,0
DA:78,0
DA:82,0
DA:94,0
DA:95,0
DA:97,0
DA:98,0
DA:99,0
DA:102,0
DA:103,0
DA:105,0
DA:118,0
DA:119,0
DA:120,0
DA:122,0
DA:136,0
DA:138,0
DA:139,0
DA:140,0
DA:141,0
DA:142,0
DA:144,0
DA:145,0
DA:147,0
DA:149,0
DA:151,0
DA:153,0
DA:156,0
DA:158,0
DA:160,0
DA:164,0
DA:173,0
DA:176,0
DA:177,0
DA:179,0
DA:188,0
DA:191,0
DA:193,0
DA:194,0
DA:197,0
DA:198,0
DA:212,0
DA:213,0
DA:214,0
DA:216,0
DA:218,0
DA:219,0
DA:220,0
DA:226,0
DA:227,0
DA:228,0
DA:230,0
LF:75
LH:0
BRDA:65,0,0,0
BRDA:65,0,1,0
BRDA:73,1,0,0
BRDA:73,1,1,0
BRDA:76,2,0,0
BRDA:76,2,1,0
BRDA:136,3,0,0
BRDA:136,3,1,0
BRDA:147,4,0,0
BRDA:147,4,1,0
BRDA:173,5,0,0
BRDA:173,5,1,0
BRDA:188,6,0,0
BRDA:188,6,1,0
BRDA:191,7,0,0
BRDA:191,7,1,0
BRDA:197,8,0,0
BRDA:197,8,1,0
BRF:18
BRH:0
end_of_record
TN:
SF:Public/Router.js
FN:5,(anonymous_0)
FN:7,(anonymous_1)
FN:8,(anonymous_2)
FN:9,(anonymous_3)
FN:24,(anonymous_4)
FN:50,(anonymous_5)
FN:73,(anonymous_6)
FN:80,(anonymous_7)
FN:211,(anonymous_8)
FN:218,(anonymous_9)
FNF:10
FNH:0
FNDA:0,(anonymous_0)
FNDA:0,(anonymous_1)
FNDA:0,(anonymous_2)
FNDA:0,(anonymous_3)
FNDA:0,(anonymous_4)
FNDA:0,(anonymous_5)
FNDA:0,(anonymous_6)
FNDA:0,(anonymous_7)
FNDA:0,(anonymous_8)
FNDA:0,(anonymous_9)
DA:6,0
DA:7,0
DA:8,0
DA:9,0
DA:11,0
DA:12,0
DA:13,0
DA:14,0
DA:15,0
DA:18,0
DA:25,0
DA:33,0
DA:34,0
DA:35,0
DA:36,0
DA:39,0
DA:41,0
DA:44,0
DA:51,0
DA:52,0
DA:54,0
DA:60,0
DA:61,0
DA:62,0
DA:65,0
DA:66,0
DA:74,0
DA:81,0
DA:84,0
DA:85,0
DA:90,0
DA:91,0
DA:92,0
DA:93,0
DA:95,0
DA:106,0
DA:107,0
DA:109,0
DA:110,0
DA:114,0
DA:115,0
DA:116,0
DA:118,0
DA:121,0
DA:122,0
DA:124,0
DA:125,0
DA:127,0
DA:128,0
DA:130,0
DA:131,0
DA:133,0
DA:134,0
DA:136,0
DA:137,0
DA:138,0
DA:140,0
DA:141,0
DA:142,0
DA:144,0
DA:148,0
DA:149,0
DA:151,0
DA:152,0
DA:154,0
DA:155,0
DA:157,0
DA:158,0
DA:160,0
DA:161,0
DA:163,0
DA:164,0
DA:165,0
DA:167,0
DA:168,0
DA:169,0
DA:171,0
DA:175,0
DA:176,0
DA:178,0
DA:179,0
DA:181,0
DA:182,0
DA:184,0
DA:185,0
DA:187,0
DA:188,0
DA:190,0
DA:191,0
DA:192,0
DA:194,0
DA:195,0
DA:196,0
DA:198,0
DA:201,0
DA:205,0
DA:212,0
DA:219,0
DA:224,0
LF:99
LH:0
BRDA:52,0,0,0
BRDA:52,0,1,0
BRDA:60,1,0,0
BRDA:60,1,1,0
BRDA:84,2,0,0
BRDA:84,2,1,0
BRDA:92,3,0,0
BRDA:92,3,1,0
BRDA:93,4,0,0
BRDA:93,4,1,0
BRDA:106,5,0,0
BRDA:106,5,1,0
BRDA:109,6,0,0
BRDA:109,6,1,0
BRDA:118,7,0,0
BRDA:118,7,1,0
BRDA:118,7,2,0
BRDA:118,7,3,0
BRDA:121,8,0,0
BRDA:121,8,1,0
BRDA:124,9,0,0
BRDA:124,9,1,0
BRDA:127,10,0,0
BRDA:127,10,1,0
BRDA:130,11,0,0
BRDA:130,11,1,0
BRDA:133,12,0,0
BRDA:133,12,1,0
BRDA:136,13,0,0
BRDA:136,13,1,0
BRDA:140,14,0,0
BRDA:140,14,1,0
BRDA:148,15,0,0
BRDA:148,15,1,0
BRDA:151,16,0,0
BRDA:151,16,1,0
BRDA:154,17,0,0
BRDA:154,17,1,0
BRDA:157,18,0,0
BRDA:157,18,1,0
BRDA:160,19,0,0
BRDA:160,19,1,0
BRDA:163,20,0,0
BRDA:163,20,1,0
BRDA:167,21,0,0
BRDA:167,21,1,0
BRDA:175,22,0,0
BRDA:175,22,1,0
BRDA:178,23,0,0
BRDA:178,23,1,0
BRDA:181,24,0,0
BRDA:181,24,1,0
BRDA:184,25,0,0
BRDA:184,25,1,0
BRDA:187,26,0,0
BRDA:187,26,1,0
BRDA:190,27,0,0
BRDA:190,27,1,0
BRDA:194,28,0,0
BRDA:194,28,1,0
BRF:60
BRH:0
end_of_record
TN:
SF:Public/TaskAnalyzer.js
FN:18,(anonymous_0)
FN:32,(anonymous_1)
FN:50,(anonymous_2)
FN:81,(anonymous_3)
FN:85,(anonymous_4)
FN:93,(anonymous_5)
FN:104,(anonymous_6)
FN:145,(anonymous_7)
FN:205,(anonymous_8)
FN:208,(anonymous_9)
FN:219,(anonymous_10)
FN:251,(anonymous_11)
FN:291,(anonymous_12)
FN:307,(anonymous_13)
FN:376,(anonymous_14)
FN:396,(anonymous_15)
FN:399,(anonymous_16)
FN:409,(anonymous_17)
FN:424,(anonymous_18)
FNF:19
FNH:0
FNDA:0,(anonymous_0)
FNDA:0,(anonymous_1)
FNDA:0,(anonymous_2)
FNDA:0,(anonymous_3)
FNDA:0,(anonymous_4)
FNDA:0,(anonymous_5)
FNDA:0,(anonymous_6)
FNDA:0,(anonymous_7)
FNDA:0,(anonymous_8)
FNDA:0,(anonymous_9)
FNDA:0,(anonymous_10)
FNDA:0,(anonymous_11)
FNDA:0,(anonymous_12)
FNDA:0,(anonymous_13)
FNDA:0,(anonymous_14)
FNDA:0,(anonymous_15)
FNDA:0,(anonymous_16)
FNDA:0,(anonymous_17)
FNDA:0,(anonymous_18)
DA:19,0
DA:20,0
DA:34,0
DA:37,0
DA:40,0
DA:43,0
DA:51,0
DA:52,0
DA:53,0
DA:55,0
DA:56,0
DA:58,0
DA:71,0
DA:72,0
DA:74,0
DA:82,0
DA:85,0
DA:86,0
DA:87,0
DA:92,0
DA:93,0
DA:94,0
DA:105,0
DA:106,0
DA:112,0
DA:114,0
DA:115,0
DA:116,0
DA:117,0
DA:118,0
DA:119,0
DA:121,0
DA:122,0
DA:125,0
DA:127,0
DA:130,0
DA:131,0
DA:134,0
DA:135,0
DA:146,0
DA:147,0
DA:150,0
DA:151,0
DA:152,0
DA:153,0
DA:157,0
DA:161,0
DA:176,0
DA:187,0
DA:190,0
DA:193,0
DA:196,0
DA:197,0
DA:206,0
DA:207,0
DA:208,0
DA:209,0
DA:220,0
DA:221,0
DA:224,0
DA:225,0
DA:228,0
DA:229,0
DA:230,0
DA:231,0
DA:232,0
DA:233,0
DA:236,0
DA:237,0
DA:239,0
DA:240,0
DA:241,0
DA:242,0
DA:245,0
DA:249,0
DA:250,0
DA:251,0
DA:252,0
DA:253,0
DA:254,0
DA:259,0
DA:260,0
DA:261,0
DA:262,0
DA:264,0
DA:265,0
DA:267,0
DA:268,0
DA:270,0
DA:274,0
DA:275,0
DA:276,0
DA:277,0
DA:278,0
DA:279,0
DA:280,0
DA:281,0
DA:282,0
DA:292,0
DA:294,0
DA:295,0
DA:296,0
DA:298,0
DA:308,0
DA:309,0
DA:310,0
DA:312,0
DA:328,0
DA:329,0
DA:330,0
DA:331,0
DA:340,0
DA:341,0
DA:350,0
DA:351,0
DA:352,0
DA:353,0
DA:364,0
DA:365,0
DA:375,0
DA:376,0
DA:377,0
DA:378,0
DA:387,0
DA:389,0
DA:397,0
DA:399,0
DA:400,0
DA:401,0
DA:404,0
DA:405,0
DA:406,0
DA:409,0
DA:410,0
DA:411,0
DA:412,0
DA:413,0
DA:425,0
DA:426,0
DA:427,0
DA:428,0
DA:429,0
DA:430,0
DA:431,0
LF:144
LH:0
BRDA:82,0,0,0
BRDA:82,0,1,0
BRDA:86,1,0,0
BRDA:86,1,1,0
BRDA:112,2,0,0
BRDA:112,2,1,0
BRDA:117,3,0,0
BRDA:117,3,1,0
BRDA:117,4,0,0
BRDA:117,4,1,0
BRDA:119,5,0,0
BRDA:119,5,1,0
BRDA:122,6,0,0
BRDA:122,6,1,0
BRDA:147,7,0,0
BRDA:147,7,1,0
BRDA:151,8,0,0
BRDA:151,8,1,0
BRDA:207,9,0,0
BRDA:207,9,1,0
BRDA:225,10,0,0
BRDA:225,10,1,0
BRDA:225,11,0,0
BRDA:225,11,1,0
BRDA:228,12,0,0
BRDA:228,12,1,0
BRDA:230,13,0,0
BRDA:230,13,1,0
BRDA:232,14,0,0
BRDA:232,14,1,0
BRDA:236,15,0,0
BRDA:236,15,1,0
BRDA:239,16,0,0
BRDA:239,16,1,0
BRDA:241,17,0,0
BRDA:241,17,1,0
BRDA:249,18,0,0
BRDA:249,18,1,0
BRDA:249,19,0,0
BRDA:249,19,1,0
BRDA:259,20,0,0
BRDA:259,20,1,0
BRDA:261,21,0,0
BRDA:261,21,1,0
BRDA:264,22,0,0
BRDA:264,22,1,0
BRDA:267,23,0,0
BRDA:267,23,1,0
BRDA:292,24,0,0
BRDA:292,24,1,0
BRDA:292,25,0,0
BRDA:292,25,1,0
BRDA:295,26,0,0
BRDA:295,26,1,0
BRDA:295,27,0,0
BRDA:295,27,1,0
BRDA:296,28,0,0
BRDA:296,28,1,0
BRDA:296,29,0,0
BRDA:296,29,1,0
BRDA:323,30,0,0
BRDA:323,30,1,0
BRDA:323,31,0,0
BRDA:323,31,1,0
BRDA:328,32,0,0
BRDA:328,32,1,0
BRDA:329,33,0,0
BRDA:329,33,1,0
BRDA:330,34,0,0
BRDA:330,34,1,0
BRDA:340,35,0,0
BRDA:340,35,1,0
BRDA:340,36,0,0
BRDA:340,36,1,0
BRDA:344,37,0,0
BRDA:344,37,1,0
BRDA:350,38,0,0
BRDA:350,38,1,0
BRDA:352,39,0,0
BRDA:352,39,1,0
BRDA:352,40,0,0
BRDA:352,40,1,0
BRDA:360,41,0,0
BRDA:360,41,1,0
BRDA:364,42,0,0
BRDA:364,42,1,0
BRDA:375,43,0,0
BRDA:375,43,1,0
BRDA:375,44,0,0
BRDA:375,44,1,0
BRDA:377,45,0,0
BRDA:377,45,1,0
BRDA:401,46,0,0
BRDA:401,46,1,0
BRDA:412,47,0,0
BRDA:412,47,1,0
BRDA:413,48,0,0
BRDA:413,48,1,0
BRDA:426,49,0,0
BRDA:426,49,1,0
BRF:100
BRH:0
end_of_record
TN:
SF:Public/Utils.js
FN:20,safeGetElement
FN:34,safeQuerySelector
FN:52,isSafeUrl
FN:73,getWeek
FN:89,findTodayColumnPosition
FN:164,buildAnalysisSection
FN:182,buildAnalysisList
FN:185,(anonymous_7)
FN:222,buildTimelineScenarios
FN:276,(anonymous_9)
FN:302,buildRiskAnalysis
FN:305,(anonymous_11)
FN:339,buildImpactAnalysis
FN:372,(anonymous_13)
FN:397,buildSchedulingContext
FN:412,(anonymous_15)
FN:424,(anonymous_16)
FN:475,buildProgressIndicators
FN:507,(anonymous_18)
FN:531,(anonymous_19)
FN:559,buildAccelerators
FN:566,(anonymous_21)
FN:579,(anonymous_22)
FN:592,(anonymous_23)
FN:605,(anonymous_24)
FN:635,buildFinancialImpact
FN:750,buildLegend
FN:793,loadFooterSVG
FNF:28
FNH:0
FNDA:0,safeGetElement
FNDA:0,safeQuerySelector
FNDA:0,isSafeUrl
FNDA:0,getWeek
FNDA:0,findTodayColumnPosition
FNDA:0,buildAnalysisSection
FNDA:0,buildAnalysisList
FNDA:0,(anonymous_7)
FNDA:0,buildTimelineScenarios
FNDA:0,(anonymous_9)
FNDA:0,buildRiskAnalysis
FNDA:0,(anonymous_11)
FNDA:0,buildImpactAnalysis
FNDA:0,(anonymous_13)
FNDA:0,buildSchedulingContext
FNDA:0,(anonymous_15)
FNDA:0,(anonymous_16)
FNDA:0,buildProgressIndicators
FNDA:0,(anonymous_18)
FNDA:0,(anonymous_19)
FNDA:0,buildAccelerators
FNDA:0,(anonymous_21)
FNDA:0,(anonymous_22)
FNDA:0,(anonymous_23)
FNDA:0,(anonymous_24)
FNDA:0,buildFinancialImpact
FNDA:0,buildLegend
FNDA:0,loadFooterSVG
DA:21,0
DA:22,0
DA:23,0
DA:25,0
DA:35,0
DA:36,0
DA:37,0
DA:39,0
DA:53,0
DA:54,0
DA:56,0
DA:58,0
DA:74,0
DA:75,0
DA:76,0
DA:77,0
DA:78,0
DA:90,0
DA:92,0
DA:93,0
DA:96,0
DA:97,0
DA:98,0
DA:99,0
DA:101,0
DA:102,0
DA:103,0
DA:104,0
DA:105,0
DA:106,0
DA:110,0
DA:111,0
DA:112,0
DA:113,0
DA:114,0
DA:115,0
DA:117,0
DA:118,0
DA:119,0
DA:120,0
DA:121,0
DA:122,0
DA:123,0
DA:127,0
DA:128,0
DA:129,0
DA:130,0
DA:132,0
DA:133,0
DA:134,0
DA:135,0
DA:136,0
DA:137,0
DA:141,0
DA:142,0
DA:143,0
DA:144,0
DA:146,0
DA:147,0
DA:148,0
DA:151,0
DA:165,0
DA:167,0
DA:168,0
DA:169,0
DA:183,0
DA:185,0
DA:186,0
DA:187,0
DA:190,0
DA:191,0
DA:192,0
DA:195,0
DA:203,0
DA:204,0
DA:223,0
DA:225,0
DA:227,0
DA:230,0
DA:231,0
DA:244,0
DA:245,0
DA:247,0
DA:260,0
DA:261,0
DA:274,0
DA:275,0
DA:276,0
DA:277,0
DA:279,0
DA:287,0
DA:303,0
DA:305,0
DA:306,0
DA:307,0
DA:309,0
DA:325,0
DA:340,0
DA:342,0
DA:344,0
DA:345,0
DA:353,0
DA:354,0
DA:362,0
DA:363,0
DA:371,0
DA:372,0
DA:373,0
DA:381,0
DA:383,0
DA:398,0
DA:400,0
DA:402,0
DA:403,0
DA:411,0
DA:412,0
DA:413,0
DA:415,0
DA:423,0
DA:424,0
DA:425,0
DA:427,0
DA:435,0
DA:436,0
DA:437,0
DA:446,0
DA:447,0
DA:455,0
DA:457,0
DA:477,0
DA:479,0
DA:482,0
DA:483,0
DA:484,0
DA:485,0
DA:487,0
DA:490,0
DA:506,0
DA:507,0
DA:508,0
DA:509,0
DA:510,0
DA:521,0
DA:530,0
DA:531,0
DA:532,0
DA:535,0
DA:543,0
DA:545,0
DA:560,0
DA:562,0
DA:565,0
DA:566,0
DA:567,0
DA:569,0
DA:578,0
DA:579,0
DA:580,0
DA:582,0
DA:591,0
DA:592,0
DA:593,0
DA:595,0
DA:604,0
DA:605,0
DA:606,0
DA:608,0
DA:616,0
DA:618,0
DA:636,0
DA:638,0
DA:639,0
DA:640,0
DA:643,0
DA:648,0
DA:650,0
DA:751,0
DA:752,0
DA:754,0
DA:755,0
DA:756,0
DA:757,0
DA:759,0
DA:760,0
DA:762,0
DA:763,0
DA:764,0
DA:766,0
DA:767,0
DA:768,0
DA:770,0
DA:771,0
DA:772,0
DA:774,0
DA:775,0
DA:776,0
DA:779,0
DA:780,0
DA:794,0
DA:795,0
DA:796,0
DA:797,0
DA:798,0
DA:800,0
DA:801,0
LF:205
LH:0
BRDA:20,0,0,0
BRDA:22,1,0,0
BRDA:22,1,1,0
BRDA:23,2,0,0
BRDA:23,2,1,0
BRDA:34,3,0,0
BRDA:36,4,0,0
BRDA:36,4,1,0
BRDA:37,5,0,0
BRDA:37,5,1,0
BRDA:75,6,0,0
BRDA:75,6,1,0
BRDA:90,7,0,0
BRDA:90,7,1,0
BRDA:96,8,0,0
BRDA:96,8,1,0
BRDA:99,9,0,0
BRDA:99,9,1,0
BRDA:110,10,0,0
BRDA:110,10,1,0
BRDA:115,11,0,0
BRDA:115,11,1,0
BRDA:127,12,0,0
BRDA:127,12,1,0
BRDA:130,13,0,0
BRDA:130,13,1,0
BRDA:141,14,0,0
BRDA:141,14,1,0
BRDA:144,15,0,0
BRDA:144,15,1,0
BRDA:165,16,0,0
BRDA:165,16,1,0
BRDA:183,17,0,0
BRDA:183,17,1,0
BRDA:183,18,0,0
BRDA:183,18,1,0
BRDA:186,19,0,0
BRDA:186,19,1,0
BRDA:187,20,0,0
BRDA:187,20,1,0
BRDA:190,21,0,0
BRDA:190,21,1,0
BRDA:190,22,0,0
BRDA:190,22,1,0
BRDA:223,23,0,0
BRDA:223,23,1,0
BRDA:230,24,0,0
BRDA:230,24,1,0
BRDA:230,25,0,0
BRDA:230,25,1,0
BRDA:238,26,0,0
BRDA:238,26,1,0
BRDA:244,27,0,0
BRDA:244,27,1,0
BRDA:244,28,0,0
BRDA:244,28,1,0
BRDA:245,29,0,0
BRDA:245,29,1,0
BRDA:260,30,0,0
BRDA:260,30,1,0
BRDA:260,31,0,0
BRDA:260,31,1,0
BRDA:268,32,0,0
BRDA:268,32,1,0
BRDA:275,33,0,0
BRDA:275,33,1,0
BRDA:275,34,0,0
BRDA:275,34,1,0
BRDA:303,35,0,0
BRDA:303,35,1,0
BRDA:303,36,0,0
BRDA:303,36,1,0
BRDA:306,37,0,0
BRDA:306,37,1,0
BRDA:307,38,0,0
BRDA:307,38,1,0
BRDA:313,39,0,0
BRDA:313,39,1,0
BRDA:313,40,0,0
BRDA:313,40,1,0
BRDA:317,41,0,0
BRDA:317,41,1,0
BRDA:319,42,0,0
BRDA:319,42,1,0
BRDA:320,43,0,0
BRDA:320,43,1,0
BRDA:340,44,0,0
BRDA:340,44,1,0
BRDA:344,45,0,0
BRDA:344,45,1,0
BRDA:344,46,0,0
BRDA:344,46,1,0
BRDA:348,47,0,0
BRDA:348,47,1,0
BRDA:353,48,0,0
BRDA:353,48,1,0
BRDA:362,49,0,0
BRDA:362,49,1,0
BRDA:371,50,0,0
BRDA:371,50,1,0
BRDA:371,51,0,0
BRDA:371,51,1,0
BRDA:381,52,0,0
BRDA:381,52,1,0
BRDA:398,53,0,0
BRDA:398,53,1,0
BRDA:402,54,0,0
BRDA:402,54,1,0
BRDA:411,55,0,0
BRDA:411,55,1,0
BRDA:411,56,0,0
BRDA:411,56,1,0
BRDA:423,57,0,0
BRDA:423,57,1,0
BRDA:423,58,0,0
BRDA:423,58,1,0
BRDA:435,59,0,0
BRDA:435,59,1,0
BRDA:436,60,0,0
BRDA:436,60,1,0
BRDA:440,61,0,0
BRDA:440,61,1,0
BRDA:441,62,0,0
BRDA:441,62,1,0
BRDA:446,63,0,0
BRDA:446,63,1,0
BRDA:446,64,0,0
BRDA:446,64,1,0
BRDA:450,65,0,0
BRDA:450,65,1,0
BRDA:455,66,0,0
BRDA:455,66,1,0
BRDA:477,67,0,0
BRDA:477,67,1,0
BRDA:477,68,0,0
BRDA:477,68,1,0
BRDA:482,69,0,0
BRDA:482,69,1,0
BRDA:482,70,0,0
BRDA:482,70,1,0
BRDA:484,71,0,0
BRDA:484,71,1,0
BRDA:485,72,0,0
BRDA:485,72,1,0
BRDA:486,73,0,0
BRDA:486,73,1,0
BRDA:487,74,0,0
BRDA:487,74,1,0
BRDA:488,75,0,0
BRDA:488,75,1,0
BRDA:506,76,0,0
BRDA:506,76,1,0
BRDA:506,77,0,0
BRDA:506,77,1,0
BRDA:508,78,0,0
BRDA:508,78,1,0
BRDA:509,79,0,0
BRDA:509,79,1,0
BRDA:515,80,0,0
BRDA:515,80,1,0
BRDA:530,81,0,0
BRDA:530,81,1,0
BRDA:530,82,0,0
BRDA:530,82,1,0
BRDA:543,83,0,0
BRDA:543,83,1,0
BRDA:560,84,0,0
BRDA:560,84,1,0
BRDA:565,85,0,0
BRDA:565,85,1,0
BRDA:565,86,0,0
BRDA:565,86,1,0
BRDA:578,87,0,0
BRDA:578,87,1,0
BRDA:578,88,0,0
BRDA:578,88,1,0
BRDA:591,89,0,0
BRDA:591,89,1,0
BRDA:591,90,0,0
BRDA:591,90,1,0
BRDA:604,91,0,0
BRDA:604,91,1,0
BRDA:604,92,0,0
BRDA:604,92,1,0
BRDA:616,93,0,0
BRDA:616,93,1,0
BRDA:636,94,0,0
BRDA:636,94,1,0
BRDA:636,95,0,0
BRDA:636,95,1,0
BRDA:638,96,0,0
BRDA:638,96,1,0
BRDA:639,97,0,0
BRDA:639,97,1,0
BRDA:640,98,0,0
BRDA:640,98,1,0
BRDA:648,99,0,0
BRDA:648,99,1,0
BRDA:660,100,0,0
BRDA:660,100,1,0
BRDA:667,101,0,0
BRDA:667,101,1,0
BRDA:671,102,0,0
BRDA:671,102,1,0
BRDA:675,103,0,0
BRDA:675,103,1,0
BRDA:684,104,0,0
BRDA:684,104,1,0
BRDA:690,105,0,0
BRDA:690,105,1,0
BRDA:696,106,0,0
BRDA:696,106,1,0
BRDA:704,107,0,0
BRDA:704,107,1,0
BRDA:713,108,0,0
BRDA:713,108,1,0
BRDA:719,109,0,0
BRDA:719,109,1,0
BRDA:725,110,0,0
BRDA:725,110,1,0
BRDA:733,111,0,0
BRDA:733,111,1,0
BRF:222
BRH:0
end_of_record
TN:
SF:Public/chart-renderer.js
FN:30,(anonymous_0)
FN:60,loadChartFromServer
FN:72,(anonymous_2)
FN:156,loadChartFromSessionStorage
FN:192,renderChart
FN:214,handleTaskClick
FN:222,displayChartNotFoundMessage
FN:239,displayNoChartDataMessage
FNF:8
FNH:0
FNDA:0,(anonymous_0)
FNDA:0,loadChartFromServer
FNDA:0,(anonymous_2)
FNDA:0,loadChartFromSessionStorage
FNDA:0,renderChart
FNDA:0,handleTaskClick
FNDA:0,displayChartNotFoundMessage
FNDA:0,displayNoChartDataMessage
DA:16,0
DA:17,0
DA:18,0
DA:21,0
DA:24,0
DA:30,0
DA:32,0
DA:33,0
DA:35,0
DA:37,0
DA:40,0
DA:44,0
DA:46,0
DA:47,0
DA:48,0
DA:50,0
DA:61,0
DA:63,0
DA:64,0
DA:67,0
DA:68,0
DA:69,0
DA:70,0
DA:72,0
DA:75,0
DA:76,0
DA:78,0
DA:80,0
DA:81,0
DA:84,0
DA:87,0
DA:88,0
DA:89,0
DA:90,0
DA:98,0
DA:99,0
DA:100,0
DA:103,0
DA:104,0
DA:105,0
DA:108,0
DA:109,0
DA:110,0
DA:113,0
DA:116,0
DA:119,0
DA:122,0
DA:123,0
DA:124,0
DA:128,0
DA:129,0
DA:130,0
DA:134,0
DA:139,0
DA:140,0
DA:147,0
DA:148,0
DA:149,0
DA:157,0
DA:158,0
DA:159,0
DA:160,0
DA:163,0
DA:164,0
DA:165,0
DA:168,0
DA:169,0
DA:170,0
DA:173,0
DA:174,0
DA:175,0
DA:178,0
DA:181,0
DA:183,0
DA:184,0
DA:193,0
DA:194,0
DA:195,0
DA:196,0
DA:200,0
DA:206,0
DA:215,0
DA:223,0
DA:224,0
DA:225,0
DA:240,0
DA:241,0
DA:242,0
LF:88
LH:0
BRDA:35,0,0,0
BRDA:35,0,1,0
BRDA:44,1,0,0
BRDA:44,1,1,0
BRDA:48,2,0,0
BRDA:48,2,1,0
BRDA:69,3,0,0
BRDA:69,3,1,0
BRDA:78,4,0,0
BRDA:78,4,1,0
BRDA:80,5,0,0
BRDA:80,5,1,0
BRDA:89,6,0,0
BRDA:89,6,1,0
BRDA:94,7,0,0
BRDA:94,7,1,0
BRDA:98,8,0,0
BRDA:98,8,1,0
BRDA:98,9,0,0
BRDA:98,9,1,0
BRDA:103,10,0,0
BRDA:103,10,1,0
BRDA:103,11,0,0
BRDA:103,11,1,0
BRDA:108,12,0,0
BRDA:108,12,1,0
BRDA:108,13,0,0
BRDA:108,13,1,0
BRDA:122,14,0,0
BRDA:122,14,1,0
BRDA:128,15,0,0
BRDA:128,15,1,0
BRDA:159,16,0,0
BRDA:159,16,1,0
BRDA:163,17,0,0
BRDA:163,17,1,0
BRDA:163,18,0,0
BRDA:163,18,1,0
BRDA:168,19,0,0
BRDA:168,19,1,0
BRDA:168,20,0,0
BRDA:168,20,1,0
BRDA:173,21,0,0
BRDA:173,21,1,0
BRDA:173,22,0,0
BRDA:173,22,1,0
BRDA:194,23,0,0
BRDA:194,23,1,0
BRDA:224,24,0,0
BRDA:224,24,1,0
BRDA:241,25,0,0
BRDA:241,25,1,0
BRF:52
BRH:0
end_of_record
TN:
SF:Public/config.js
FNF:0
FNH:0
DA:7,0
DA:126,0
DA:127,0
DA:128,0
DA:129,0
DA:130,0
DA:131,0
DA:132,0
DA:133,0
DA:134,0
DA:135,0
LF:11
LH:0
BRF:0
BRH:0
end_of_record
TN:
SF:Public/main.js
FN:15,displayError
FN:25,formatFileSize
FN:34,updateFolderStats
FN:64,processFiles
FN:102,(anonymous_4)
FN:112,(anonymous_5)
FN:218,(anonymous_6)
FN:238,(anonymous_7)
FN:248,(anonymous_8)
FN:249,(anonymous_9)
FN:260,(anonymous_10)
FN:275,(anonymous_11)
FN:282,(anonymous_12)
FN:287,(anonymous_13)
FN:305,pollForJobCompletion
FN:312,(anonymous_15)
FN:385,(anonymous_16)
FN:402,(anonymous_17)
FN:421,handleChartGenerate
FN:466,(anonymous_19)
FNF:20
FNH:0
FNDA:0,displayError
FNDA:0,formatFileSize
FNDA:0,updateFolderStats
FNDA:0,processFiles
FNDA:0,(anonymous_4)
FNDA:0,(anonymous_5)
FNDA:0,(anonymous_6)
FNDA:0,(anonymous_7)
FNDA:0,(anonymous_8)
FNDA:0,(anonymous_9)
FNDA:0,(anonymous_10)
FNDA:0,(anonymous_11)
FNDA:0,(anonymous_12)
FNDA:0,(anonymous_13)
FNDA:0,pollForJobCompletion
FNDA:0,(anonymous_15)
FNDA:0,(anonymous_16)
FNDA:0,(anonymous_17)
FNDA:0,handleChartGenerate
FNDA:0,(anonymous_19)
DA:10,0
DA:11,0
DA:12,0
DA:16,0
DA:17,0
DA:18,0
DA:22,0
DA:26,0
DA:27,0
DA:28,0
DA:29,0
DA:30,0
DA:35,0
DA:36,0
DA:37,0
DA:38,0
DA:39,0
DA:42,0
DA:43,0
DA:44,0
DA:48,0
DA:49,0
DA:50,0
DA:51,0
DA:54,0
DA:55,0
DA:56,0
DA:57,0
DA:60,0
DA:65,0
DA:66,0
DA:67,0
DA:68,0
DA:71,0
DA:73,0
DA:75,0
DA:76,0
DA:77,0
DA:81,0
DA:83,0
DA:86,0
DA:87,0
DA:89,0
DA:90,0
DA:92,0
DA:93,0
DA:94,0
DA:96,0
DA:97,0
DA:98,0
DA:102,0
DA:104,0
DA:105,0
DA:106,0
DA:109,0
DA:111,0
DA:112,0
DA:114,0
DA:115,0
DA:117,0
DA:122,0
DA:123,0
DA:124,0
DA:128,0
DA:129,0
DA:130,0
DA:133,0
DA:136,0
DA:139,0
DA:140,0
DA:141,0
DA:142,0
DA:143,0
DA:144,0
DA:146,0
DA:147,0
DA:148,0
DA:149,0
DA:151,0
DA:154,0
DA:155,0
DA:156,0
DA:157,0
DA:160,0
DA:161,0
DA:162,0
DA:165,0
DA:166,0
DA:167,0
DA:169,0
DA:170,0
DA:171,0
DA:175,0
DA:178,0
DA:181,0
DA:182,0
DA:184,0
DA:185,0
DA:186,0
DA:187,0
DA:189,0
DA:190,0
DA:191,0
DA:192,0
DA:196,0
DA:197,0
DA:198,0
DA:199,0
DA:200,0
DA:203,0
DA:207,0
DA:208,0
DA:209,0
DA:211,0
DA:213,0
DA:214,0
DA:218,0
DA:219,0
DA:220,0
DA:221,0
DA:224,0
DA:225,0
DA:226,0
DA:231,0
DA:232,0
DA:235,0
DA:238,0
DA:239,0
DA:248,0
DA:249,0
DA:250,0
DA:251,0
DA:260,0
DA:261,0
DA:262,0
DA:264,0
DA:265,0
DA:266,0
DA:270,0
DA:271,0
DA:275,0
DA:276,0
DA:277,0
DA:278,0
DA:279,0
DA:282,0
DA:283,0
DA:284,0
DA:287,0
DA:289,0
DA:290,0
DA:291,0
DA:306,0
DA:307,0
DA:308,0
DA:309,0
DA:312,0
DA:314,0
DA:315,0
DA:316,0
DA:320,0
DA:321,0
DA:324,0
DA:325,0
DA:327,0
DA:328,0
DA:330,0
DA:332,0
DA:333,0
DA:334,0
DA:335,0
DA:336,0
DA:337,0
DA:339,0
DA:340,0
DA:343,0
DA:345,0
DA:348,0
DA:351,0
DA:354,0
DA:355,0
DA:359,0
DA:360,0
DA:361,0
DA:364,0
DA:365,0
DA:366,0
DA:367,0
DA:368,0
DA:369,0
DA:370,0
DA:371,0
DA:372,0
DA:373,0
DA:374,0
DA:375,0
DA:376,0
DA:378,0
DA:379,0
DA:381,0
DA:382,0
DA:384,0
DA:385,0
DA:386,0
DA:389,0
DA:390,0
DA:394,0
DA:397,0
DA:398,0
DA:401,0
DA:402,0
DA:403,0
DA:408,0
DA:410,0
DA:415,0
DA:422,0
DA:424,0
DA:425,0
DA:426,0
DA:427,0
DA:430,0
DA:431,0
DA:433,0
DA:434,0
DA:436,0
DA:438,0
DA:439,0
DA:442,0
DA:443,0
DA:444,0
DA:445,0
DA:450,0
DA:452,0
DA:453,0
DA:454,0
DA:457,0
DA:458,0
DA:459,0
DA:463,0
DA:464,0
DA:465,0
DA:466,0
DA:468,0
DA:469,0
DA:473,0
DA:474,0
DA:475,0
DA:478,0
DA:479,0
DA:480,0
DA:481,0
DA:485,0
DA:486,0
DA:487,0
DA:490,0
DA:495,0
DA:497,0
DA:498,0
DA:499,0
DA:500,0
DA:501,0
DA:502,0
DA:504,0
DA:505,0
DA:508,0
DA:510,0
DA:514,0
DA:515,0
DA:517,0
DA:518,0
DA:521,0
DA:524,0
DA:527,0
DA:528,0
DA:529,0
DA:532,0
DA:533,0
DA:534,0
DA:537,0
DA:538,0
DA:539,0
DA:542,0
DA:543,0
DA:544,0
DA:547,0
DA:548,0
DA:549,0
DA:552,0
DA:553,0
DA:554,0
DA:557,0
DA:560,0
DA:561,0
DA:562,0
DA:567,0
DA:569,0
DA:570,0
DA:573,0
DA:576,0
DA:577,0
DA:578,0
DA:583,0
DA:584,0
DA:585,0
DA:588,0
DA:589,0
DA:590,0
LF:307
LH:0
BRDA:26,0,0,0
BRDA:26,0,1,0
BRDA:57,1,0,0
BRDA:57,1,1,0
BRDA:73,2,0,0
BRDA:73,2,1,0
BRDA:81,3,0,0
BRDA:81,3,1,0
BRDA:114,4,0,0
BRDA:114,4,1,0
BRDA:114,5,0,0
BRDA:114,5,1,0
BRDA:122,6,0,0
BRDA:122,6,1,0
BRDA:128,7,0,0
BRDA:128,7,1,0
BRDA:189,8,0,0
BRDA:189,8,1,0
BRDA:196,9,0,0
BRDA:196,9,1,0
BRDA:224,10,0,0
BRDA:224,10,1,0
BRDA:224,11,0,0
BRDA:224,11,1,0
BRDA:224,11,2,0
BRDA:265,12,0,0
BRDA:265,12,1,0
BRDA:289,13,0,0
BRDA:289,13,1,0
BRDA:314,14,0,0
BRDA:314,14,1,0
BRDA:320,15,0,0
BRDA:320,15,1,0
BRDA:330,16,0,0
BRDA:330,16,1,0
BRDA:335,17,0,0
BRDA:335,17,1,0
BRDA:335,18,0,0
BRDA:335,18,1,0
BRDA:337,19,0,0
BRDA:337,19,1,0
BRDA:340,20,0,0
BRDA:340,20,1,0
BRDA:354,21,0,0
BRDA:354,21,1,0
BRDA:354,22,0,0
BRDA:354,22,1,0
BRDA:359,23,0,0
BRDA:359,23,1,0
BRDA:361,24,0,0
BRDA:361,24,1,0
BRDA:367,25,0,0
BRDA:367,25,1,0
BRDA:368,26,0,0
BRDA:368,26,1,0
BRDA:369,27,0,0
BRDA:369,27,1,0
BRDA:370,28,0,0
BRDA:370,28,1,0
BRDA:372,29,0,0
BRDA:372,29,1,0
BRDA:373,30,0,0
BRDA:373,30,1,0
BRDA:374,31,0,0
BRDA:374,31,1,0
BRDA:379,32,0,0
BRDA:379,32,1,0
BRDA:379,33,0,0
BRDA:379,33,1,0
BRDA:381,34,0,0
BRDA:381,34,1,0
BRDA:382,35,0,0
BRDA:382,35,1,0
BRDA:382,36,0,0
BRDA:382,36,1,0
BRDA:397,37,0,0
BRDA:397,37,1,0
BRDA:397,38,0,0
BRDA:397,38,1,0
BRDA:401,39,0,0
BRDA:401,39,1,0
BRDA:430,40,0,0
BRDA:430,40,1,0
BRDA:442,41,0,0
BRDA:442,41,1,0
BRDA:442,42,0,0
BRDA:442,42,1,0
BRDA:450,43,0,0
BRDA:450,43,1,0
BRDA:452,44,0,0
BRDA:452,44,1,0
BRDA:457,45,0,0
BRDA:457,45,1,0
BRDA:468,46,0,0
BRDA:468,46,1,0
BRDA:468,47,0,0
BRDA:468,47,1,0
BRDA:473,48,0,0
BRDA:473,48,1,0
BRDA:495,49,0,0
BRDA:495,49,1,0
BRDA:500,50,0,0
BRDA:500,50,1,0
BRDA:500,51,0,0
BRDA:500,51,1,0
BRDA:502,52,0,0
BRDA:502,52,1,0
BRDA:505,53,0,0
BRDA:505,53,1,0
BRDA:517,54,0,0
BRDA:517,54,1,0
BRDA:532,55,0,0
BRDA:532,55,1,0
BRDA:532,56,0,0
BRDA:532,56,1,0
BRDA:537,57,0,0
BRDA:537,57,1,0
BRDA:542,58,0,0
BRDA:542,58,1,0
BRDA:547,59,0,0
BRDA:547,59,1,0
BRDA:552,60,0,0
BRDA:552,60,1,0
BRDA:560,61,0,0
BRDA:560,61,1,0
BRDA:560,62,0,0
BRDA:560,62,1,0
BRDA:567,63,0,0
BRDA:567,63,1,0
BRF:129
BRH:0
end_of_record
TN:
SF:server/config.js
FN:13,validateEnvironment
FN:25,(anonymous_1)
FN:30,(anonymous_2)
FN:157,(anonymous_3)
FN:158,(anonymous_4)
FN:180,getGeminiApiUrl
FNF:6
FNH:4
FNDA:15,validateEnvironment
FNDA:0,(anonymous_1)
FNDA:0,(anonymous_2)
FNDA:2,(anonymous_3)
FNDA:4,(anonymous_4)
FNDA:5,getGeminiApiUrl
DA:15,15
DA:16,15
DA:18,15
DA:19,0
DA:21,15
DA:24,0
DA:25,0
DA:27,0
DA:28,0
DA:29,0
DA:30,0
DA:31,0
DA:35,0
DA:36,0
DA:39,0
DA:43,15
DA:48,15
DA:157,2
DA:158,4
DA:163,15
DA:164,15
DA:165,15
DA:166,15
DA:167,15
DA:168,15
DA:169,15
DA:170,15
DA:171,15
DA:172,15
DA:173,15
DA:174,15
DA:181,5
LF:32
LH:21
BRDA:15,0,0,15
BRDA:15,0,1,0
BRDA:18,1,0,0
BRDA:18,1,1,15
BRDA:27,2,0,0
BRDA:27,2,1,0
BRDA:35,3,0,0
BRDA:35,3,1,0
BRDA:35,4,0,0
BRDA:35,4,1,0
BRDA:51,5,0,15
BRDA:51,5,1,0
BRF:12
BRH:3
end_of_record
TN:
SF:server/gemini.js
FN:20,retryWithBackoff
FN:38,(anonymous_1)
FN:52,callGeminiForJson
FN:53,(anonymous_3)
FN:79,(anonymous_4)
FN:188,callGeminiForText
FN:189,(anonymous_6)
FN:215,(anonymous_7)
FNF:8
FNH:5
FNDA:17,retryWithBackoff
FNDA:14,(anonymous_1)
FNDA:17,callGeminiForJson
FNDA:31,(anonymous_3)
FNDA:3,(anonymous_4)
FNDA:0,callGeminiForText
FNDA:0,(anonymous_6)
FNDA:0,(anonymous_7)
DA:10,4
DA:21,17
DA:22,31
DA:23,31
DA:25,19
DA:27,19
DA:28,5
DA:32,14
DA:33,2
DA:36,14
DA:37,14
DA:38,14
DA:41,0
DA:53,17
DA:54,31
DA:60,24
DA:61,3
DA:62,3
DA:63,3
DA:65,0
DA:67,3
DA:70,21
DA:72,21
DA:73,3
DA:74,3
DA:77,18
DA:78,18
DA:79,3
DA:80,3
DA:81,3
DA:85,15
DA:89,15
DA:90,15
DA:91,1
DA:92,14
DA:93,1
DA:96,15
DA:97,15
DA:100,4
DA:101,4
DA:104,4
DA:105,4
DA:106,4
DA:107,4
DA:108,4
DA:109,4
DA:110,4
DA:114,4
DA:115,4
DA:116,4
DA:117,1
DA:118,1
DA:121,1
DA:126,1
DA:127,1
DA:129,1
DA:130,0
DA:131,0
DA:132,0
DA:133,0
DA:136,0
DA:137,0
DA:138,0
DA:141,0
DA:142,0
DA:143,0
DA:147,0
DA:148,0
DA:149,0
DA:153,0
DA:154,0
DA:155,0
DA:156,0
DA:157,0
DA:160,1
DA:161,0
DA:162,0
DA:163,0
DA:166,1
DA:169,1
DA:170,1
DA:172,3
DA:173,3
DA:174,3
DA:175,3
DA:189,0
DA:190,0
DA:196,0
DA:197,0
DA:198,0
DA:199,0
DA:201,0
DA:203,0
DA:206,0
DA:208,0
DA:209,0
DA:210,0
DA:213,0
DA:214,0
DA:215,0
DA:216,0
DA:217,0
DA:221,0
LF:103
LH:62
BRDA:20,0,0,0
BRDA:20,1,0,0
BRDA:27,2,0,5
BRDA:27,2,1,14
BRDA:32,3,0,2
BRDA:32,3,1,12
BRDA:52,4,0,15
BRDA:52,5,0,16
BRDA:60,6,0,3
BRDA:60,6,1,21
BRDA:72,7,0,3
BRDA:72,7,1,18
BRDA:72,8,0,21
BRDA:72,8,1,21
BRDA:72,8,2,18
BRDA:78,9,0,3
BRDA:78,9,1,15
BRDA:80,10,0,3
BRDA:80,10,1,0
BRDA:90,11,0,1
BRDA:90,11,1,14
BRDA:92,12,0,1
BRDA:92,12,1,13
BRDA:101,13,0,4
BRDA:101,13,1,0
BRDA:107,14,0,4
BRDA:107,14,1,0
BRDA:126,15,0,1
BRDA:126,15,1,1
BRDA:126,15,2,0
BRDA:127,16,0,1
BRDA:127,16,1,0
BRDA:129,17,0,0
BRDA:129,17,1,1
BRDA:136,18,0,0
BRDA:136,18,1,0
BRDA:136,19,0,0
BRDA:136,19,1,0
BRDA:141,20,0,0
BRDA:141,20,1,0
BRDA:141,21,0,0
BRDA:141,21,1,0
BRDA:147,22,0,0
BRDA:147,22,1,0
BRDA:155,23,0,0
BRDA:155,23,1,0
BRDA:155,24,0,0
BRDA:155,24,1,0
BRDA:155,24,2,0
BRDA:160,25,0,0
BRDA:160,25,1,1
BRDA:188,26,0,0
BRDA:196,27,0,0
BRDA:196,27,1,0
BRDA:208,28,0,0
BRDA:208,28,1,0
BRDA:208,29,0,0
BRDA:208,29,1,0
BRDA:208,29,2,0
BRDA:214,30,0,0
BRDA:214,30,1,0
BRDA:216,31,0,0
BRDA:216,31,1,0
BRF:63
BRH:27
end_of_record
TN:
SF:server/middleware.js
FN:16,configureHelmet
FN:26,configureCacheControl
FN:40,configureTimeout
FN:57,(anonymous_3)
FN:76,(anonymous_4)
FN:94,(anonymous_5)
FN:121,handleUploadErrors
FNF:7
FNH:5
FNDA:3,configureHelmet
FNDA:4,configureCacheControl
FNDA:1,configureTimeout
FNDA:0,(anonymous_3)
FNDA:0,(anonymous_4)
FNDA:9,(anonymous_5)
FNDA:6,handleUploadErrors
DA:17,3
DA:28,4
DA:29,2
DA:32,2
DA:34,4
DA:41,1
DA:42,1
DA:43,1
DA:49,3
DA:58,0
DA:59,0
DA:68,3
DA:77,0
DA:78,0
DA:87,3
DA:96,9
DA:97,9
DA:98,9
DA:101,9
DA:103,6
DA:104,3
DA:105,2
DA:107,1
DA:110,3
DA:113,3
DA:122,6
DA:124,0
DA:125,0
DA:127,0
DA:128,0
DA:130,0
DA:131,0
DA:133,0
DA:137,6
DA:138,5
DA:139,5
DA:142,1
LF:37
LH:26
BRDA:28,0,0,2
BRDA:28,0,1,2
BRDA:101,1,0,6
BRDA:101,1,1,3
BRDA:103,2,0,3
BRDA:103,2,1,3
BRDA:104,3,0,2
BRDA:104,3,1,1
BRDA:122,4,0,0
BRDA:122,4,1,6
BRDA:124,5,0,0
BRDA:124,5,1,0
BRDA:127,6,0,0
BRDA:127,6,1,0
BRDA:130,7,0,0
BRDA:130,7,1,0
BRDA:137,8,0,5
BRDA:137,8,1,1
BRDA:139,9,0,5
BRDA:139,9,1,0
BRF:20
BRH:12
end_of_record
TN:
SF:server/storage.js
FN:19,startCleanupInterval
FN:20,(anonymous_1)
FN:119,createSession
FN:134,getSession
FN:152,storeChart
FN:176,getChart
FN:186,updateChart
FN:211,createJob
FN:226,updateJob
FN:244,getJob
FN:253,completeJob
FN:266,failJob
FNF:12
FNH:10
FNDA:0,startCleanupInterval
FNDA:0,(anonymous_1)
FNDA:342,createSession
FNDA:127,getSession
FNDA:321,storeChart
FNDA:125,getChart
FNDA:8,updateChart
FNDA:327,createJob
FNDA:22,updateJob
FNDA:136,getJob
FNDA:4,completeJob
FNDA:4,failJob
DA:11,5
DA:12,5
DA:13,5
DA:20,0
DA:21,0
DA:22,0
DA:25,0
DA:26,0
DA:27,0
DA:28,0
DA:29,0
DA:32,0
DA:33,0
DA:36,0
DA:37,0
DA:38,0
DA:39,0
DA:40,0
DA:42,0
DA:47,0
DA:48,0
DA:49,0
DA:51,0
DA:52,0
DA:53,0
DA:54,0
DA:55,0
DA:56,0
DA:57,0
DA:58,0
DA:59,0
DA:65,0
DA:67,0
DA:68,0
DA:69,0
DA:70,0
DA:71,0
DA:73,0
DA:74,0
DA:75,0
DA:76,0
DA:77,0
DA:78,0
DA:79,0
DA:80,0
DA:85,0
DA:87,0
DA:88,0
DA:89,0
DA:90,0
DA:91,0
DA:92,0
DA:93,0
DA:94,0
DA:98,0
DA:99,0
DA:100,0
DA:101,0
DA:102,0
DA:106,0
DA:120,342
DA:121,342
DA:126,342
DA:135,127
DA:136,127
DA:137,7
DA:139,120
DA:153,321
DA:155,321
DA:156,321
DA:157,321
DA:158,321
DA:160,321
DA:166,321
DA:168,321
DA:177,125
DA:187,8
DA:188,8
DA:189,4
DA:190,4
DA:193,4
DA:199,4
DA:200,4
DA:212,327
DA:213,327
DA:218,327
DA:227,22
DA:228,22
DA:229,1
DA:230,1
DA:233,21
DA:245,136
DA:254,4
DA:267,4
DA:268,4
LF:95
LH:38
BRDA:37,0,0,0
BRDA:37,0,1,0
BRDA:49,1,0,0
BRDA:49,1,1,0
BRDA:51,2,0,0
BRDA:51,2,1,0
BRDA:55,3,0,0
BRDA:55,3,1,0
BRDA:70,4,0,0
BRDA:70,4,1,0
BRDA:70,4,2,0
BRDA:71,5,0,0
BRDA:71,5,1,0
BRDA:73,6,0,0
BRDA:73,6,1,0
BRDA:77,7,0,0
BRDA:77,7,1,0
BRDA:87,8,0,0
BRDA:87,8,1,0
BRDA:102,9,0,0
BRDA:102,9,1,0
BRDA:136,10,0,7
BRDA:136,10,1,120
BRDA:156,11,0,321
BRDA:156,11,1,0
BRDA:157,12,0,321
BRDA:157,12,1,317
BRDA:158,13,0,321
BRDA:158,13,1,117
BRDA:177,14,0,125
BRDA:177,14,1,5
BRDA:188,15,0,4
BRDA:188,15,1,4
BRDA:228,16,0,1
BRDA:228,16,1,21
BRDA:245,17,0,136
BRDA:245,17,1,6
BRDA:270,18,0,4
BRDA:270,18,1,1
BRDA:271,19,0,4
BRDA:271,19,1,0
BRF:41
BRH:18
end_of_record
TN:
SF:server/utils.js
FN:19,sanitizePrompt
FN:27,(anonymous_1)
FN:66,isValidChartId
FN:75,isValidJobId
FN:84,isValidFileExtension
FN:94,getFileExtension
FNF:6
FNH:6
FNDA:17,sanitizePrompt
FNDA:187,(anonymous_1)
FNDA:31,isValidChartId
FNDA:19,isValidJobId
FNDA:27,isValidFileExtension
FNDA:26,getFileExtension
DA:21,17
DA:23,17
DA:24,17
DA:27,17
DA:28,187
DA:29,187
DA:30,6
DA:31,6
DA:37,17
DA:38,17
DA:39,3
DA:40,3
DA:41,3
DA:45,17
DA:46,7
DA:47,7
DA:48,7
DA:49,7
DA:50,7
DA:56,17
DA:58,17
DA:67,31
DA:76,19
DA:85,27
DA:86,27
DA:95,26
LF:26
LH:26
BRDA:29,0,0,6
BRDA:29,0,1,181
BRDA:38,1,0,3
BRDA:38,1,1,14
BRDA:45,2,0,7
BRDA:45,2,1,10
BRF:6
BRH:6
end_of_record
TN:
SF:server/routes/analysis.js
FN:20,(anonymous_0)
FN:77,(anonymous_1)
FNF:2
FNH:0
FNDA:0,(anonymous_0)
FNDA:0,(anonymous_1)
DA:14,0
DA:20,0
DA:21,0
DA:23,0
DA:24,0
DA:27,0
DA:28,0
DA:32,0
DA:33,0
DA:34,0
DA:37,0
DA:40,0
DA:50,0
DA:64,0
DA:65,0
DA:66,0
DA:68,0
DA:69,0
DA:77,0
DA:78,0
DA:81,0
DA:82,0
DA:85,0
DA:86,0
DA:89,0
DA:90,0
DA:93,0
DA:94,0
DA:98,0
DA:99,0
DA:103,0
DA:104,0
DA:105,0
DA:108,0
DA:111,0
DA:114,0
DA:126,0
DA:127,0
DA:128,0
DA:130,0
DA:131,0
LF:41
LH:0
BRDA:23,0,0,0
BRDA:23,0,1,0
BRDA:23,1,0,0
BRDA:23,1,1,0
BRDA:27,2,0,0
BRDA:27,2,1,0
BRDA:33,3,0,0
BRDA:33,3,1,0
BRDA:81,4,0,0
BRDA:81,4,1,0
BRDA:81,5,0,0
BRDA:81,5,1,0
BRDA:81,5,2,0
BRDA:85,6,0,0
BRDA:85,6,1,0
BRDA:85,7,0,0
BRDA:85,7,1,0
BRDA:85,7,2,0
BRDA:89,8,0,0
BRDA:89,8,1,0
BRDA:89,9,0,0
BRDA:89,9,1,0
BRDA:89,9,2,0
BRDA:93,10,0,0
BRDA:93,10,1,0
BRDA:98,11,0,0
BRDA:98,11,1,0
BRDA:104,12,0,0
BRDA:104,12,1,0
BRF:29
BRH:0
end_of_record
TN:
SF:server/routes/charts.js
FN:26,processChartGeneration
FN:51,(anonymous_1)
FN:54,(anonymous_2)
FN:116,(anonymous_3)
FN:189,(anonymous_4)
FN:249,(anonymous_5)
FN:265,(anonymous_6)
FN:402,(anonymous_7)
FN:489,(anonymous_8)
FN:506,(anonymous_9)
FN:517,(anonymous_10)
FN:595,(anonymous_11)
FN:648,(anonymous_12)
FN:713,(anonymous_13)
FNF:14
FNH:0
FNDA:0,processChartGeneration
FNDA:0,(anonymous_1)
FNDA:0,(anonymous_2)
FNDA:0,(anonymous_3)
FNDA:0,(anonymous_4)
FNDA:0,(anonymous_5)
FNDA:0,(anonymous_6)
FNDA:0,(anonymous_7)
FNDA:0,(anonymous_8)
FNDA:0,(anonymous_9)
FNDA:0,(anonymous_10)
FNDA:0,(anonymous_11)
FNDA:0,(anonymous_12)
FNDA:0,(anonymous_13)
DA:17,0
DA:27,0
DA:29,0
DA:34,0
DA:37,0
DA:40,0
DA:41,0
DA:44,0
DA:50,0
DA:51,0
DA:54,0
DA:55,0
DA:57,0
DA:58,0
DA:59,0
DA:61,0
DA:64,0
DA:71,0
DA:74,0
DA:75,0
DA:76,0
DA:77,0
DA:78,0
DA:81,0
DA:85,0
DA:91,0
DA:99,0
DA:113,0
DA:118,0
DA:122,0
DA:127,0
DA:128,0
DA:131,0
DA:132,0
DA:135,0
DA:136,0
DA:137,0
DA:140,0
DA:141,0
DA:142,0
DA:145,0
DA:146,0
DA:149,0
DA:150,0
DA:153,0
DA:156,0
DA:162,0
DA:163,0
DA:164,0
DA:166,0
DA:173,0
DA:186,0
DA:190,0
DA:194,0
DA:199,0
DA:202,0
DA:203,0
DA:204,0
DA:207,0
DA:209,0
DA:211,0
DA:215,0
DA:221,0
DA:222,0
DA:223,0
DA:226,0
DA:233,0
DA:246,0
DA:250,0
DA:254,0
DA:258,0
DA:260,0
DA:261,0
DA:264,0
DA:265,0
DA:266,0
DA:270,0
DA:275,0
DA:277,0
DA:278,0
DA:279,0
DA:280,0
DA:283,0
DA:296,0
DA:298,0
DA:304,0
DA:306,0
DA:316,0
DA:318,0
DA:328,0
DA:330,0
DA:342,0
DA:344,0
DA:362,0
DA:364,0
DA:374,0
DA:376,0
DA:386,0
DA:399,0
DA:403,0
DA:407,0
DA:408,0
DA:409,0
DA:410,0
DA:412,0
DA:416,0
DA:417,0
DA:418,0
DA:420,0
DA:421,0
DA:425,0
DA:426,0
DA:427,0
DA:428,0
DA:430,0
DA:434,0
DA:440,0
DA:443,0
DA:448,0
DA:451,0
DA:458,0
DA:459,0
DA:466,0
DA:467,0
DA:472,0
DA:475,0
DA:477,0
DA:480,0
DA:481,0
DA:489,0
DA:491,0
DA:493,0
DA:496,0
DA:502,0
DA:505,0
DA:507,0
DA:517,0
DA:518,0
DA:521,0
DA:522,0
DA:523,0
DA:526,0
DA:527,0
DA:528,0
DA:529,0
DA:534,0
DA:537,0
DA:538,0
DA:541,0
DA:542,0
DA:543,0
DA:546,0
DA:547,0
DA:548,0
DA:551,0
DA:552,0
DA:553,0
DA:556,0
DA:559,0
DA:564,0
DA:574,0
DA:575,0
DA:576,0
DA:577,0
DA:583,0
DA:584,0
DA:595,0
DA:596,0
DA:597,0
DA:600,0
DA:601,0
DA:602,0
DA:605,0
DA:606,0
DA:607,0
DA:608,0
DA:609,0
DA:615,0
DA:616,0
DA:617,0
DA:620,0
DA:621,0
DA:622,0
DA:625,0
DA:626,0
DA:627,0
DA:630,0
DA:633,0
DA:639,0
DA:641,0
DA:648,0
DA:649,0
DA:660,0
DA:662,0
DA:675,0
DA:676,0
DA:677,0
DA:689,0
DA:691,0
DA:701,0
DA:702,0
DA:713,0
DA:714,0
DA:722,0
DA:724,0
DA:732,0
DA:733,0
DA:734,0
DA:739,0
DA:741,0
DA:748,0
DA:749,0
LF:212
LH:0
BRDA:46,0,0,0
BRDA:46,0,1,0
BRDA:50,1,0,0
BRDA:50,1,1,0
BRDA:50,2,0,0
BRDA:50,2,1,0
BRDA:57,3,0,0
BRDA:57,3,1,0
BRDA:127,4,0,0
BRDA:127,4,1,0
BRDA:131,5,0,0
BRDA:131,5,1,0
BRDA:131,6,0,0
BRDA:131,6,1,0
BRDA:135,7,0,0
BRDA:135,7,1,0
BRDA:135,8,0,0
BRDA:135,8,1,0
BRDA:140,9,0,0
BRDA:140,9,1,0
BRDA:140,10,0,0
BRDA:140,10,1,0
BRDA:145,11,0,0
BRDA:145,11,1,0
BRDA:149,12,0,0
BRDA:149,12,1,0
BRDA:202,13,0,0
BRDA:202,13,1,0
BRDA:202,14,0,0
BRDA:202,14,1,0
BRDA:260,15,0,0
BRDA:260,15,1,0
BRDA:260,16,0,0
BRDA:260,16,1,0
BRDA:260,16,2,0
BRDA:296,17,0,0
BRDA:296,17,1,0
BRDA:296,17,2,0
BRDA:296,17,3,0
BRDA:296,17,4,0
BRDA:296,17,5,0
BRDA:296,17,6,0
BRDA:408,18,0,0
BRDA:408,18,1,0
BRDA:416,19,0,0
BRDA:416,19,1,0
BRDA:462,20,0,0
BRDA:462,20,1,0
BRDA:466,21,0,0
BRDA:466,21,1,0
BRDA:466,22,0,0
BRDA:466,22,1,0
BRDA:493,23,0,0
BRDA:493,23,1,0
BRDA:521,24,0,0
BRDA:521,24,1,0
BRDA:527,25,0,0
BRDA:527,25,1,0
BRDA:537,26,0,0
BRDA:537,26,1,0
BRDA:538,27,0,0
BRDA:538,27,1,0
BRDA:541,28,0,0
BRDA:541,28,1,0
BRDA:541,29,0,0
BRDA:541,29,1,0
BRDA:546,30,0,0
BRDA:546,30,1,0
BRDA:546,31,0,0
BRDA:546,31,1,0
BRDA:551,32,0,0
BRDA:551,32,1,0
BRDA:551,33,0,0
BRDA:551,33,1,0
BRDA:575,34,0,0
BRDA:575,34,1,0
BRDA:600,35,0,0
BRDA:600,35,1,0
BRDA:606,36,0,0
BRDA:606,36,1,0
BRDA:615,37,0,0
BRDA:615,37,1,0
BRDA:620,38,0,0
BRDA:620,38,1,0
BRDA:620,39,0,0
BRDA:620,39,1,0
BRDA:625,40,0,0
BRDA:625,40,1,0
BRDA:625,41,0,0
BRDA:625,41,1,0
BRDA:675,42,0,0
BRDA:675,42,1,0
BRDA:675,43,0,0
BRDA:675,43,1,0
BRDA:675,43,2,0
BRDA:675,43,3,0
BRDA:732,44,0,0
BRDA:732,44,1,0
BRDA:732,45,0,0
BRDA:732,45,1,0
BRDA:732,45,2,0
BRDA:732,45,3,0
BRF:102
BRH:0
end_of_record
